#
# There is insufficient memory for the Java Runtime Environment to continue.
# Native memory allocation (malloc) failed to allocate 1369616 bytes. Error detail: Chunk::new
# Possible reasons:
#   The system is out of physical RAM or swap space
#   This process is running with CompressedOops enabled, and the Java Heap may be blocking the growth of the native heap
# Possible solutions:
#   Reduce memory load on the system
#   Increase physical memory or swap space
#   Check if swap backing store is full
#   Decrease Java heap size (-Xmx/-Xms)
#   Decrease number of Java threads
#   Decrease Java thread stack sizes (-Xss)
#   Set larger code cache with -XX:ReservedCodeCacheSize=
#   JVM is running with Unscaled Compressed Oops mode in which the Java heap is
#     placed in the first 4GB address space. The Java Heap base address is the
#     maximum limit for the native heap growth. Please use -XX:HeapBaseMinAddress
#     to set the Java Heap base and to place the Java Heap above 4GB virtual address.
# This output file may be truncated or incomplete.
#
#  Out of Memory Error (arena.cpp:168), pid=2532, tid=16536
#
# JRE version: OpenJDK Runtime Environment (21.0.3) (build 21.0.3+-12282718-b509.11)
# Java VM: OpenJDK 64-Bit Server VM (21.0.3+-12282718-b509.11, mixed mode, tiered, compressed oops, compressed class ptrs, g1 gc, windows-amd64)
# No core dump will be written. Minidumps are not enabled by default on client versions of Windows
#

---------------  S U M M A R Y ------------

Command Line: --add-opens=java.base/java.util=ALL-UNNAMED --add-opens=java.base/java.lang=ALL-UNNAMED --add-opens=java.base/java.lang.invoke=ALL-UNNAMED --add-opens=java.prefs/java.util.prefs=ALL-UNNAMED --add-exports=jdk.compiler/com.sun.tools.javac.api=ALL-UNNAMED --add-exports=jdk.compiler/com.sun.tools.javac.util=ALL-UNNAMED --add-opens=java.base/java.nio.charset=ALL-UNNAMED --add-opens=java.base/java.net=ALL-UNNAMED --add-opens=java.base/java.util.concurrent.atomic=ALL-UNNAMED -Xmx2048m -Dfile.encoding=UTF-8 -Duser.country=VN -Duser.language=vi -Duser.variant -javaagent:C:\Users\Dell\.gradle\wrapper\dists\gradle-8.9-bin\90cnw93cvbtalezasaz0blq0a\gradle-8.9\lib\agents\gradle-instrumentation-agent-8.9.jar org.gradle.launcher.daemon.bootstrap.GradleDaemon 8.9

Host: AMD Ryzen 5 3500U with Radeon Vega Mobile Gfx  , 8 cores, 5G,  Windows 10 , 64 bit Build 19041 (10.0.19041.5794)
Time: Thu May 22 09:00:02 2025 SE Asia Standard Time elapsed time: 9.208121 seconds (0d 0h 0m 9s)

---------------  T H R E A D  ---------------

Current thread (0x000001ff295128d0):  JavaThread "C2 CompilerThread0" daemon [_thread_in_native, id=16536, stack(0x00000013c0c00000,0x00000013c0d00000) (1024K)]


Current CompileTask:
C2:   9208 4636       4       java.net.URLClassLoader$1::run (5 bytes)

Stack: [0x00000013c0c00000,0x00000013c0d00000]
Native frames: (J=compiled Java code, j=interpreted, Vv=VM code, C=native code)
V  [jvm.dll+0x6cafb9]
V  [jvm.dll+0x858523]
V  [jvm.dll+0x85aa7e]
V  [jvm.dll+0x85b163]
V  [jvm.dll+0x27d356]
V  [jvm.dll+0xbf93d]
V  [jvm.dll+0xbfe73]
V  [jvm.dll+0x3b1cb1]
V  [jvm.dll+0x1dde94]
V  [jvm.dll+0x246c54]
V  [jvm.dll+0x2460d1]
V  [jvm.dll+0x1c5804]
V  [jvm.dll+0x25575c]
V  [jvm.dll+0x253c36]
V  [jvm.dll+0x3ec996]
V  [jvm.dll+0x800d78]
V  [jvm.dll+0x6c98cd]
C  [ucrtbase.dll+0x21bb2]
C  [KERNEL32.DLL+0x17374]
C  [ntdll.dll+0x4cc91]


---------------  P R O C E S S  ---------------

Threads class SMR info:
_java_thread_list=0x000001ff3110fb30, length=33, elements={
0x000001ff0f9a27f0, 0x000001ff294e72f0, 0x000001ff294e7bc0, 0x000001ff294eac90,
0x000001ff294fc7c0, 0x000001ff294fd220, 0x000001ff294fdc80, 0x000001ff295128d0,
0x000001ff29535390, 0x000001ff291d6db0, 0x000001ff2986d7a0, 0x000001ff2f761740,
0x000001ff2f7030f0, 0x000001ff2f836650, 0x000001ff2f93c060, 0x000001ff2f93a860,
0x000001ff2f8ce760, 0x000001ff2f8969f0, 0x000001ff2f8af790, 0x000001ff2f8aea70,
0x000001ff2f8add50, 0x000001ff2f8ad6c0, 0x000001ff2f8ad030, 0x000001ff2f8ae3e0,
0x000001ff2f8ac9a0, 0x000001ff2f8af100, 0x000001ff310d0fb0, 0x000001ff310ceee0,
0x000001ff310d3080, 0x000001ff310d1640, 0x000001ff310cf570, 0x000001ff310d3710,
0x000001ff31489f10
}

Java Threads: ( => current thread )
  0x000001ff0f9a27f0 JavaThread "main"                              [_thread_blocked, id=4452, stack(0x00000013bfe00000,0x00000013bff00000) (1024K)]
  0x000001ff294e72f0 JavaThread "Reference Handler"          daemon [_thread_blocked, id=18680, stack(0x00000013c0600000,0x00000013c0700000) (1024K)]
  0x000001ff294e7bc0 JavaThread "Finalizer"                  daemon [_thread_blocked, id=12528, stack(0x00000013c0700000,0x00000013c0800000) (1024K)]
  0x000001ff294eac90 JavaThread "Signal Dispatcher"          daemon [_thread_blocked, id=16888, stack(0x00000013c0800000,0x00000013c0900000) (1024K)]
  0x000001ff294fc7c0 JavaThread "Attach Listener"            daemon [_thread_blocked, id=14616, stack(0x00000013c0900000,0x00000013c0a00000) (1024K)]
  0x000001ff294fd220 JavaThread "Service Thread"             daemon [_thread_blocked, id=19248, stack(0x00000013c0a00000,0x00000013c0b00000) (1024K)]
  0x000001ff294fdc80 JavaThread "Monitor Deflation Thread"   daemon [_thread_blocked, id=15900, stack(0x00000013c0b00000,0x00000013c0c00000) (1024K)]
=>0x000001ff295128d0 JavaThread "C2 CompilerThread0"         daemon [_thread_in_native, id=16536, stack(0x00000013c0c00000,0x00000013c0d00000) (1024K)]
  0x000001ff29535390 JavaThread "C1 CompilerThread0"         daemon [_thread_blocked, id=16300, stack(0x00000013c0d00000,0x00000013c0e00000) (1024K)]
  0x000001ff291d6db0 JavaThread "Common-Cleaner"             daemon [_thread_blocked, id=14760, stack(0x00000013c0e00000,0x00000013c0f00000) (1024K)]
  0x000001ff2986d7a0 JavaThread "Notification Thread"        daemon [_thread_blocked, id=7924, stack(0x00000013c0f00000,0x00000013c1000000) (1024K)]
  0x000001ff2f761740 JavaThread "Daemon health stats"               [_thread_blocked, id=14420, stack(0x00000013c1500000,0x00000013c1600000) (1024K)]
  0x000001ff2f7030f0 JavaThread "Incoming local TCP Connector on port 49743"        [_thread_in_native, id=1800, stack(0x00000013c1600000,0x00000013c1700000) (1024K)]
  0x000001ff2f836650 JavaThread "Daemon periodic checks"            [_thread_blocked, id=11400, stack(0x00000013c1a00000,0x00000013c1b00000) (1024K)]
  0x000001ff2f93c060 JavaThread "Daemon"                            [_thread_blocked, id=6496, stack(0x00000013c1b00000,0x00000013c1c00000) (1024K)]
  0x000001ff2f93a860 JavaThread "Handler for socket connection from /127.0.0.1:49743 to /127.0.0.1:49744"        [_thread_in_native, id=9632, stack(0x00000013c1c00000,0x00000013c1d00000) (1024K)]
  0x000001ff2f8ce760 JavaThread "Cancel handler"                    [_thread_blocked, id=9444, stack(0x00000013c1d00000,0x00000013c1e00000) (1024K)]
  0x000001ff2f8969f0 JavaThread "Daemon worker"                     [_thread_in_vm, id=4224, stack(0x00000013c1e00000,0x00000013c1f00000) (1024K)]
  0x000001ff2f8af790 JavaThread "Asynchronous log dispatcher for DefaultDaemonConnection: socket connection from /127.0.0.1:49743 to /127.0.0.1:49744"        [_thread_blocked, id=16488, stack(0x00000013c1f00000,0x00000013c2000000) (1024K)]
  0x000001ff2f8aea70 JavaThread "Stdin handler"                     [_thread_blocked, id=17428, stack(0x00000013c2000000,0x00000013c2100000) (1024K)]
  0x000001ff2f8add50 JavaThread "Daemon client event forwarder"        [_thread_blocked, id=18272, stack(0x00000013c2100000,0x00000013c2200000) (1024K)]
  0x000001ff2f8ad6c0 JavaThread "Cache worker for journal cache (C:\Users\Dell\.gradle\caches\journal-1)"        [_thread_blocked, id=17184, stack(0x00000013c2300000,0x00000013c2400000) (1024K)]
  0x000001ff2f8ad030 JavaThread "File lock request listener"        [_thread_in_native, id=1148, stack(0x00000013c2400000,0x00000013c2500000) (1024K)]
  0x000001ff2f8ae3e0 JavaThread "Cache worker for file hash cache (C:\Users\Dell\.gradle\caches\8.9\fileHashes)"        [_thread_blocked, id=14396, stack(0x00000013c2500000,0x00000013c2600000) (1024K)]
  0x000001ff2f8ac9a0 JavaThread "Cache worker for file hash cache (D:\FE_quanlygiaidau\.gradle\8.9\fileHashes)"        [_thread_blocked, id=15216, stack(0x00000013c2600000,0x00000013c2700000) (1024K)]
  0x000001ff2f8af100 JavaThread "Cache worker for Build Output Cleanup Cache (D:\FE_quanlygiaidau\.gradle\buildOutputCleanup)"        [_thread_blocked, id=7988, stack(0x00000013c2700000,0x00000013c2800000) (1024K)]
  0x000001ff310d0fb0 JavaThread "File watcher server"        daemon [_thread_in_native, id=17748, stack(0x00000013c2800000,0x00000013c2900000) (1024K)]
  0x000001ff310ceee0 JavaThread "File watcher consumer"      daemon [_thread_blocked, id=18864, stack(0x00000013c2900000,0x00000013c2a00000) (1024K)]
  0x000001ff310d3080 JavaThread "Cache worker for checksums cache (D:\FE_quanlygiaidau\.gradle\8.9\checksums)"        [_thread_blocked, id=16100, stack(0x00000013c1000000,0x00000013c1100000) (1024K)]
  0x000001ff310d1640 JavaThread "Cache worker for file content cache (C:\Users\Dell\.gradle\caches\8.9\fileContent)"        [_thread_blocked, id=9892, stack(0x00000013c2a00000,0x00000013c2b00000) (1024K)]
  0x000001ff310cf570 JavaThread "Cache worker for cache directory md-rule (C:\Users\Dell\.gradle\caches\8.9\md-rule)"        [_thread_blocked, id=5296, stack(0x00000013c2b00000,0x00000013c2c00000) (1024K)]
  0x000001ff310d3710 JavaThread "Cache worker for cache directory md-supplier (C:\Users\Dell\.gradle\caches\8.9\md-supplier)"        [_thread_blocked, id=9056, stack(0x00000013c2c00000,0x00000013c2d00000) (1024K)]
  0x000001ff31489f10 JavaThread "C2 CompilerThread1"         daemon [_thread_in_native, id=9676, stack(0x00000013c2d00000,0x00000013c2e00000) (1024K)]
Total: 33

Other Threads:
  0x000001ff2926ea80 VMThread "VM Thread"                           [id=2900, stack(0x00000013c0500000,0x00000013c0600000) (1024K)]
  0x000001ff11c3e510 WatcherThread "VM Periodic Task Thread"        [id=11628, stack(0x00000013c0400000,0x00000013c0500000) (1024K)]
  0x000001ff11bc7180 WorkerThread "GC Thread#0"                     [id=6948, stack(0x00000013bff00000,0x00000013c0000000) (1024K)]
  0x000001ff2e357830 WorkerThread "GC Thread#1"                     [id=10536, stack(0x00000013c1100000,0x00000013c1200000) (1024K)]
  0x000001ff2ebce7d0 WorkerThread "GC Thread#2"                     [id=11228, stack(0x00000013c1200000,0x00000013c1300000) (1024K)]
  0x000001ff2e4fed30 WorkerThread "GC Thread#3"                     [id=18280, stack(0x00000013c1300000,0x00000013c1400000) (1024K)]
  0x000001ff2ea01190 WorkerThread "GC Thread#4"                     [id=15664, stack(0x00000013c1400000,0x00000013c1500000) (1024K)]
  0x000001ff2f9416a0 WorkerThread "GC Thread#5"                     [id=1156, stack(0x00000013c1700000,0x00000013c1800000) (1024K)]
  0x000001ff2f98ae70 WorkerThread "GC Thread#6"                     [id=7996, stack(0x00000013c1800000,0x00000013c1900000) (1024K)]
  0x000001ff2f98b210 WorkerThread "GC Thread#7"                     [id=18060, stack(0x00000013c1900000,0x00000013c1a00000) (1024K)]
  0x000001ff11bd91f0 ConcurrentGCThread "G1 Main Marker"            [id=17740, stack(0x00000013c0000000,0x00000013c0100000) (1024K)]
  0x000001ff11bda3a0 WorkerThread "G1 Conc#0"                       [id=3836, stack(0x00000013c0100000,0x00000013c0200000) (1024K)]
  0x000001ff2f96cfd0 WorkerThread "G1 Conc#1"                       [id=4832, stack(0x00000013c2200000,0x00000013c2300000) (1024K)]
  0x000001ff290b20b0 ConcurrentGCThread "G1 Refine#0"               [id=3988, stack(0x00000013c0200000,0x00000013c0300000) (1024K)]
  0x000001ff290b2b30 ConcurrentGCThread "G1 Service"                [id=10840, stack(0x00000013c0300000,0x00000013c0400000) (1024K)]
Total: 15

Threads with active compile tasks:
C2 CompilerThread0     9237 4636       4       java.net.URLClassLoader$1::run (5 bytes)
C2 CompilerThread1     9237 4637   !   4       java.net.URLClassLoader$1::run (81 bytes)
Total: 2

VM state: not at safepoint (normal execution)

VM Mutex/Monitor currently owned by a thread: None

Heap address: 0x0000000080000000, size: 2048 MB, Compressed Oops mode: 32-bit

CDS archive(s) not mapped
Compressed class space mapped at: 0x0000000100000000-0x0000000140000000, reserved size: 1073741824
Narrow klass base: 0x0000000000000000, Narrow klass shift: 3, Narrow klass range: 0x140000000

GC Precious Log:
 CardTable entry size: 512
 Card Set container configuration: InlinePtr #cards 5 size 8 Array Of Cards #cards 12 size 40 Howl #buckets 4 coarsen threshold 1843 Howl Bitmap #cards 512 size 80 coarsen threshold 460 Card regions per heap region 1 cards per card region 2048
 CPUs: 8 total, 8 available
 Memory: 6030M
 Large Page Support: Disabled
 NUMA Support: Disabled
 Compressed Oops: Enabled (32-bit)
 Heap Region Size: 1M
 Heap Min Capacity: 8M
 Heap Initial Capacity: 96M
 Heap Max Capacity: 2G
 Pre-touch: Disabled
 Parallel Workers: 8
 Concurrent Workers: 2
 Concurrent Refinement Workers: 8
 Periodic GC: Disabled

Heap:
 garbage-first heap   total 82944K, used 61479K [0x0000000080000000, 0x0000000100000000)
  region size 1024K, 31 young (31744K), 6 survivors (6144K)
 Metaspace       used 53602K, committed 55040K, reserved 1114112K
  class space    used 7291K, committed 8000K, reserved 1048576K

Heap Regions: E=young(eden), S=young(survivor), O=old, HS=humongous(starts), HC=humongous(continues), CS=collection set, F=free, TAMS=top-at-mark-start, PB=parsable bottom
|   0|0x0000000080000000, 0x0000000080100000, 0x0000000080100000|100%|HS|  |TAMS 0x0000000080000000| PB 0x0000000080000000| Complete 
|   1|0x0000000080100000, 0x0000000080200000, 0x0000000080200000|100%|HC|  |TAMS 0x0000000080100000| PB 0x0000000080100000| Complete 
|   2|0x0000000080200000, 0x0000000080300000, 0x0000000080300000|100%|HC|  |TAMS 0x0000000080200000| PB 0x0000000080200000| Complete 
|   3|0x0000000080300000, 0x0000000080400000, 0x0000000080400000|100%|HC|  |TAMS 0x0000000080300000| PB 0x0000000080300000| Complete 
|   4|0x0000000080400000, 0x0000000080500000, 0x0000000080500000|100%| O|  |TAMS 0x0000000080400000| PB 0x0000000080400000| Untracked 
|   5|0x0000000080500000, 0x0000000080600000, 0x0000000080600000|100%| O|  |TAMS 0x0000000080500000| PB 0x0000000080500000| Untracked 
|   6|0x0000000080600000, 0x0000000080700000, 0x0000000080700000|100%| O|  |TAMS 0x0000000080600000| PB 0x0000000080600000| Untracked 
|   7|0x0000000080700000, 0x0000000080800000, 0x0000000080800000|100%| O|  |TAMS 0x0000000080700000| PB 0x0000000080700000| Untracked 
|   8|0x0000000080800000, 0x0000000080900000, 0x0000000080900000|100%| O|  |TAMS 0x0000000080800000| PB 0x0000000080800000| Untracked 
|   9|0x0000000080900000, 0x0000000080a00000, 0x0000000080a00000|100%| O|  |TAMS 0x0000000080900000| PB 0x0000000080900000| Untracked 
|  10|0x0000000080a00000, 0x0000000080b00000, 0x0000000080b00000|100%| O|  |TAMS 0x0000000080a00000| PB 0x0000000080a00000| Untracked 
|  11|0x0000000080b00000, 0x0000000080c00000, 0x0000000080c00000|100%|HS|  |TAMS 0x0000000080b00000| PB 0x0000000080b00000| Complete 
|  12|0x0000000080c00000, 0x0000000080d00000, 0x0000000080d00000|100%| O|  |TAMS 0x0000000080c00000| PB 0x0000000080c00000| Untracked 
|  13|0x0000000080d00000, 0x0000000080e00000, 0x0000000080e00000|100%| O|  |TAMS 0x0000000080d00000| PB 0x0000000080d00000| Untracked 
|  14|0x0000000080e00000, 0x0000000080f00000, 0x0000000080f00000|100%| O|  |TAMS 0x0000000080e00000| PB 0x0000000080e00000| Untracked 
|  15|0x0000000080f00000, 0x0000000081000000, 0x0000000081000000|100%| O|  |TAMS 0x0000000080f00000| PB 0x0000000080f00000| Untracked 
|  16|0x0000000081000000, 0x0000000081100000, 0x0000000081100000|100%| O|  |TAMS 0x0000000081000000| PB 0x0000000081000000| Untracked 
|  17|0x0000000081100000, 0x0000000081200000, 0x0000000081200000|100%| O|  |TAMS 0x0000000081100000| PB 0x0000000081100000| Untracked 
|  18|0x0000000081200000, 0x0000000081300000, 0x0000000081300000|100%| O|  |TAMS 0x0000000081200000| PB 0x0000000081200000| Untracked 
|  19|0x0000000081300000, 0x0000000081400000, 0x0000000081400000|100%| O|  |TAMS 0x0000000081300000| PB 0x0000000081300000| Untracked 
|  20|0x0000000081400000, 0x0000000081500000, 0x0000000081500000|100%| O|  |TAMS 0x0000000081400000| PB 0x0000000081400000| Untracked 
|  21|0x0000000081500000, 0x0000000081600000, 0x0000000081600000|100%| O|  |TAMS 0x0000000081500000| PB 0x0000000081500000| Untracked 
|  22|0x0000000081600000, 0x0000000081700000, 0x0000000081700000|100%| O|  |TAMS 0x0000000081600000| PB 0x0000000081600000| Untracked 
|  23|0x0000000081700000, 0x00000000817d5950, 0x0000000081800000| 83%| O|  |TAMS 0x0000000081700000| PB 0x0000000081700000| Untracked 
|  24|0x0000000081800000, 0x0000000081900000, 0x0000000081900000|100%| O|  |TAMS 0x0000000081800000| PB 0x0000000081800000| Untracked 
|  25|0x0000000081900000, 0x0000000081a00000, 0x0000000081a00000|100%| O|  |TAMS 0x0000000081900000| PB 0x0000000081900000| Untracked 
|  26|0x0000000081a00000, 0x0000000081b00000, 0x0000000081b00000|100%| O|  |TAMS 0x0000000081a00000| PB 0x0000000081a00000| Untracked 
|  27|0x0000000081b00000, 0x0000000081c00000, 0x0000000081c00000|100%| O|  |TAMS 0x0000000081b00000| PB 0x0000000081b00000| Untracked 
|  28|0x0000000081c00000, 0x0000000081d00000, 0x0000000081d00000|100%| O|  |TAMS 0x0000000081c00000| PB 0x0000000081c00000| Untracked 
|  29|0x0000000081d00000, 0x0000000081e00000, 0x0000000081e00000|100%|HS|  |TAMS 0x0000000081d00000| PB 0x0000000081d00000| Complete 
|  30|0x0000000081e00000, 0x0000000081f00000, 0x0000000081f00000|100%|HS|  |TAMS 0x0000000081e00000| PB 0x0000000081e00000| Complete 
|  31|0x0000000081f00000, 0x0000000081f00000, 0x0000000082000000|  0%| F|  |TAMS 0x0000000081f00000| PB 0x0000000081f00000| Untracked 
|  32|0x0000000082000000, 0x0000000082000000, 0x0000000082100000|  0%| F|  |TAMS 0x0000000082000000| PB 0x0000000082000000| Untracked 
|  33|0x0000000082100000, 0x0000000082134608, 0x0000000082200000| 20%| S|CS|TAMS 0x0000000082100000| PB 0x0000000082100000| Complete 
|  34|0x0000000082200000, 0x0000000082300000, 0x0000000082300000|100%| S|CS|TAMS 0x0000000082200000| PB 0x0000000082200000| Complete 
|  35|0x0000000082300000, 0x0000000082400000, 0x0000000082400000|100%| S|CS|TAMS 0x0000000082300000| PB 0x0000000082300000| Complete 
|  36|0x0000000082400000, 0x0000000082500000, 0x0000000082500000|100%| S|CS|TAMS 0x0000000082400000| PB 0x0000000082400000| Complete 
|  37|0x0000000082500000, 0x0000000082500000, 0x0000000082600000|  0%| F|  |TAMS 0x0000000082500000| PB 0x0000000082500000| Untracked 
|  38|0x0000000082600000, 0x0000000082600000, 0x0000000082700000|  0%| F|  |TAMS 0x0000000082600000| PB 0x0000000082600000| Untracked 
|  39|0x0000000082700000, 0x0000000082700000, 0x0000000082800000|  0%| F|  |TAMS 0x0000000082700000| PB 0x0000000082700000| Untracked 
|  40|0x0000000082800000, 0x0000000082800000, 0x0000000082900000|  0%| F|  |TAMS 0x0000000082800000| PB 0x0000000082800000| Untracked 
|  41|0x0000000082900000, 0x0000000082a00000, 0x0000000082a00000|100%| S|CS|TAMS 0x0000000082900000| PB 0x0000000082900000| Complete 
|  42|0x0000000082a00000, 0x0000000082b00000, 0x0000000082b00000|100%| S|CS|TAMS 0x0000000082a00000| PB 0x0000000082a00000| Complete 
|  43|0x0000000082b00000, 0x0000000082b00000, 0x0000000082c00000|  0%| F|  |TAMS 0x0000000082b00000| PB 0x0000000082b00000| Untracked 
|  44|0x0000000082c00000, 0x0000000082c00000, 0x0000000082d00000|  0%| F|  |TAMS 0x0000000082c00000| PB 0x0000000082c00000| Untracked 
|  45|0x0000000082d00000, 0x0000000082d00000, 0x0000000082e00000|  0%| F|  |TAMS 0x0000000082d00000| PB 0x0000000082d00000| Untracked 
|  46|0x0000000082e00000, 0x0000000082e00000, 0x0000000082f00000|  0%| F|  |TAMS 0x0000000082e00000| PB 0x0000000082e00000| Untracked 
|  47|0x0000000082f00000, 0x0000000082f00000, 0x0000000083000000|  0%| F|  |TAMS 0x0000000082f00000| PB 0x0000000082f00000| Untracked 
|  48|0x0000000083000000, 0x0000000083000000, 0x0000000083100000|  0%| F|  |TAMS 0x0000000083000000| PB 0x0000000083000000| Untracked 
|  49|0x0000000083100000, 0x0000000083100000, 0x0000000083200000|  0%| F|  |TAMS 0x0000000083100000| PB 0x0000000083100000| Untracked 
|  50|0x0000000083200000, 0x0000000083200000, 0x0000000083300000|  0%| F|  |TAMS 0x0000000083200000| PB 0x0000000083200000| Untracked 
|  51|0x0000000083300000, 0x0000000083300000, 0x0000000083400000|  0%| F|  |TAMS 0x0000000083300000| PB 0x0000000083300000| Untracked 
|  52|0x0000000083400000, 0x0000000083400000, 0x0000000083500000|  0%| F|  |TAMS 0x0000000083400000| PB 0x0000000083400000| Untracked 
|  53|0x0000000083500000, 0x0000000083500000, 0x0000000083600000|  0%| F|  |TAMS 0x0000000083500000| PB 0x0000000083500000| Untracked 
|  54|0x0000000083600000, 0x0000000083600000, 0x0000000083700000|  0%| F|  |TAMS 0x0000000083600000| PB 0x0000000083600000| Untracked 
|  55|0x0000000083700000, 0x0000000083700000, 0x0000000083800000|  0%| F|  |TAMS 0x0000000083700000| PB 0x0000000083700000| Untracked 
|  56|0x0000000083800000, 0x0000000083900000, 0x0000000083900000|100%| E|  |TAMS 0x0000000083800000| PB 0x0000000083800000| Complete 
|  57|0x0000000083900000, 0x0000000083a00000, 0x0000000083a00000|100%| E|CS|TAMS 0x0000000083900000| PB 0x0000000083900000| Complete 
|  58|0x0000000083a00000, 0x0000000083b00000, 0x0000000083b00000|100%| E|CS|TAMS 0x0000000083a00000| PB 0x0000000083a00000| Complete 
|  59|0x0000000083b00000, 0x0000000083c00000, 0x0000000083c00000|100%| E|CS|TAMS 0x0000000083b00000| PB 0x0000000083b00000| Complete 
|  60|0x0000000083c00000, 0x0000000083d00000, 0x0000000083d00000|100%| E|CS|TAMS 0x0000000083c00000| PB 0x0000000083c00000| Complete 
|  61|0x0000000083d00000, 0x0000000083e00000, 0x0000000083e00000|100%| E|CS|TAMS 0x0000000083d00000| PB 0x0000000083d00000| Complete 
|  62|0x0000000083e00000, 0x0000000083f00000, 0x0000000083f00000|100%| E|CS|TAMS 0x0000000083e00000| PB 0x0000000083e00000| Complete 
|  63|0x0000000083f00000, 0x0000000084000000, 0x0000000084000000|100%| E|CS|TAMS 0x0000000083f00000| PB 0x0000000083f00000| Complete 
|  64|0x0000000084000000, 0x0000000084100000, 0x0000000084100000|100%| E|CS|TAMS 0x0000000084000000| PB 0x0000000084000000| Complete 
|  65|0x0000000084100000, 0x0000000084200000, 0x0000000084200000|100%| E|CS|TAMS 0x0000000084100000| PB 0x0000000084100000| Complete 
|  66|0x0000000084200000, 0x0000000084300000, 0x0000000084300000|100%| E|CS|TAMS 0x0000000084200000| PB 0x0000000084200000| Complete 
|  67|0x0000000084300000, 0x0000000084400000, 0x0000000084400000|100%| E|CS|TAMS 0x0000000084300000| PB 0x0000000084300000| Complete 
|  68|0x0000000084400000, 0x0000000084500000, 0x0000000084500000|100%| E|CS|TAMS 0x0000000084400000| PB 0x0000000084400000| Complete 
|  69|0x0000000084500000, 0x0000000084600000, 0x0000000084600000|100%| E|CS|TAMS 0x0000000084500000| PB 0x0000000084500000| Complete 
|  70|0x0000000084600000, 0x0000000084700000, 0x0000000084700000|100%| E|CS|TAMS 0x0000000084600000| PB 0x0000000084600000| Complete 
|  71|0x0000000084700000, 0x0000000084800000, 0x0000000084800000|100%| E|CS|TAMS 0x0000000084700000| PB 0x0000000084700000| Complete 
|  72|0x0000000084800000, 0x0000000084900000, 0x0000000084900000|100%| E|CS|TAMS 0x0000000084800000| PB 0x0000000084800000| Complete 
|  73|0x0000000084900000, 0x0000000084a00000, 0x0000000084a00000|100%| E|CS|TAMS 0x0000000084900000| PB 0x0000000084900000| Complete 
|  74|0x0000000084a00000, 0x0000000084b00000, 0x0000000084b00000|100%| E|CS|TAMS 0x0000000084a00000| PB 0x0000000084a00000| Complete 
|  75|0x0000000084b00000, 0x0000000084c00000, 0x0000000084c00000|100%| E|CS|TAMS 0x0000000084b00000| PB 0x0000000084b00000| Complete 
|  76|0x0000000084c00000, 0x0000000084d00000, 0x0000000084d00000|100%| E|CS|TAMS 0x0000000084c00000| PB 0x0000000084c00000| Complete 
|  84|0x0000000085400000, 0x0000000085500000, 0x0000000085500000|100%| E|CS|TAMS 0x0000000085400000| PB 0x0000000085400000| Complete 
|  85|0x0000000085500000, 0x0000000085600000, 0x0000000085600000|100%| E|CS|TAMS 0x0000000085500000| PB 0x0000000085500000| Complete 
|  94|0x0000000085e00000, 0x0000000085f00000, 0x0000000085f00000|100%| E|CS|TAMS 0x0000000085e00000| PB 0x0000000085e00000| Complete 
|  95|0x0000000085f00000, 0x0000000086000000, 0x0000000086000000|100%| E|CS|TAMS 0x0000000085f00000| PB 0x0000000085f00000| Complete 

Card table byte_map: [0x000001ff243f0000,0x000001ff247f0000] _byte_map_base: 0x000001ff23ff0000

Marking Bits: (CMBitMap*) 0x000001ff11bc7790
 Bits: [0x000001ff247f0000, 0x000001ff267f0000)

Polling page: 0x000001ff0fb60000

Metaspace:

Usage:
  Non-class:     45.25 MB used.
      Class:      7.12 MB used.
       Both:     52.37 MB used.

Virtual space:
  Non-class space:       64.00 MB reserved,      45.94 MB ( 72%) committed,  1 nodes.
      Class space:        1.00 GB reserved,       7.81 MB ( <1%) committed,  1 nodes.
             Both:        1.06 GB reserved,      53.75 MB (  5%) committed. 

Chunk freelists:
   Non-Class:  1.38 MB
       Class:  8.16 MB
        Both:  9.53 MB

MaxMetaspaceSize: unlimited
CompressedClassSpaceSize: 1.00 GB
Initial GC threshold: 21.00 MB
Current GC threshold: 59.31 MB
CDS: off
 - commit_granule_bytes: 65536.
 - commit_granule_words: 8192.
 - virtual_space_node_default_size: 8388608.
 - enlarge_chunks_in_place: 1.
 - use_allocation_guard: 0.


Internal statistics:

num_allocs_failed_limit: 9.
num_arena_births: 2678.
num_arena_deaths: 0.
num_vsnodes_births: 2.
num_vsnodes_deaths: 0.
num_space_committed: 860.
num_space_uncommitted: 0.
num_chunks_returned_to_freelist: 9.
num_chunks_taken_from_freelist: 4702.
num_chunk_merges: 9.
num_chunk_splits: 3085.
num_chunks_enlarged: 1932.
num_inconsistent_stats: 0.

CodeHeap 'non-profiled nmethods': size=120000Kb used=2302Kb max_used=2302Kb free=117697Kb
 bounds [0x000001ff1c790000, 0x000001ff1ca00000, 0x000001ff23cc0000]
CodeHeap 'profiled nmethods': size=120000Kb used=8342Kb max_used=8342Kb free=111658Kb
 bounds [0x000001ff14cc0000, 0x000001ff154f0000, 0x000001ff1c1f0000]
CodeHeap 'non-nmethods': size=5760Kb used=1924Kb max_used=1939Kb free=3835Kb
 bounds [0x000001ff1c1f0000, 0x000001ff1c460000, 0x000001ff1c790000]
 total_blobs=5004 nmethods=4295 adapters=612
 compilation: enabled
              stopped_count=0, restarted_count=0
 full_count=0

Compilation events (20 events):
Event: 9.107 Thread 0x000001ff29535390 4678       3       java.util.jar.JarFile$JarFileEntry::getRealName (5 bytes)
Event: 9.108 Thread 0x000001ff29535390 nmethod 4678 0x000001ff154e0d90 code [0x000001ff154e0f20, 0x000001ff154e1040]
Event: 9.124 Thread 0x000001ff29535390 4679       3       kotlin.reflect.jvm.internal.impl.name.Name::asString (13 bytes)
Event: 9.125 Thread 0x000001ff29535390 nmethod 4679 0x000001ff154e1110 code [0x000001ff154e12c0, 0x000001ff154e1440]
Event: 9.127 Thread 0x000001ff29535390 4680       3       kotlin.reflect.jvm.internal.impl.name.FqNameUnsafe::isRoot (8 bytes)
Event: 9.127 Thread 0x000001ff29535390 nmethod 4680 0x000001ff154e1510 code [0x000001ff154e16c0, 0x000001ff154e1898]
Event: 9.127 Thread 0x000001ff29535390 4681       3       kotlin.reflect.jvm.internal.impl.name.FqNameUnsafe::hashCode (8 bytes)
Event: 9.127 Thread 0x000001ff29535390 nmethod 4681 0x000001ff154e1990 code [0x000001ff154e1b40, 0x000001ff154e1c80]
Event: 9.127 Thread 0x000001ff29535390 4682       3       kotlin.reflect.jvm.internal.impl.name.FqNameUnsafe::<init> (28 bytes)
Event: 9.128 Thread 0x000001ff29535390 nmethod 4682 0x000001ff154e1d90 code [0x000001ff154e1f60, 0x000001ff154e2268]
Event: 9.131 Thread 0x000001ff29535390 4683       3       kotlin.reflect.jvm.internal.impl.name.Name::<init> (23 bytes)
Event: 9.131 Thread 0x000001ff29535390 nmethod 4683 0x000001ff154e2390 code [0x000001ff154e2540, 0x000001ff154e2788]
Event: 9.132 Thread 0x000001ff29535390 4684       3       kotlin.reflect.jvm.internal.impl.name.Name::identifier (18 bytes)
Event: 9.132 Thread 0x000001ff29535390 nmethod 4684 0x000001ff154e2890 code [0x000001ff154e2a60, 0x000001ff154e2da8]
Event: 9.132 Thread 0x000001ff29535390 4685       3       kotlin.reflect.jvm.internal.impl.name.FqName::asString (16 bytes)
Event: 9.133 Thread 0x000001ff29535390 nmethod 4685 0x000001ff154e2f10 code [0x000001ff154e30e0, 0x000001ff154e3340]
Event: 9.133 Thread 0x000001ff29535390 4686       3       kotlin.reflect.jvm.internal.impl.name.FqName::toUnsafe (13 bytes)
Event: 9.133 Thread 0x000001ff29535390 nmethod 4686 0x000001ff154e3490 code [0x000001ff154e3640, 0x000001ff154e37c0]
Event: 9.136 Thread 0x000001ff29535390 4687       3       java.util.jar.JarFile::getEntry (35 bytes)
Event: 9.137 Thread 0x000001ff29535390 nmethod 4687 0x000001ff154e3890 code [0x000001ff154e3aa0, 0x000001ff154e3f28]

GC Heap History (20 events):
Event: 0.774 GC heap before
{Heap before GC invocations=0 (full 0):
 garbage-first heap   total 98304K, used 26624K [0x0000000080000000, 0x0000000100000000)
  region size 1024K, 23 young (23552K), 0 survivors (0K)
 Metaspace       used 8140K, committed 8320K, reserved 1114112K
  class space    used 741K, committed 832K, reserved 1048576K
}
Event: 0.781 GC heap after
{Heap after GC invocations=1 (full 0):
 garbage-first heap   total 98304K, used 10729K [0x0000000080000000, 0x0000000100000000)
  region size 1024K, 3 young (3072K), 3 survivors (3072K)
 Metaspace       used 8140K, committed 8320K, reserved 1114112K
  class space    used 741K, committed 832K, reserved 1048576K
}
Event: 1.706 GC heap before
{Heap before GC invocations=1 (full 0):
 garbage-first heap   total 98304K, used 39401K [0x0000000080000000, 0x0000000100000000)
  region size 1024K, 32 young (32768K), 3 survivors (3072K)
 Metaspace       used 12030K, committed 12224K, reserved 1114112K
  class space    used 1279K, committed 1408K, reserved 1048576K
}
Event: 1.713 GC heap after
{Heap after GC invocations=2 (full 0):
 garbage-first heap   total 98304K, used 11842K [0x0000000080000000, 0x0000000100000000)
  region size 1024K, 2 young (2048K), 2 survivors (2048K)
 Metaspace       used 12030K, committed 12224K, reserved 1114112K
  class space    used 1279K, committed 1408K, reserved 1048576K
}
Event: 3.125 GC heap before
{Heap before GC invocations=2 (full 0):
 garbage-first heap   total 98304K, used 70210K [0x0000000080000000, 0x0000000100000000)
  region size 1024K, 57 young (58368K), 2 survivors (2048K)
 Metaspace       used 19112K, committed 19456K, reserved 1114112K
  class space    used 2160K, committed 2304K, reserved 1048576K
}
Event: 3.133 GC heap after
{Heap after GC invocations=3 (full 0):
 garbage-first heap   total 98304K, used 19742K [0x0000000080000000, 0x0000000100000000)
  region size 1024K, 8 young (8192K), 8 survivors (8192K)
 Metaspace       used 19112K, committed 19456K, reserved 1114112K
  class space    used 2160K, committed 2304K, reserved 1048576K
}
Event: 3.363 GC heap before
{Heap before GC invocations=3 (full 0):
 garbage-first heap   total 98304K, used 28958K [0x0000000080000000, 0x0000000100000000)
  region size 1024K, 18 young (18432K), 8 survivors (8192K)
 Metaspace       used 21179K, committed 21504K, reserved 1114112K
  class space    used 2461K, committed 2624K, reserved 1048576K
}
Event: 3.369 GC heap after
{Heap after GC invocations=4 (full 0):
 garbage-first heap   total 98304K, used 21039K [0x0000000080000000, 0x0000000100000000)
  region size 1024K, 2 young (2048K), 2 survivors (2048K)
 Metaspace       used 21179K, committed 21504K, reserved 1114112K
  class space    used 2461K, committed 2624K, reserved 1048576K
}
Event: 5.064 GC heap before
{Heap before GC invocations=5 (full 0):
 garbage-first heap   total 81920K, used 76335K [0x0000000080000000, 0x0000000100000000)
  region size 1024K, 56 young (57344K), 2 survivors (2048K)
 Metaspace       used 30131K, committed 30720K, reserved 1114112K
  class space    used 3919K, committed 4160K, reserved 1048576K
}
Event: 5.069 GC heap after
{Heap after GC invocations=6 (full 0):
 garbage-first heap   total 82944K, used 24057K [0x0000000080000000, 0x0000000100000000)
  region size 1024K, 5 young (5120K), 5 survivors (5120K)
 Metaspace       used 30131K, committed 30720K, reserved 1114112K
  class space    used 3919K, committed 4160K, reserved 1048576K
}
Event: 6.062 GC heap before
{Heap before GC invocations=6 (full 0):
 garbage-first heap   total 82944K, used 59897K [0x0000000080000000, 0x0000000100000000)
  region size 1024K, 41 young (41984K), 5 survivors (5120K)
 Metaspace       used 35169K, committed 35968K, reserved 1114112K
  class space    used 4749K, committed 5120K, reserved 1048576K
}
Event: 6.068 GC heap after
{Heap after GC invocations=7 (full 0):
 garbage-first heap   total 82944K, used 26068K [0x0000000080000000, 0x0000000100000000)
  region size 1024K, 3 young (3072K), 3 survivors (3072K)
 Metaspace       used 35169K, committed 35968K, reserved 1114112K
  class space    used 4749K, committed 5120K, reserved 1048576K
}
Event: 6.131 GC heap before
{Heap before GC invocations=7 (full 0):
 garbage-first heap   total 82944K, used 28116K [0x0000000080000000, 0x0000000100000000)
  region size 1024K, 6 young (6144K), 3 survivors (3072K)
 Metaspace       used 35475K, committed 36288K, reserved 1114112K
  class space    used 4806K, committed 5184K, reserved 1048576K
}
Event: 6.135 GC heap after
{Heap after GC invocations=8 (full 0):
 garbage-first heap   total 82944K, used 26118K [0x0000000080000000, 0x0000000100000000)
  region size 1024K, 3 young (3072K), 3 survivors (3072K)
 Metaspace       used 35475K, committed 36288K, reserved 1114112K
  class space    used 4806K, committed 5184K, reserved 1048576K
}
Event: 7.405 GC heap before
{Heap before GC invocations=9 (full 0):
 garbage-first heap   total 82944K, used 70150K [0x0000000080000000, 0x0000000100000000)
  region size 1024K, 46 young (47104K), 3 survivors (3072K)
 Metaspace       used 43345K, committed 44480K, reserved 1114112K
  class space    used 5867K, committed 6464K, reserved 1048576K
}
Event: 7.412 GC heap after
{Heap after GC invocations=10 (full 0):
 garbage-first heap   total 82944K, used 29599K [0x0000000080000000, 0x0000000100000000)
  region size 1024K, 6 young (6144K), 6 survivors (6144K)
 Metaspace       used 43345K, committed 44480K, reserved 1114112K
  class space    used 5867K, committed 6464K, reserved 1048576K
}
Event: 7.980 GC heap before
{Heap before GC invocations=10 (full 0):
 garbage-first heap   total 82944K, used 69535K [0x0000000080000000, 0x0000000100000000)
  region size 1024K, 46 young (47104K), 6 survivors (6144K)
 Metaspace       used 46384K, committed 47616K, reserved 1114112K
  class space    used 6252K, committed 6848K, reserved 1048576K
}
Event: 7.986 GC heap after
{Heap after GC invocations=11 (full 0):
 garbage-first heap   total 82944K, used 33070K [0x0000000080000000, 0x0000000100000000)
  region size 1024K, 4 young (4096K), 4 survivors (4096K)
 Metaspace       used 46384K, committed 47616K, reserved 1114112K
  class space    used 6252K, committed 6848K, reserved 1048576K
}
Event: 8.673 GC heap before
{Heap before GC invocations=11 (full 0):
 garbage-first heap   total 82944K, used 71982K [0x0000000080000000, 0x0000000100000000)
  region size 1024K, 42 young (43008K), 4 survivors (4096K)
 Metaspace       used 49654K, committed 51008K, reserved 1114112K
  class space    used 6797K, committed 7488K, reserved 1048576K
}
Event: 8.678 GC heap after
{Heap after GC invocations=12 (full 0):
 garbage-first heap   total 82944K, used 34855K [0x0000000080000000, 0x0000000100000000)
  region size 1024K, 6 young (6144K), 6 survivors (6144K)
 Metaspace       used 49654K, committed 51008K, reserved 1114112K
  class space    used 6797K, committed 7488K, reserved 1048576K
}

Dll operation events (3 events):
Event: 0.010 Loaded shared library C:\Program Files\Android\Android Studio\jbr\bin\java.dll
Event: 0.016 Loaded shared library C:\Program Files\Android\Android Studio\jbr\bin\zip.dll
Event: 0.754 Loaded shared library C:\Program Files\Android\Android Studio\jbr\bin\verify.dll

Deoptimization events (20 events):
Event: 8.731 Thread 0x000001ff2f8969f0 Uncommon trap: trap_request=0xffffffde fr.pc=0x000001ff1c79d1b0 relative=0x0000000000000830
Event: 8.731 Thread 0x000001ff2f8969f0 Uncommon trap: reason=class_check action=maybe_recompile pc=0x000001ff1c79d1b0 method=jdk.internal.loader.URLClassPath.getLoader(I)Ljdk/internal/loader/URLClassPath$Loader; @ 190 c2
Event: 8.731 Thread 0x000001ff2f8969f0 DEOPT PACKING pc=0x000001ff1c79d1b0 sp=0x00000013c1ef9070
Event: 8.731 Thread 0x000001ff2f8969f0 DEOPT UNPACKING pc=0x000001ff1c2446a2 sp=0x00000013c1ef9030 mode 2
Event: 8.731 Thread 0x000001ff2f8969f0 Uncommon trap: trap_request=0xffffffde fr.pc=0x000001ff1c9968b4 relative=0x0000000000000214
Event: 8.731 Thread 0x000001ff2f8969f0 Uncommon trap: reason=class_check action=maybe_recompile pc=0x000001ff1c9968b4 method=jdk.internal.loader.URLClassPath.getResource(Ljava/lang/String;Z)Ljdk/internal/loader/Resource; @ 53 c2
Event: 8.731 Thread 0x000001ff2f8969f0 DEOPT PACKING pc=0x000001ff1c9968b4 sp=0x00000013c1ef9100
Event: 8.731 Thread 0x000001ff2f8969f0 DEOPT UNPACKING pc=0x000001ff1c2446a2 sp=0x00000013c1ef9090 mode 2
Event: 8.973 Thread 0x000001ff2f8969f0 Uncommon trap: trap_request=0xffffffde fr.pc=0x000001ff1c909208 relative=0x00000000000002c8
Event: 8.973 Thread 0x000001ff2f8969f0 Uncommon trap: reason=class_check action=maybe_recompile pc=0x000001ff1c909208 method=java.util.Collections$SetFromMap.remove(Ljava/lang/Object;)Z @ 5 c2
Event: 8.974 Thread 0x000001ff2f8969f0 DEOPT PACKING pc=0x000001ff1c909208 sp=0x00000013c1ef8c10
Event: 8.974 Thread 0x000001ff2f8969f0 DEOPT UNPACKING pc=0x000001ff1c2446a2 sp=0x00000013c1ef8bf8 mode 2
Event: 9.136 Thread 0x000001ff2f8969f0 Uncommon trap: trap_request=0xffffff54 fr.pc=0x000001ff1c849758 relative=0x00000000000015d8
Event: 9.136 Thread 0x000001ff2f8969f0 Uncommon trap: reason=speculate_null_assert action=make_not_entrant pc=0x000001ff1c849758 method=java.util.jar.JarFile.getVersionedEntry(Ljava/lang/String;Ljava/util/jar/JarEntry;)Ljava/util/jar/JarEntry; @ 115 c2
Event: 9.136 Thread 0x000001ff2f8969f0 DEOPT PACKING pc=0x000001ff1c849758 sp=0x00000013c1ef8610
Event: 9.136 Thread 0x000001ff2f8969f0 DEOPT UNPACKING pc=0x000001ff1c2446a2 sp=0x00000013c1ef8618 mode 2
Event: 9.136 Thread 0x000001ff2f8969f0 Uncommon trap: trap_request=0xffffff45 fr.pc=0x000001ff1c7e9bf0 relative=0x0000000000000f90
Event: 9.136 Thread 0x000001ff2f8969f0 Uncommon trap: reason=unstable_if action=reinterpret pc=0x000001ff1c7e9bf0 method=java.util.jar.JarFile.getEntry(Ljava/lang/String;)Ljava/util/zip/ZipEntry; @ 15 c2
Event: 9.136 Thread 0x000001ff2f8969f0 DEOPT PACKING pc=0x000001ff1c7e9bf0 sp=0x00000013c1ef86e0
Event: 9.136 Thread 0x000001ff2f8969f0 DEOPT UNPACKING pc=0x000001ff1c2446a2 sp=0x00000013c1ef86d8 mode 2

Classes loaded (20 events):
Event: 8.710 Loading class java/util/concurrent/atomic/AtomicReferenceFieldUpdater$AtomicReferenceFieldUpdaterImpl$1
Event: 8.710 Loading class java/util/concurrent/atomic/AtomicReferenceFieldUpdater$AtomicReferenceFieldUpdaterImpl$1 done
Event: 8.921 Loading class java/lang/StringIndexOutOfBoundsException
Event: 8.921 Loading class java/lang/StringIndexOutOfBoundsException done
Event: 8.976 Loading class java/util/stream/DistinctOps
Event: 8.977 Loading class java/util/stream/DistinctOps done
Event: 8.977 Loading class java/util/stream/DistinctOps$1
Event: 8.977 Loading class java/util/stream/ReferencePipeline$StatefulOp
Event: 8.977 Loading class java/util/stream/ReferencePipeline$StatefulOp done
Event: 8.977 Loading class java/util/stream/DistinctOps$1 done
Event: 8.979 Loading class java/util/stream/DistinctOps$1$2
Event: 8.979 Loading class java/util/stream/DistinctOps$1$2 done
Event: 8.983 Loading class java/util/stream/SortedOps
Event: 8.983 Loading class java/util/stream/SortedOps done
Event: 8.984 Loading class java/util/stream/SortedOps$OfRef
Event: 8.984 Loading class java/util/stream/SortedOps$OfRef done
Event: 8.984 Loading class java/util/stream/SortedOps$SizedRefSortingSink
Event: 8.985 Loading class java/util/stream/SortedOps$AbstractRefSortingSink
Event: 8.985 Loading class java/util/stream/SortedOps$AbstractRefSortingSink done
Event: 8.985 Loading class java/util/stream/SortedOps$SizedRefSortingSink done

Classes unloaded (0 events):
No events

Classes redefined (0 events):
No events

Internal exceptions (20 events):
Event: 8.531 Thread 0x000001ff2f8969f0 Exception <a 'java/lang/NoSuchMethodError'{0x0000000083139138}: 'java.lang.Object java.lang.invoke.DirectMethodHandle$Holder.invokeStatic(java.lang.Object, long, java.lang.Object)'> (0x0000000083139138) 
thrown [s\src\hotspot\share\interpreter\linkResolver.cpp, line 784]
Event: 8.532 Thread 0x000001ff2f8969f0 Exception <a 'java/lang/NoSuchMethodError'{0x0000000083140290}: 'java.lang.Object java.lang.invoke.DirectMethodHandle$Holder.newInvokeSpecial(java.lang.Object, long)'> (0x0000000083140290) 
thrown [s\src\hotspot\share\interpreter\linkResolver.cpp, line 784]
Event: 8.539 Thread 0x000001ff2f8969f0 Exception <a 'java/lang/NoSuchMethodError'{0x000000008319b8a8}: 'java.lang.Object java.lang.invoke.DirectMethodHandle$Holder.newInvokeSpecial(java.lang.Object, java.lang.Object, java.lang.Object, java.lang.Object, java.lang.Object, long)'> (0x000000008319b8a8) 
thrown [s\src\hotspot\share\interpreter\linkResolver.cpp, line 784]
Event: 8.540 Thread 0x000001ff2f8969f0 Exception <a 'java/lang/NoSuchMethodError'{0x00000000831a06d8}: 'java.lang.Object java.lang.invoke.DirectMethodHandle$Holder.invokeSpecial(java.lang.Object, java.lang.Object, java.lang.Object, java.lang.Object, java.lang.Object, java.lang.Object, long)'> (0x00000000831a06d8) 
thrown [s\src\hotspot\share\interpreter\linkResolver.cpp, line 784]
Event: 8.540 Thread 0x000001ff2f8969f0 Exception <a 'java/lang/NoSuchMethodError'{0x00000000831a4ca8}: 'java.lang.Object java.lang.invoke.Invokers$Holder.linkToTargetMethod(java.lang.Object, java.lang.Object, java.lang.Object, java.lang.Object, long, java.lang.Object)'> (0x00000000831a4ca8) 
thrown [s\src\hotspot\share\interpreter\linkResolver.cpp, line 784]
Event: 8.546 Thread 0x000001ff2f8969f0 Exception <a 'java/lang/NoSuchMethodError'{0x00000000831ecd30}: 'java.lang.Object java.lang.invoke.DirectMethodHandle$Holder.newInvokeSpecial(java.lang.Object, java.lang.Object, java.lang.Object, long)'> (0x00000000831ecd30) 
thrown [s\src\hotspot\share\interpreter\linkResolver.cpp, line 784]
Event: 8.546 Thread 0x000001ff2f8969f0 Exception <a 'java/lang/NoSuchMethodError'{0x00000000831f17f0}: 'java.lang.Object java.lang.invoke.DirectMethodHandle$Holder.invokeSpecial(java.lang.Object, java.lang.Object, java.lang.Object, java.lang.Object, long)'> (0x00000000831f17f0) 
thrown [s\src\hotspot\share\interpreter\linkResolver.cpp, line 784]
Event: 8.546 Thread 0x000001ff2f8969f0 Exception <a 'java/lang/NoSuchMethodError'{0x00000000831f59a0}: 'java.lang.Object java.lang.invoke.Invokers$Holder.linkToTargetMethod(java.lang.Object, java.lang.Object, long, java.lang.Object)'> (0x00000000831f59a0) 
thrown [s\src\hotspot\share\interpreter\linkResolver.cpp, line 784]
Event: 8.593 Thread 0x000001ff2f8969f0 Exception <a 'java/lang/NoSuchMethodError'{0x0000000082e1ede0}: 'java.lang.Object java.lang.invoke.DirectMethodHandle$Holder.newInvokeSpecial(java.lang.Object, java.lang.Object, java.lang.Object, java.lang.Object, java.lang.Object, java.lang.Object, java.lang.Object, java.lang.Object, java.lang.Object, java.lang.Object, java.lang.Object, java.lang.Object, java.lang.Object, java.lang.Object, java.lang.Object, java.lang.Object, java.lang.Object, java.lang.Object, java.lang.Object, java.lang.Object, java.lang
Event: 8.593 Thread 0x000001ff2f8969f0 Exception <a 'java/lang/NoSuchMethodError'{0x0000000082e268e0}: 'java.lang.Object java.lang.invoke.DirectMethodHandle$Holder.invokeSpecial(java.lang.Object, java.lang.Object, java.lang.Object, java.lang.Object, java.lang.Object, java.lang.Object, java.lang.Object, java.lang.Object, java.lang.Object, java.lang.Object, java.lang.Object, java.lang.Object, java.lang.Object, java.lang.Object, java.lang.Object, java.lang.Object, java.lang.Object, java.lang.Object, java.lang.Object, java.lang.Object, java.lang.Ob
Event: 8.594 Thread 0x000001ff2f8969f0 Exception <a 'java/lang/NoSuchMethodError'{0x0000000082e2ce10}: 'java.lang.Object java.lang.invoke.DelegatingMethodHandle$Holder.reinvoke_L(java.lang.Object, java.lang.Object, java.lang.Object, java.lang.Object, java.lang.Object, java.lang.Object, java.lang.Object, java.lang.Object, java.lang.Object, java.lang.Object, java.lang.Object, java.lang.Object, java.lang.Object, java.lang.Object, java.lang.Object, java.lang.Object, java.lang.Object, java.lang.Object, java.lang.Object, java.lang.Object, java.lang.O
Event: 8.651 Thread 0x000001ff2f8969f0 Implicit null exception at 0x000001ff1c7bfcfc to 0x000001ff1c7bfdac
Event: 8.798 Thread 0x000001ff2f8969f0 Exception <a 'java/lang/NoSuchMethodError'{0x0000000084b3a228}: 'java.lang.Object java.lang.invoke.DirectMethodHandle$Holder.newInvokeSpecial(java.lang.Object, java.lang.Object, java.lang.Object, java.lang.Object, java.lang.Object, java.lang.Object, java.lang.Object, java.lang.Object, java.lang.Object, java.lang.Object, java.lang.Object, java.lang.Object, java.lang.Object, java.lang.Object, java.lang.Object, java.lang.Object, java.lang.Object, java.lang.Object, java.lang.Object)'> (0x0000000084b3a228) 
thr
Event: 8.799 Thread 0x000001ff2f8969f0 Exception <a 'java/lang/NoSuchMethodError'{0x0000000084b40a80}: 'java.lang.Object java.lang.invoke.DirectMethodHandle$Holder.invokeSpecial(java.lang.Object, java.lang.Object, java.lang.Object, java.lang.Object, java.lang.Object, java.lang.Object, java.lang.Object, java.lang.Object, java.lang.Object, java.lang.Object, java.lang.Object, java.lang.Object, java.lang.Object, java.lang.Object, java.lang.Object, java.lang.Object, java.lang.Object, java.lang.Object, java.lang.Object, java.lang.Object)'> (0x0000000
Event: 8.800 Thread 0x000001ff2f8969f0 Exception <a 'java/lang/NoSuchMethodError'{0x0000000084b462c0}: 'java.lang.Object java.lang.invoke.DelegatingMethodHandle$Holder.reinvoke_L(java.lang.Object, java.lang.Object, java.lang.Object, java.lang.Object, java.lang.Object, java.lang.Object, java.lang.Object, java.lang.Object, java.lang.Object, java.lang.Object, java.lang.Object, java.lang.Object, java.lang.Object, java.lang.Object, java.lang.Object, java.lang.Object, java.lang.Object, java.lang.Object, java.lang.Object)'> (0x0000000084b462c0) 
throw
Event: 8.817 Thread 0x000001ff2f8969f0 Exception <a 'java/lang/IncompatibleClassChangeError'{0x0000000084a10498}: Found class java.lang.Object, but interface was expected> (0x0000000084a10498) 
thrown [s\src\hotspot\share\interpreter\linkResolver.cpp, line 851]
Event: 8.880 Thread 0x000001ff2f8969f0 Exception <a 'java/lang/NoSuchMethodError'{0x0000000084738160}: 'java.lang.Object java.lang.invoke.DirectMethodHandle$Holder.newInvokeSpecial(java.lang.Object, int, java.lang.Object)'> (0x0000000084738160) 
thrown [s\src\hotspot\share\interpreter\linkResolver.cpp, line 784]
Event: 8.932 Thread 0x000001ff2f8969f0 Exception <a 'java/lang/NoSuchMethodError'{0x000000008453e840}: 'java.lang.Object java.lang.invoke.DirectMethodHandle$Holder.invokeSpecial(java.lang.Object, java.lang.Object, long, java.lang.Object, java.lang.Object)'> (0x000000008453e840) 
thrown [s\src\hotspot\share\interpreter\linkResolver.cpp, line 784]
Event: 8.952 Thread 0x000001ff2f8969f0 Exception <a 'java/lang/NoSuchMethodError'{0x000000008440f140}: 'java.lang.Object java.lang.invoke.DirectMethodHandle$Holder.newInvokeSpecial(java.lang.Object, java.lang.Object, int, java.lang.Object)'> (0x000000008440f140) 
thrown [s\src\hotspot\share\interpreter\linkResolver.cpp, line 784]
Event: 8.953 Thread 0x000001ff2f8969f0 Exception <a 'java/lang/NoSuchMethodError'{0x0000000084413930}: 'java.lang.Object java.lang.invoke.DirectMethodHandle$Holder.invokeSpecial(java.lang.Object, java.lang.Object, java.lang.Object, int, java.lang.Object)'> (0x0000000084413930) 
thrown [s\src\hotspot\share\interpreter\linkResolver.cpp, line 784]

ZGC Phase Switch (0 events):
No events

VM Operations (20 events):
Event: 7.845 Executing VM operation: HandshakeAllThreads (Deoptimize)
Event: 7.845 Executing VM operation: HandshakeAllThreads (Deoptimize) done
Event: 7.947 Executing VM operation: ICBufferFull
Event: 7.947 Executing VM operation: ICBufferFull done
Event: 7.980 Executing VM operation: G1CollectForAllocation (G1 Evacuation Pause)
Event: 7.986 Executing VM operation: G1CollectForAllocation (G1 Evacuation Pause) done
Event: 8.087 Executing VM operation: HandshakeAllThreads (Deoptimize)
Event: 8.087 Executing VM operation: HandshakeAllThreads (Deoptimize) done
Event: 8.140 Executing VM operation: HandshakeAllThreads (Deoptimize)
Event: 8.141 Executing VM operation: HandshakeAllThreads (Deoptimize) done
Event: 8.142 Executing VM operation: HandshakeAllThreads (Deoptimize)
Event: 8.143 Executing VM operation: HandshakeAllThreads (Deoptimize) done
Event: 8.415 Executing VM operation: HandshakeAllThreads (Deoptimize)
Event: 8.415 Executing VM operation: HandshakeAllThreads (Deoptimize) done
Event: 8.476 Executing VM operation: HandshakeAllThreads (Deoptimize)
Event: 8.477 Executing VM operation: HandshakeAllThreads (Deoptimize) done
Event: 8.673 Executing VM operation: G1CollectForAllocation (G1 Evacuation Pause)
Event: 8.678 Executing VM operation: G1CollectForAllocation (G1 Evacuation Pause) done
Event: 8.978 Executing VM operation: HandshakeAllThreads (Deoptimize)
Event: 8.979 Executing VM operation: HandshakeAllThreads (Deoptimize) done

Events (20 events):
Event: 6.162 Thread 0x000001ff2926ea80 flushing nmethod 0x000001ff1c7ec010
Event: 6.162 Thread 0x000001ff2926ea80 flushing nmethod 0x000001ff1c7d4610
Event: 6.162 Thread 0x000001ff2926ea80 flushing nmethod 0x000001ff1c7aeb10
Event: 6.162 Thread 0x000001ff2926ea80 flushing nmethod 0x000001ff1c79d810
Event: 6.162 Thread 0x000001ff2926ea80 flushing nmethod 0x000001ff1c7add90
Event: 6.162 Thread 0x000001ff2926ea80 flushing nmethod 0x000001ff1c79c290
Event: 6.162 Thread 0x000001ff2926ea80 flushing nmethod 0x000001ff1c7b9c90
Event: 6.162 Thread 0x000001ff2926ea80 flushing nmethod 0x000001ff1c7ad210
Event: 6.162 Thread 0x000001ff2926ea80 flushing nmethod 0x000001ff1c7c6490
Event: 6.162 Thread 0x000001ff2926ea80 flushing nmethod 0x000001ff1c7c5a90
Event: 6.162 Thread 0x000001ff2926ea80 flushing nmethod 0x000001ff1c7b8c90
Event: 6.162 Thread 0x000001ff2926ea80 flushing nmethod 0x000001ff1c7b6e90
Event: 6.162 Thread 0x000001ff2926ea80 flushing nmethod 0x000001ff1c7aab10
Event: 6.162 Thread 0x000001ff2926ea80 flushing nmethod 0x000001ff1c7a3c10
Event: 6.162 Thread 0x000001ff2926ea80 flushing nmethod 0x000001ff1c798190
Event: 6.162 Thread 0x000001ff2926ea80 flushing nmethod 0x000001ff1c797b90
Event: 6.191 Thread 0x000001ff310d1640 Thread added: 0x000001ff310d1640
Event: 6.419 Thread 0x000001ff310cf570 Thread added: 0x000001ff310cf570
Event: 6.646 Thread 0x000001ff310d3710 Thread added: 0x000001ff310d3710
Event: 6.989 Thread 0x000001ff31489f10 Thread added: 0x000001ff31489f10


Dynamic libraries:
0x00007ff742cf0000 - 0x00007ff742cfa000 	C:\Program Files\Android\Android Studio\jbr\bin\java.exe
0x00007ff9d3170000 - 0x00007ff9d3368000 	C:\Windows\SYSTEM32\ntdll.dll
0x00007ff9d17d0000 - 0x00007ff9d1892000 	C:\Windows\System32\KERNEL32.DLL
0x00007ff9d09e0000 - 0x00007ff9d0cd6000 	C:\Windows\System32\KERNELBASE.dll
0x00007ff9d0ce0000 - 0x00007ff9d0de0000 	C:\Windows\System32\ucrtbase.dll
0x00007ff9c0af0000 - 0x00007ff9c0b0b000 	C:\Program Files\Android\Android Studio\jbr\bin\VCRUNTIME140.dll
0x00007ff9c28a0000 - 0x00007ff9c28b8000 	C:\Program Files\Android\Android Studio\jbr\bin\jli.dll
0x00007ff9d18a0000 - 0x00007ff9d1a3d000 	C:\Windows\System32\USER32.dll
0x00007ff9bf4a0000 - 0x00007ff9bf73a000 	C:\Windows\WinSxS\amd64_microsoft.windows.common-controls_6595b64144ccf1df_6.0.19041.5794_none_60bcd33171f2783c\COMCTL32.dll
0x00007ff9d09b0000 - 0x00007ff9d09d2000 	C:\Windows\System32\win32u.dll
0x00007ff9d3090000 - 0x00007ff9d312e000 	C:\Windows\System32\msvcrt.dll
0x00007ff9d11a0000 - 0x00007ff9d11cb000 	C:\Windows\System32\GDI32.dll
0x00007ff9d1000000 - 0x00007ff9d111a000 	C:\Windows\System32\gdi32full.dll
0x00007ff9d0860000 - 0x00007ff9d08fd000 	C:\Windows\System32\msvcp_win.dll
0x00007ff9d2bd0000 - 0x00007ff9d2bff000 	C:\Windows\System32\IMM32.DLL
0x00007ff9cb6d0000 - 0x00007ff9cb6dc000 	C:\Program Files\Android\Android Studio\jbr\bin\vcruntime140_1.dll
0x00007ff9a48a0000 - 0x00007ff9a492d000 	C:\Program Files\Android\Android Studio\jbr\bin\msvcp140.dll
0x00007ff957130000 - 0x00007ff957dad000 	C:\Program Files\Android\Android Studio\jbr\bin\server\jvm.dll
0x00007ff9d1a40000 - 0x00007ff9d1aef000 	C:\Windows\System32\ADVAPI32.dll
0x00007ff9d2870000 - 0x00007ff9d290f000 	C:\Windows\System32\sechost.dll
0x00007ff9d16a0000 - 0x00007ff9d17c3000 	C:\Windows\System32\RPCRT4.dll
0x00007ff9d0de0000 - 0x00007ff9d0e07000 	C:\Windows\System32\bcrypt.dll
0x00007ff9d1c20000 - 0x00007ff9d1c8b000 	C:\Windows\System32\WS2_32.dll
0x00007ff9d0670000 - 0x00007ff9d06bb000 	C:\Windows\SYSTEM32\POWRPROF.dll
0x00007ff9c4d20000 - 0x00007ff9c4d47000 	C:\Windows\SYSTEM32\WINMM.dll
0x00007ff9c6750000 - 0x00007ff9c675a000 	C:\Windows\SYSTEM32\VERSION.dll
0x00007ff9d0650000 - 0x00007ff9d0662000 	C:\Windows\SYSTEM32\UMPDC.dll
0x00007ff9ce690000 - 0x00007ff9ce6a2000 	C:\Windows\SYSTEM32\kernel.appcore.dll
0x00007ff9c7ad0000 - 0x00007ff9c7ada000 	C:\Program Files\Android\Android Studio\jbr\bin\jimage.dll
0x00007ff9c7b80000 - 0x00007ff9c7d81000 	C:\Windows\SYSTEM32\DBGHELP.DLL
0x00007ff9bc650000 - 0x00007ff9bc684000 	C:\Windows\SYSTEM32\dbgcore.DLL
0x00007ff9d0e10000 - 0x00007ff9d0e92000 	C:\Windows\System32\bcryptPrimitives.dll
0x00007ff9bf410000 - 0x00007ff9bf41e000 	C:\Program Files\Android\Android Studio\jbr\bin\instrument.dll
0x00007ff9c0a80000 - 0x00007ff9c0a9f000 	C:\Program Files\Android\Android Studio\jbr\bin\java.dll
0x00007ff9c0a60000 - 0x00007ff9c0a78000 	C:\Program Files\Android\Android Studio\jbr\bin\zip.dll
0x00007ff9d1c90000 - 0x00007ff9d23fe000 	C:\Windows\System32\SHELL32.dll
0x00007ff9ce890000 - 0x00007ff9cf033000 	C:\Windows\SYSTEM32\windows.storage.dll
0x00007ff9d2d30000 - 0x00007ff9d3083000 	C:\Windows\System32\combase.dll
0x00007ff9d01d0000 - 0x00007ff9d01fb000 	C:\Windows\SYSTEM32\Wldp.dll
0x00007ff9d12a0000 - 0x00007ff9d136d000 	C:\Windows\System32\OLEAUT32.dll
0x00007ff9d2b20000 - 0x00007ff9d2bcd000 	C:\Windows\System32\SHCORE.dll
0x00007ff9d2ac0000 - 0x00007ff9d2b15000 	C:\Windows\System32\shlwapi.dll
0x00007ff9d0740000 - 0x00007ff9d0765000 	C:\Windows\SYSTEM32\profapi.dll
0x00007ff9beaa0000 - 0x00007ff9beab0000 	C:\Program Files\Android\Android Studio\jbr\bin\net.dll
0x00007ff9c6e90000 - 0x00007ff9c6f9a000 	C:\Windows\SYSTEM32\WINHTTP.dll
0x00007ff9cfed0000 - 0x00007ff9cff3c000 	C:\Windows\system32\mswsock.dll
0x00007ff9bea80000 - 0x00007ff9bea96000 	C:\Program Files\Android\Android Studio\jbr\bin\nio.dll
0x00007ff9a2d00000 - 0x00007ff9a2d10000 	C:\Program Files\Android\Android Studio\jbr\bin\verify.dll
0x00007ff9a4ab0000 - 0x00007ff9a4ad7000 	C:\Users\Dell\.gradle\native\c067742578af261105cb4f569cf0c3c89f3d7b1fecec35dd04571415982c5e48\windows-amd64\native-platform.dll
0x00007ff99c530000 - 0x00007ff99c674000 	C:\Users\Dell\.gradle\native\100fb08df4bc3b14c8652ba06237920a3bd2aa13389f12d3474272988ae205f9\windows-amd64\native-platform-file-events.dll
0x00007ff9a7bf0000 - 0x00007ff9a7bf9000 	C:\Program Files\Android\Android Studio\jbr\bin\management.dll
0x00007ff9a7930000 - 0x00007ff9a793b000 	C:\Program Files\Android\Android Studio\jbr\bin\management_ext.dll
0x00007ff9d1260000 - 0x00007ff9d1268000 	C:\Windows\System32\PSAPI.DLL
0x00007ff9d00d0000 - 0x00007ff9d00e8000 	C:\Windows\SYSTEM32\CRYPTSP.dll
0x00007ff9cf7f0000 - 0x00007ff9cf828000 	C:\Windows\system32\rsaenh.dll
0x00007ff9d06c0000 - 0x00007ff9d06ee000 	C:\Windows\SYSTEM32\USERENV.dll
0x00007ff9d00c0000 - 0x00007ff9d00cc000 	C:\Windows\SYSTEM32\CRYPTBASE.dll
0x00007ff9cfbb0000 - 0x00007ff9cfbeb000 	C:\Windows\SYSTEM32\IPHLPAPI.DLL
0x00007ff9d1290000 - 0x00007ff9d1298000 	C:\Windows\System32\NSI.dll
0x00007ff9a9c90000 - 0x00007ff9a9c99000 	C:\Program Files\Android\Android Studio\jbr\bin\extnet.dll
0x00007ff9aae00000 - 0x00007ff9aae07000 	C:\Windows\system32\wshunix.dll

dbghelp: loaded successfully - version: 4.0.5 - missing functions: none
symbol engine: initialized successfully - sym options: 0x614 - pdb path: .;C:\Program Files\Android\Android Studio\jbr\bin;C:\Windows\SYSTEM32;C:\Windows\WinSxS\amd64_microsoft.windows.common-controls_6595b64144ccf1df_6.0.19041.5794_none_60bcd33171f2783c;C:\Program Files\Android\Android Studio\jbr\bin\server;C:\Users\Dell\.gradle\native\c067742578af261105cb4f569cf0c3c89f3d7b1fecec35dd04571415982c5e48\windows-amd64;C:\Users\Dell\.gradle\native\100fb08df4bc3b14c8652ba06237920a3bd2aa13389f12d3474272988ae205f9\windows-amd64

VM Arguments:
jvm_args: --add-opens=java.base/java.util=ALL-UNNAMED --add-opens=java.base/java.lang=ALL-UNNAMED --add-opens=java.base/java.lang.invoke=ALL-UNNAMED --add-opens=java.prefs/java.util.prefs=ALL-UNNAMED --add-exports=jdk.compiler/com.sun.tools.javac.api=ALL-UNNAMED --add-exports=jdk.compiler/com.sun.tools.javac.util=ALL-UNNAMED --add-opens=java.base/java.nio.charset=ALL-UNNAMED --add-opens=java.base/java.net=ALL-UNNAMED --add-opens=java.base/java.util.concurrent.atomic=ALL-UNNAMED -Xmx2048m -Dfile.encoding=UTF-8 -Duser.country=VN -Duser.language=vi -Duser.variant -javaagent:C:\Users\Dell\.gradle\wrapper\dists\gradle-8.9-bin\90cnw93cvbtalezasaz0blq0a\gradle-8.9\lib\agents\gradle-instrumentation-agent-8.9.jar 
java_command: org.gradle.launcher.daemon.bootstrap.GradleDaemon 8.9
java_class_path (initial): C:\Users\Dell\.gradle\wrapper\dists\gradle-8.9-bin\90cnw93cvbtalezasaz0blq0a\gradle-8.9\lib\gradle-daemon-main-8.9.jar
Launcher Type: SUN_STANDARD

[Global flags]
     intx CICompilerCount                          = 4                                         {product} {ergonomic}
     uint ConcGCThreads                            = 2                                         {product} {ergonomic}
     uint G1ConcRefinementThreads                  = 8                                         {product} {ergonomic}
   size_t G1HeapRegionSize                         = 1048576                                   {product} {ergonomic}
    uintx GCDrainStackTargetSize                   = 64                                        {product} {ergonomic}
   size_t InitialHeapSize                          = 100663296                                 {product} {ergonomic}
   size_t MarkStackSize                            = 4194304                                   {product} {ergonomic}
   size_t MaxHeapSize                              = 2147483648                                {product} {command line}
   size_t MaxNewSize                               = 1287651328                                {product} {ergonomic}
   size_t MinHeapDeltaBytes                        = 1048576                                   {product} {ergonomic}
   size_t MinHeapSize                              = 8388608                                   {product} {ergonomic}
    uintx NonNMethodCodeHeapSize                   = 5839372                                {pd product} {ergonomic}
    uintx NonProfiledCodeHeapSize                  = 122909434                              {pd product} {ergonomic}
    uintx ProfiledCodeHeapSize                     = 122909434                              {pd product} {ergonomic}
    uintx ReservedCodeCacheSize                    = 251658240                              {pd product} {ergonomic}
     bool SegmentedCodeCache                       = true                                      {product} {ergonomic}
   size_t SoftMaxHeapSize                          = 2147483648                             {manageable} {ergonomic}
     bool UseCompressedOops                        = true                           {product lp64_product} {ergonomic}
     bool UseG1GC                                  = true                                      {product} {ergonomic}
     bool UseLargePagesIndividualAllocation        = false                                  {pd product} {ergonomic}

Logging:
Log output configuration:
 #0: stdout all=warning uptime,level,tags foldmultilines=false
 #1: stderr all=off uptime,level,tags foldmultilines=false

Environment Variables:
JAVA_HOME=C:\Program Files\Java\jdk-21
PATH=C:\Python313\Scripts\;C:\Python313\;C:\Program Files (x86)\VMware\VMware Workstation\bin\;C:\Program Files\Common Files\Oracle\Java\javapath;C:\Program Files\Microsoft MPI\Bin\;C:\Windows\system32;C:\Windows;C:\Windows\System32\Wbem;C:\Windows\System32\WindowsPowerShell\v1.0\;C:\Windows\System32\OpenSSH\;C:\msys64\mingw64\bin;C:\Program Files\Java\jdk-20\bin;C:\Program Files\Azure Data Studio\bin;C:\Program Files (x86)\Microsoft SQL Server\160\DTS\Binn\;C:\Program Files (x86)\Microsoft SQL Server\160\Tools\Binn\;C:\Program Files\Microsoft SQL Server\160\Tools\Binn\;C:\Program Files\Microsoft SQL Server\Client SDK\ODBC\170\Tools\Binn\;C:\Program Files\Microsoft SQL Server\160\DTS\Binn\;C:\Windows Application\Web\apache-maven-3.6.3\bin;C:\Program Files\dotnet\;C:\Program Files\Git\cmd;C:\users\dell\pycharm community edition 2024.2.3\bin\pycharm64.exe;C:\Program Files\CMake\bin;C:\python12;C:\Users\Dell\Documents\Wireshark;C:\Program Files\nodejs\;C:\ProgramData\chocolatey\bin;C:\Program Files\Java\jdk-21;C:\Program Files\MySQL\MySQL Shell 8.0\bin\;C:\python12\Scripts\;C:\python12\;C:\Users\Dell\AppData\Local\Microsoft\WindowsApps;C:\Users\Dell\AppData\Local\Programs\Microsoft VS Code\bin;C:\Program Files\Azure Data Studio\C:\Windows Application\Web\apache-maven-3.6.3\bin;C:\Program Files\JetBrains\PyCharm 2023.2.3\bin;;C:\Users\Dell\PyCharm Community Edition 2024.2.3\bin;;C:\Users\Dell\.dotnet\tools;C:\Program Files\JetBrains\IntelliJ IDEA Community Edition 2024.3\bin;;C:\Users\Dell\Documents\Wireshark;C:\Users\Dell\AppData\Roaming\npm
USERNAME=Dell
OS=Windows_NT
PROCESSOR_IDENTIFIER=AMD64 Family 23 Model 24 Stepping 1, AuthenticAMD
TMP=C:\Users\Dell\AppData\Local\Temp
TEMP=C:\Users\Dell\AppData\Local\Temp




Periodic native trim disabled

JNI global refs:
JNI global refs: 25, weak refs: 1

JNI global refs memory usage: 835, weak refs: 833

Process memory usage:
Resident Set Size: 263572K (4% of 6174988K total physical memory with 363224K free physical memory)

OOME stack traces (most recent first):
Classloader memory used:
Loader org.gradle.internal.classloader.VisitableURLClassLoader                         : 26032K
Loader bootstrap                                                                       : 21532K
Loader org.gradle.initialization.MixInLegacyTypesClassLoader                           : 5392K
Loader jdk.internal.loader.ClassLoaders$PlatformClassLoader                            : 530K
Loader jdk.internal.loader.ClassLoaders$AppClassLoader                                 : 230K
Loader org.gradle.internal.classloader.VisitableURLClassLoader                         : 19144B

Classes loaded by more than one classloader:
Class org.gradle.internal.classloader.FilteringClassLoader                            : loaded 2 times (x 102B)
Class org.gradle.internal.classloader.ClassLoaderHierarchy                            : loaded 2 times (x 67B)
Class org.gradle.api.internal.classpath.ManifestUtil                                  : loaded 2 times (x 68B)
Class org.gradle.internal.classloader.DefaultClassLoaderFactory                       : loaded 2 times (x 79B)
Class org.gradle.internal.classloader.ClassLoaderVisitor                              : loaded 2 times (x 73B)
Class org.gradle.api.internal.classpath.EffectiveClassPath                            : loaded 2 times (x 87B)
Class org.gradle.api.internal.DefaultClassPathProvider                                : loaded 2 times (x 73B)
Class [Lorg.gradle.api.internal.ClassPathProvider;                                    : loaded 2 times (x 66B)
Class org.gradle.api.internal.ClassPathProvider                                       : loaded 2 times (x 67B)
Class org.gradle.internal.service.UnknownServiceException                             : loaded 2 times (x 80B)
Class org.gradle.internal.classpath.TransformedClassPath                              : loaded 2 times (x 93B)
Class org.gradle.internal.service.ServiceLocator                                      : loaded 2 times (x 67B)
Class org.gradle.internal.InternalTransformer                                         : loaded 2 times (x 67B)
Class org.gradle.internal.classloader.ClasspathUtil$1                                 : loaded 2 times (x 73B)
Class org.gradle.api.internal.classpath.DefaultModuleRegistry$DefaultModule           : loaded 2 times (x 83B)
Class org.gradle.api.internal.classpath.Module                                        : loaded 2 times (x 67B)
Class org.gradle.api.internal.classpath.UnknownModuleException                        : loaded 2 times (x 79B)
Class org.gradle.api.internal.DefaultClassPathRegistry                                : loaded 2 times (x 73B)
Class org.gradle.api.internal.ClassPathRegistry                                       : loaded 2 times (x 67B)
Class org.gradle.internal.classpath.DefaultClassPath$ImmutableUniqueList              : loaded 2 times (x 196B)
Class org.gradle.internal.classpath.ClassPath                                         : loaded 2 times (x 67B)
Class org.gradle.api.UncheckedIOException                                             : loaded 2 times (x 79B)
Class org.gradle.internal.installation.GradleInstallation$1                           : loaded 2 times (x 72B)
Class org.gradle.api.internal.classpath.ModuleRegistry                                : loaded 2 times (x 67B)
Class org.gradle.api.internal.classpath.DefaultModuleRegistry                         : loaded 2 times (x 80B)
Class org.gradle.internal.service.ServiceLookupException                              : loaded 2 times (x 79B)
Class org.gradle.internal.classloader.ClassLoaderFactory                              : loaded 2 times (x 67B)
Class org.gradle.internal.service.CachingServiceLocator                               : loaded 2 times (x 79B)
Class org.gradle.internal.classloader.ClasspathUtil                                   : loaded 2 times (x 68B)
Class org.gradle.api.specs.Spec                                                       : loaded 2 times (x 67B)
Class org.gradle.internal.classloader.VisitableURLClassLoader$InstrumentingVisitableURLClassLoader: loaded 2 times (x 120B)
Class org.gradle.internal.classloader.VisitableURLClassLoader$Spec                    : loaded 2 times (x 71B)
Class org.gradle.internal.classpath.DefaultClassPath                                  : loaded 2 times (x 87B)
Class org.gradle.internal.classloader.ClassLoaderSpec                                 : loaded 2 times (x 68B)
Class org.gradle.internal.classloader.VisitableURLClassLoader                         : loaded 2 times (x 114B)
Class org.gradle.internal.Cast                                                        : loaded 2 times (x 68B)
Class org.gradle.api.Action                                                           : loaded 2 times (x 67B)
Class org.gradle.internal.agents.InstrumentingClassLoader                             : loaded 2 times (x 67B)
Class org.gradle.internal.classpath.DefaultClassPath$ImmutableUniqueList$Builder      : loaded 2 times (x 72B)
Class org.gradle.api.GradleException                                                  : loaded 2 times (x 79B)
Class org.gradle.internal.IoActions                                                   : loaded 2 times (x 68B)
Class org.gradle.internal.classloader.SystemClassLoaderSpec                           : loaded 2 times (x 68B)
Class org.gradle.internal.installation.CurrentGradleInstallationLocator               : loaded 2 times (x 68B)
Class org.gradle.internal.service.DefaultServiceLocator                               : loaded 2 times (x 80B)
Class org.gradle.internal.installation.CurrentGradleInstallation                      : loaded 2 times (x 70B)
Class org.gradle.util.internal.GUtil                                                  : loaded 2 times (x 68B)
Class org.gradle.internal.installation.GradleInstallation                             : loaded 2 times (x 72B)

---------------  S Y S T E M  ---------------

OS:
 Windows 10 , 64 bit Build 19041 (10.0.19041.5794)
OS uptime: 0 days 21:53 hours

CPU: total 8 (initial active 8) (8 cores per cpu, 2 threads per core) family 23 model 24 stepping 1 microcode 0x0, cx8, cmov, fxsr, ht, mmx, 3dnowpref, sse, sse2, sse3, ssse3, sse4a, sse4.1, sse4.2, popcnt, lzcnt, tsc, tscinvbit, avx, avx2, aes, clmul, bmi1, bmi2, adx, sha, fma, vzeroupper, clflush, clflushopt, rdtscp, f16c
Processor Information for all 8 processors :
  Max Mhz: 2100, Current Mhz: 2100, Mhz Limit: 2100

Memory: 4k page, system-wide physical 6030M (352M free)
TotalPageFile size 14632M (AvailPageFile size 6M)
current process WorkingSet (physical memory assigned to process): 257M, peak: 259M
current process commit charge ("private bytes"): 296M, peak: 300M

vm_info: OpenJDK 64-Bit Server VM (21.0.3+-12282718-b509.11) for windows-amd64 JRE (21.0.3+-12282718-b509.11), built on 2024-08-27T17:34:15Z by "builder" with MS VC++ 16.10 / 16.11 (VS2019)

END.
