#
# There is insufficient memory for the Java Runtime Environment to continue.
# Native memory allocation (malloc) failed to allocate 1014832 bytes. Error detail: Chunk::new
# Possible reasons:
#   The system is out of physical RAM or swap space
#   This process is running with CompressedOops enabled, and the Java Heap may be blocking the growth of the native heap
# Possible solutions:
#   Reduce memory load on the system
#   Increase physical memory or swap space
#   Check if swap backing store is full
#   Decrease Java heap size (-Xmx/-Xms)
#   Decrease number of Java threads
#   Decrease Java thread stack sizes (-Xss)
#   Set larger code cache with -XX:ReservedCodeCacheSize=
#   JVM is running with Unscaled Compressed Oops mode in which the Java heap is
#     placed in the first 4GB address space. The Java Heap base address is the
#     maximum limit for the native heap growth. Please use -XX:HeapBaseMinAddress
#     to set the Java Heap base and to place the Java Heap above 4GB virtual address.
# This output file may be truncated or incomplete.
#
#  Out of Memory Error (arena.cpp:168), pid=11432, tid=17112
#
# JRE version: OpenJDK Runtime Environment (21.0.3) (build 21.0.3+-12282718-b509.11)
# Java VM: OpenJDK 64-Bit Server VM (21.0.3+-12282718-b509.11, mixed mode, tiered, compressed oops, compressed class ptrs, g1 gc, windows-amd64)
# No core dump will be written. Minidumps are not enabled by default on client versions of Windows
#

---------------  S U M M A R Y ------------

Command Line: --add-opens=java.base/java.util=ALL-UNNAMED --add-opens=java.base/java.lang=ALL-UNNAMED --add-opens=java.base/java.lang.invoke=ALL-UNNAMED --add-opens=java.prefs/java.util.prefs=ALL-UNNAMED --add-exports=jdk.compiler/com.sun.tools.javac.api=ALL-UNNAMED --add-exports=jdk.compiler/com.sun.tools.javac.util=ALL-UNNAMED --add-opens=java.base/java.nio.charset=ALL-UNNAMED --add-opens=java.base/java.net=ALL-UNNAMED --add-opens=java.base/java.util.concurrent.atomic=ALL-UNNAMED -Xmx2048m -Dfile.encoding=UTF-8 -Duser.country=VN -Duser.language=vi -Duser.variant -javaagent:C:\Users\Dell\.gradle\wrapper\dists\gradle-8.9-bin\90cnw93cvbtalezasaz0blq0a\gradle-8.9\lib\agents\gradle-instrumentation-agent-8.9.jar org.gradle.launcher.daemon.bootstrap.GradleDaemon 8.9

Host: AMD Ryzen 5 3500U with Radeon Vega Mobile Gfx  , 8 cores, 5G,  Windows 10 , 64 bit Build 19041 (10.0.19041.5794)
Time: Thu May 22 08:59:19 2025 SE Asia Standard Time elapsed time: 18.288966 seconds (0d 0h 0m 18s)

---------------  T H R E A D  ---------------

Current thread (0x000002086c073770):  JavaThread "C2 CompilerThread0" daemon [_thread_in_native, id=17112, stack(0x000000dafa800000,0x000000dafa900000) (1024K)]


Current CompileTask:
C2:  18289 7987       4       java.util.zip.ZipFile$Source::initCEN (612 bytes)

Stack: [0x000000dafa800000,0x000000dafa900000]
Native frames: (J=compiled Java code, j=interpreted, Vv=VM code, C=native code)
V  [jvm.dll+0x6cafb9]
V  [jvm.dll+0x858523]
V  [jvm.dll+0x85aa7e]
V  [jvm.dll+0x85b163]
V  [jvm.dll+0x27d356]
V  [jvm.dll+0xbf93d]
V  [jvm.dll+0xbfe73]
V  [jvm.dll+0x3b1ceb]
V  [jvm.dll+0x37e787]
V  [jvm.dll+0x37dbfa]
V  [jvm.dll+0x246b02]
V  [jvm.dll+0x2460d1]
V  [jvm.dll+0x1c5804]
V  [jvm.dll+0x25575c]
V  [jvm.dll+0x253c36]
V  [jvm.dll+0x3ec996]
V  [jvm.dll+0x800d78]
V  [jvm.dll+0x6c98cd]
C  [ucrtbase.dll+0x21bb2]
C  [KERNEL32.DLL+0x17374]
C  [ntdll.dll+0x4cc91]


---------------  P R O C E S S  ---------------

Threads class SMR info:
_java_thread_list=0x000002086e899f30, length=53, elements={
0x000002084e434df0, 0x000002086c05e3c0, 0x000002086c0610f0, 0x000002086c0627c0,
0x000002086c07d4b0, 0x000002086c07e120, 0x000002086c07ed90, 0x000002086c073770,
0x000002086c086900, 0x000002086c1617a0, 0x000002086c161e30, 0x000002086c1624c0,
0x000002086c163870, 0x000002086c1631e0, 0x000002086c164590, 0x000002086c161110,
0x000002086de97690, 0x000002086de9b1a0, 0x000002086de990d0, 0x000002086de97000,
0x000002086de97d20, 0x000002086de983b0, 0x000002086de962e0, 0x000002086de98a40,
0x000002086de948a0, 0x000002086de99df0, 0x000002086de95c50, 0x000002086de96970,
0x000002086de9a480, 0x000002086de94f30, 0x000002086de9ab10, 0x000002086de94210,
0x000002086f606b40, 0x000002086f6092a0, 0x000002086f60cdb0, 0x000002086f60a650,
0x000002086f60ace0, 0x000002086f609930, 0x000002086f609fc0, 0x000002086f6071d0,
0x000002086f60c720, 0x000002086f60ba00, 0x000002086f605e20, 0x000002086f60d440,
0x00000208706500f0, 0x000002087064fa60, 0x0000020870650780, 0x0000020870650e10,
0x000002087064f3d0, 0x00000208706514a0, 0x000002087064ed40, 0x0000020870651b30,
0x000002087064e6b0
}

Java Threads: ( => current thread )
  0x000002084e434df0 JavaThread "main"                              [_thread_blocked, id=4392, stack(0x000000daf9a00000,0x000000daf9b00000) (1024K)]
  0x000002086c05e3c0 JavaThread "Reference Handler"          daemon [_thread_blocked, id=9452, stack(0x000000dafa200000,0x000000dafa300000) (1024K)]
  0x000002086c0610f0 JavaThread "Finalizer"                  daemon [_thread_blocked, id=10052, stack(0x000000dafa300000,0x000000dafa400000) (1024K)]
  0x000002086c0627c0 JavaThread "Signal Dispatcher"          daemon [_thread_blocked, id=8864, stack(0x000000dafa400000,0x000000dafa500000) (1024K)]
  0x000002086c07d4b0 JavaThread "Attach Listener"            daemon [_thread_blocked, id=15680, stack(0x000000dafa500000,0x000000dafa600000) (1024K)]
  0x000002086c07e120 JavaThread "Service Thread"             daemon [_thread_blocked, id=3348, stack(0x000000dafa600000,0x000000dafa700000) (1024K)]
  0x000002086c07ed90 JavaThread "Monitor Deflation Thread"   daemon [_thread_blocked, id=10136, stack(0x000000dafa700000,0x000000dafa800000) (1024K)]
=>0x000002086c073770 JavaThread "C2 CompilerThread0"         daemon [_thread_in_native, id=17112, stack(0x000000dafa800000,0x000000dafa900000) (1024K)]
  0x000002086c086900 JavaThread "C1 CompilerThread0"         daemon [_thread_in_native, id=13268, stack(0x000000dafa900000,0x000000dafaa00000) (1024K)]
  0x000002086c1617a0 JavaThread "Common-Cleaner"             daemon [_thread_blocked, id=14048, stack(0x000000dafaa00000,0x000000dafab00000) (1024K)]
  0x000002086c161e30 JavaThread "Notification Thread"        daemon [_thread_blocked, id=15020, stack(0x000000dafab00000,0x000000dafac00000) (1024K)]
  0x000002086c1624c0 JavaThread "Daemon health stats"               [_thread_blocked, id=3108, stack(0x000000dafac00000,0x000000dafad00000) (1024K)]
  0x000002086c163870 JavaThread "Incoming local TCP Connector on port 49737"        [_thread_in_native, id=6384, stack(0x000000dafb100000,0x000000dafb200000) (1024K)]
  0x000002086c1631e0 JavaThread "Daemon periodic checks"            [_thread_blocked, id=14588, stack(0x000000dafb500000,0x000000dafb600000) (1024K)]
  0x000002086c164590 JavaThread "Daemon"                            [_thread_blocked, id=15304, stack(0x000000dafb600000,0x000000dafb700000) (1024K)]
  0x000002086c161110 JavaThread "Handler for socket connection from /127.0.0.1:49737 to /127.0.0.1:49738"        [_thread_in_native, id=19304, stack(0x000000dafb700000,0x000000dafb800000) (1024K)]
  0x000002086de97690 JavaThread "Cancel handler"                    [_thread_blocked, id=11996, stack(0x000000dafb800000,0x000000dafb900000) (1024K)]
  0x000002086de9b1a0 JavaThread "Daemon worker"                     [_thread_in_vm, id=15848, stack(0x000000dafb900000,0x000000dafba00000) (1024K)]
  0x000002086de990d0 JavaThread "Asynchronous log dispatcher for DefaultDaemonConnection: socket connection from /127.0.0.1:49737 to /127.0.0.1:49738"        [_thread_blocked, id=18180, stack(0x000000dafba00000,0x000000dafbb00000) (1024K)]
  0x000002086de97000 JavaThread "Stdin handler"                     [_thread_blocked, id=12604, stack(0x000000dafbb00000,0x000000dafbc00000) (1024K)]
  0x000002086de97d20 JavaThread "Daemon client event forwarder"        [_thread_blocked, id=9220, stack(0x000000dafbc00000,0x000000dafbd00000) (1024K)]
  0x000002086de983b0 JavaThread "Cache worker for journal cache (C:\Users\Dell\.gradle\caches\journal-1)"        [_thread_blocked, id=16148, stack(0x000000dafbe00000,0x000000dafbf00000) (1024K)]
  0x000002086de962e0 JavaThread "File lock request listener"        [_thread_in_native, id=2960, stack(0x000000dafbf00000,0x000000dafc000000) (1024K)]
  0x000002086de98a40 JavaThread "Cache worker for file hash cache (C:\Users\Dell\.gradle\caches\8.9\fileHashes)"        [_thread_blocked, id=10072, stack(0x000000dafc000000,0x000000dafc100000) (1024K)]
  0x000002086de948a0 JavaThread "Cache worker for file hash cache (D:\FE_quanlygiaidau\.gradle\8.9\fileHashes)"        [_thread_blocked, id=16420, stack(0x000000dafc100000,0x000000dafc200000) (1024K)]
  0x000002086de99df0 JavaThread "Cache worker for Build Output Cleanup Cache (D:\FE_quanlygiaidau\.gradle\buildOutputCleanup)"        [_thread_blocked, id=17268, stack(0x000000dafc200000,0x000000dafc300000) (1024K)]
  0x000002086de95c50 JavaThread "File watcher server"        daemon [_thread_in_native, id=2296, stack(0x000000dafc300000,0x000000dafc400000) (1024K)]
  0x000002086de96970 JavaThread "File watcher consumer"      daemon [_thread_blocked, id=6936, stack(0x000000dafc400000,0x000000dafc500000) (1024K)]
  0x000002086de9a480 JavaThread "Cache worker for checksums cache (D:\FE_quanlygiaidau\.gradle\8.9\checksums)"        [_thread_blocked, id=6068, stack(0x000000dafc500000,0x000000dafc600000) (1024K)]
  0x000002086de94f30 JavaThread "Cache worker for file content cache (C:\Users\Dell\.gradle\caches\8.9\fileContent)"        [_thread_blocked, id=15544, stack(0x000000dafc600000,0x000000dafc700000) (1024K)]
  0x000002086de9ab10 JavaThread "Cache worker for cache directory md-rule (C:\Users\Dell\.gradle\caches\8.9\md-rule)"        [_thread_blocked, id=17344, stack(0x000000dafc700000,0x000000dafc800000) (1024K)]
  0x000002086de94210 JavaThread "Cache worker for cache directory md-supplier (C:\Users\Dell\.gradle\caches\8.9\md-supplier)"        [_thread_blocked, id=19028, stack(0x000000dafc800000,0x000000dafc900000) (1024K)]
  0x000002086f606b40 JavaThread "Unconstrained build operations"        [_thread_blocked, id=13328, stack(0x000000dafc900000,0x000000dafca00000) (1024K)]
  0x000002086f6092a0 JavaThread "Unconstrained build operations Thread 2"        [_thread_blocked, id=6076, stack(0x000000dafca00000,0x000000dafcb00000) (1024K)]
  0x000002086f60cdb0 JavaThread "Unconstrained build operations Thread 3"        [_thread_blocked, id=16332, stack(0x000000dafcb00000,0x000000dafcc00000) (1024K)]
  0x000002086f60a650 JavaThread "Unconstrained build operations Thread 4"        [_thread_blocked, id=11092, stack(0x000000dafcc00000,0x000000dafcd00000) (1024K)]
  0x000002086f60ace0 JavaThread "Unconstrained build operations Thread 5"        [_thread_blocked, id=10836, stack(0x000000dafcd00000,0x000000dafce00000) (1024K)]
  0x000002086f609930 JavaThread "Unconstrained build operations Thread 6"        [_thread_blocked, id=18616, stack(0x000000dafce00000,0x000000dafcf00000) (1024K)]
  0x000002086f609fc0 JavaThread "Unconstrained build operations Thread 7"        [_thread_blocked, id=13876, stack(0x000000dafcf00000,0x000000dafd000000) (1024K)]
  0x000002086f6071d0 JavaThread "Unconstrained build operations Thread 8"        [_thread_blocked, id=9372, stack(0x000000dafd000000,0x000000dafd100000) (1024K)]
  0x000002086f60c720 JavaThread "Unconstrained build operations Thread 9"        [_thread_blocked, id=7744, stack(0x000000dafd100000,0x000000dafd200000) (1024K)]
  0x000002086f60ba00 JavaThread "Unconstrained build operations Thread 10"        [_thread_blocked, id=4176, stack(0x000000dafd200000,0x000000dafd300000) (1024K)]
  0x000002086f605e20 JavaThread "Unconstrained build operations Thread 11"        [_thread_blocked, id=13088, stack(0x000000dafd300000,0x000000dafd400000) (1024K)]
  0x000002086f60d440 JavaThread "Unconstrained build operations Thread 12"        [_thread_blocked, id=18020, stack(0x000000dafd400000,0x000000dafd500000) (1024K)]
  0x00000208706500f0 JavaThread "Unconstrained build operations Thread 13"        [_thread_blocked, id=8044, stack(0x000000dafd500000,0x000000dafd600000) (1024K)]
  0x000002087064fa60 JavaThread "Unconstrained build operations Thread 14"        [_thread_blocked, id=18452, stack(0x000000dafd600000,0x000000dafd700000) (1024K)]
  0x0000020870650780 JavaThread "Unconstrained build operations Thread 15"        [_thread_blocked, id=15684, stack(0x000000dafd700000,0x000000dafd800000) (1024K)]
  0x0000020870650e10 JavaThread "Unconstrained build operations Thread 16"        [_thread_blocked, id=16264, stack(0x000000dafd800000,0x000000dafd900000) (1024K)]
  0x000002087064f3d0 JavaThread "Unconstrained build operations Thread 17"        [_thread_blocked, id=2592, stack(0x000000dafd900000,0x000000dafda00000) (1024K)]
  0x00000208706514a0 JavaThread "Unconstrained build operations Thread 18"        [_thread_blocked, id=10608, stack(0x000000dafda00000,0x000000dafdb00000) (1024K)]
  0x000002087064ed40 JavaThread "Unconstrained build operations Thread 19"        [_thread_blocked, id=14332, stack(0x000000dafdb00000,0x000000dafdc00000) (1024K)]
  0x0000020870651b30 JavaThread "Unconstrained build operations Thread 20"        [_thread_blocked, id=4140, stack(0x000000dafdc00000,0x000000dafdd00000) (1024K)]
  0x000002087064e6b0 JavaThread "Unconstrained build operations Thread 21"        [_thread_blocked, id=10956, stack(0x000000dafdd00000,0x000000dafde00000) (1024K)]
Total: 53

Other Threads:
  0x0000020867cbb840 VMThread "VM Thread"                           [id=13440, stack(0x000000dafa100000,0x000000dafa200000) (1024K)]
  0x0000020867c5cf70 WatcherThread "VM Periodic Task Thread"        [id=18812, stack(0x000000dafa000000,0x000000dafa100000) (1024K)]
  0x000002085063b5e0 WorkerThread "GC Thread#0"                     [id=15496, stack(0x000000daf9b00000,0x000000daf9c00000) (1024K)]
  0x000002086c737a00 WorkerThread "GC Thread#1"                     [id=3496, stack(0x000000dafad00000,0x000000dafae00000) (1024K)]
  0x000002086cb42310 WorkerThread "GC Thread#2"                     [id=14160, stack(0x000000dafae00000,0x000000dafaf00000) (1024K)]
  0x000002086ce2de50 WorkerThread "GC Thread#3"                     [id=15336, stack(0x000000dafaf00000,0x000000dafb000000) (1024K)]
  0x000002086cdc1b80 WorkerThread "GC Thread#4"                     [id=3216, stack(0x000000dafb000000,0x000000dafb100000) (1024K)]
  0x000002086cebbae0 WorkerThread "GC Thread#5"                     [id=14032, stack(0x000000dafb200000,0x000000dafb300000) (1024K)]
  0x000002086dd43fd0 WorkerThread "GC Thread#6"                     [id=7668, stack(0x000000dafb300000,0x000000dafb400000) (1024K)]
  0x000002086dd198d0 WorkerThread "GC Thread#7"                     [id=14360, stack(0x000000dafb400000,0x000000dafb500000) (1024K)]
  0x000002085064cfd0 ConcurrentGCThread "G1 Main Marker"            [id=13204, stack(0x000000daf9c00000,0x000000daf9d00000) (1024K)]
  0x000002085064e180 WorkerThread "G1 Conc#0"                       [id=2064, stack(0x000000daf9d00000,0x000000daf9e00000) (1024K)]
  0x000002086dd19530 WorkerThread "G1 Conc#1"                       [id=15580, stack(0x000000dafbd00000,0x000000dafbe00000) (1024K)]
  0x0000020867b2e540 ConcurrentGCThread "G1 Refine#0"               [id=17088, stack(0x000000daf9e00000,0x000000daf9f00000) (1024K)]
  0x0000020867b2eec0 ConcurrentGCThread "G1 Service"                [id=19352, stack(0x000000daf9f00000,0x000000dafa000000) (1024K)]
Total: 15

Threads with active compile tasks:
C2 CompilerThread0    18344 7987       4       java.util.zip.ZipFile$Source::initCEN (612 bytes)
C1 CompilerThread0    18344 8022       3       org.gradle.internal.classloader.TransformReplacer$JarLoader::getJarFileLocked (104 bytes)
Total: 2

VM state: not at safepoint (normal execution)

VM Mutex/Monitor currently owned by a thread: None

Heap address: 0x0000000080000000, size: 2048 MB, Compressed Oops mode: 32-bit

CDS archive(s) not mapped
Compressed class space mapped at: 0x0000000100000000-0x0000000140000000, reserved size: 1073741824
Narrow klass base: 0x0000000000000000, Narrow klass shift: 3, Narrow klass range: 0x140000000

GC Precious Log:
 CardTable entry size: 512
 Card Set container configuration: InlinePtr #cards 5 size 8 Array Of Cards #cards 12 size 40 Howl #buckets 4 coarsen threshold 1843 Howl Bitmap #cards 512 size 80 coarsen threshold 460 Card regions per heap region 1 cards per card region 2048
 CPUs: 8 total, 8 available
 Memory: 6030M
 Large Page Support: Disabled
 NUMA Support: Disabled
 Compressed Oops: Enabled (32-bit)
 Heap Region Size: 1M
 Heap Min Capacity: 8M
 Heap Initial Capacity: 96M
 Heap Max Capacity: 2G
 Pre-touch: Disabled
 Parallel Workers: 8
 Concurrent Workers: 2
 Concurrent Refinement Workers: 8
 Periodic GC: Disabled

Heap:
 garbage-first heap   total 94208K, used 81803K [0x0000000080000000, 0x0000000100000000)
  region size 1024K, 29 young (29696K), 5 survivors (5120K)
 Metaspace       used 68283K, committed 69952K, reserved 1114112K
  class space    used 9374K, committed 10176K, reserved 1048576K

Heap Regions: E=young(eden), S=young(survivor), O=old, HS=humongous(starts), HC=humongous(continues), CS=collection set, F=free, TAMS=top-at-mark-start, PB=parsable bottom
|   0|0x0000000080000000, 0x0000000080100000, 0x0000000080100000|100%|HS|  |TAMS 0x0000000080000000| PB 0x0000000080000000| Complete 
|   1|0x0000000080100000, 0x0000000080200000, 0x0000000080200000|100%|HC|  |TAMS 0x0000000080100000| PB 0x0000000080100000| Complete 
|   2|0x0000000080200000, 0x0000000080300000, 0x0000000080300000|100%|HC|  |TAMS 0x0000000080200000| PB 0x0000000080200000| Complete 
|   3|0x0000000080300000, 0x0000000080400000, 0x0000000080400000|100%|HC|  |TAMS 0x0000000080300000| PB 0x0000000080300000| Complete 
|   4|0x0000000080400000, 0x0000000080500000, 0x0000000080500000|100%| O|  |TAMS 0x0000000080400000| PB 0x0000000080400000| Untracked 
|   5|0x0000000080500000, 0x0000000080600000, 0x0000000080600000|100%| O|  |TAMS 0x0000000080500000| PB 0x0000000080500000| Untracked 
|   6|0x0000000080600000, 0x0000000080700000, 0x0000000080700000|100%| O|  |TAMS 0x0000000080600000| PB 0x0000000080600000| Untracked 
|   7|0x0000000080700000, 0x0000000080800000, 0x0000000080800000|100%| O|  |TAMS 0x0000000080700000| PB 0x0000000080700000| Untracked 
|   8|0x0000000080800000, 0x0000000080900000, 0x0000000080900000|100%| O|  |TAMS 0x0000000080800000| PB 0x0000000080800000| Untracked 
|   9|0x0000000080900000, 0x0000000080a00000, 0x0000000080a00000|100%| O|  |TAMS 0x0000000080900000| PB 0x0000000080900000| Untracked 
|  10|0x0000000080a00000, 0x0000000080b00000, 0x0000000080b00000|100%| O|  |TAMS 0x0000000080a00000| PB 0x0000000080a00000| Untracked 
|  11|0x0000000080b00000, 0x0000000080c00000, 0x0000000080c00000|100%|HS|  |TAMS 0x0000000080b00000| PB 0x0000000080b00000| Complete 
|  12|0x0000000080c00000, 0x0000000080d00000, 0x0000000080d00000|100%| O|  |TAMS 0x0000000080c00000| PB 0x0000000080c00000| Untracked 
|  13|0x0000000080d00000, 0x0000000080e00000, 0x0000000080e00000|100%| O|  |TAMS 0x0000000080d00000| PB 0x0000000080d00000| Untracked 
|  14|0x0000000080e00000, 0x0000000080f00000, 0x0000000080f00000|100%| O|  |TAMS 0x0000000080e00000| PB 0x0000000080e00000| Untracked 
|  15|0x0000000080f00000, 0x0000000081000000, 0x0000000081000000|100%| O|  |TAMS 0x0000000080f00000| PB 0x0000000080f00000| Untracked 
|  16|0x0000000081000000, 0x0000000081100000, 0x0000000081100000|100%| O|  |TAMS 0x0000000081000000| PB 0x0000000081000000| Untracked 
|  17|0x0000000081100000, 0x0000000081200000, 0x0000000081200000|100%| O|  |TAMS 0x0000000081100000| PB 0x0000000081100000| Untracked 
|  18|0x0000000081200000, 0x0000000081300000, 0x0000000081300000|100%| O|  |TAMS 0x0000000081200000| PB 0x0000000081200000| Untracked 
|  19|0x0000000081300000, 0x0000000081400000, 0x0000000081400000|100%| O|  |TAMS 0x0000000081300000| PB 0x0000000081300000| Untracked 
|  20|0x0000000081400000, 0x0000000081500000, 0x0000000081500000|100%| O|  |TAMS 0x0000000081400000| PB 0x0000000081400000| Untracked 
|  21|0x0000000081500000, 0x0000000081600000, 0x0000000081600000|100%| O|  |TAMS 0x0000000081500000| PB 0x0000000081500000| Untracked 
|  22|0x0000000081600000, 0x0000000081700000, 0x0000000081700000|100%| O|  |TAMS 0x0000000081600000| PB 0x0000000081600000| Untracked 
|  23|0x0000000081700000, 0x0000000081800000, 0x0000000081800000|100%| O|  |TAMS 0x0000000081700000| PB 0x0000000081700000| Untracked 
|  24|0x0000000081800000, 0x0000000081900000, 0x0000000081900000|100%| O|  |TAMS 0x0000000081800000| PB 0x0000000081800000| Untracked 
|  25|0x0000000081900000, 0x0000000081a00000, 0x0000000081a00000|100%| O|  |TAMS 0x0000000081900000| PB 0x0000000081900000| Untracked 
|  26|0x0000000081a00000, 0x0000000081b00000, 0x0000000081b00000|100%| O|  |TAMS 0x0000000081a00000| PB 0x0000000081a00000| Untracked 
|  27|0x0000000081b00000, 0x0000000081c00000, 0x0000000081c00000|100%| O|  |TAMS 0x0000000081b00000| PB 0x0000000081b00000| Untracked 
|  28|0x0000000081c00000, 0x0000000081d00000, 0x0000000081d00000|100%| O|  |TAMS 0x0000000081c00000| PB 0x0000000081c00000| Untracked 
|  29|0x0000000081d00000, 0x0000000081e00000, 0x0000000081e00000|100%| O|  |TAMS 0x0000000081d00000| PB 0x0000000081d00000| Untracked 
|  30|0x0000000081e00000, 0x0000000081f00000, 0x0000000081f00000|100%| O|  |TAMS 0x0000000081e00000| PB 0x0000000081e00000| Untracked 
|  31|0x0000000081f00000, 0x0000000082000000, 0x0000000082000000|100%| O|  |TAMS 0x0000000081f00000| PB 0x0000000081f00000| Untracked 
|  32|0x0000000082000000, 0x0000000082100000, 0x0000000082100000|100%| O|  |TAMS 0x0000000082000000| PB 0x0000000082000000| Untracked 
|  33|0x0000000082100000, 0x0000000082200000, 0x0000000082200000|100%| O|  |TAMS 0x0000000082100000| PB 0x0000000082100000| Untracked 
|  34|0x0000000082200000, 0x0000000082300000, 0x0000000082300000|100%| O|  |TAMS 0x0000000082200000| PB 0x0000000082200000| Untracked 
|  35|0x0000000082300000, 0x0000000082400000, 0x0000000082400000|100%| O|  |TAMS 0x0000000082300000| PB 0x0000000082300000| Untracked 
|  36|0x0000000082400000, 0x0000000082500000, 0x0000000082500000|100%| O|  |TAMS 0x0000000082400000| PB 0x0000000082400000| Untracked 
|  37|0x0000000082500000, 0x0000000082600000, 0x0000000082600000|100%| O|  |TAMS 0x0000000082500000| PB 0x0000000082500000| Untracked 
|  38|0x0000000082600000, 0x0000000082700000, 0x0000000082700000|100%| O|Cm|TAMS 0x0000000082600000| PB 0x0000000082600000| Complete 
|  39|0x0000000082700000, 0x0000000082800000, 0x0000000082800000|100%| O|  |TAMS 0x0000000082700000| PB 0x0000000082700000| Untracked 
|  40|0x0000000082800000, 0x0000000082900000, 0x0000000082900000|100%| O|  |TAMS 0x0000000082800000| PB 0x0000000082800000| Untracked 
|  41|0x0000000082900000, 0x0000000082a00000, 0x0000000082a00000|100%| O|Cm|TAMS 0x0000000082900000| PB 0x0000000082900000| Complete 
|  42|0x0000000082a00000, 0x0000000082b00000, 0x0000000082b00000|100%| O|  |TAMS 0x0000000082a00000| PB 0x0000000082a00000| Untracked 
|  43|0x0000000082b00000, 0x0000000082c00000, 0x0000000082c00000|100%| O|  |TAMS 0x0000000082b00000| PB 0x0000000082b00000| Untracked 
|  44|0x0000000082c00000, 0x0000000082d00000, 0x0000000082d00000|100%|HS|  |TAMS 0x0000000082c00000| PB 0x0000000082c00000| Complete 
|  45|0x0000000082d00000, 0x0000000082e00000, 0x0000000082e00000|100%| O|  |TAMS 0x0000000082d00000| PB 0x0000000082d00000| Untracked 
|  46|0x0000000082e00000, 0x0000000082f00000, 0x0000000082f00000|100%|HS|  |TAMS 0x0000000082e00000| PB 0x0000000082e00000| Complete 
|  47|0x0000000082f00000, 0x0000000083000000, 0x0000000083000000|100%|HS|  |TAMS 0x0000000082f00000| PB 0x0000000082f00000| Complete 
|  48|0x0000000083000000, 0x00000000830e2fb8, 0x0000000083100000| 88%| O|  |TAMS 0x0000000083000000| PB 0x0000000083000000| Untracked 
|  49|0x0000000083100000, 0x0000000083200000, 0x0000000083200000|100%|HS|  |TAMS 0x0000000083100000| PB 0x0000000083100000| Complete 
|  50|0x0000000083200000, 0x0000000083300000, 0x0000000083300000|100%|HS|  |TAMS 0x0000000083200000| PB 0x0000000083200000| Complete 
|  51|0x0000000083300000, 0x0000000083400000, 0x0000000083400000|100%|HS|  |TAMS 0x0000000083300000| PB 0x0000000083300000| Complete 
|  52|0x0000000083400000, 0x0000000083500000, 0x0000000083500000|100%|HS|  |TAMS 0x0000000083400000| PB 0x0000000083400000| Complete 
|  53|0x0000000083500000, 0x0000000083600000, 0x0000000083600000|100%| S|CS|TAMS 0x0000000083500000| PB 0x0000000083500000| Complete 
|  54|0x0000000083600000, 0x0000000083700000, 0x0000000083700000|100%| S|CS|TAMS 0x0000000083600000| PB 0x0000000083600000| Complete 
|  55|0x0000000083700000, 0x0000000083700000, 0x0000000083800000|  0%| F|  |TAMS 0x0000000083700000| PB 0x0000000083700000| Untracked 
|  56|0x0000000083800000, 0x0000000083800000, 0x0000000083900000|  0%| F|  |TAMS 0x0000000083800000| PB 0x0000000083800000| Untracked 
|  57|0x0000000083900000, 0x0000000083900000, 0x0000000083a00000|  0%| F|  |TAMS 0x0000000083900000| PB 0x0000000083900000| Untracked 
|  58|0x0000000083a00000, 0x0000000083b00000, 0x0000000083b00000|100%| S|CS|TAMS 0x0000000083a00000| PB 0x0000000083a00000| Complete 
|  59|0x0000000083b00000, 0x0000000083c00000, 0x0000000083c00000|100%| S|CS|TAMS 0x0000000083b00000| PB 0x0000000083b00000| Complete 
|  60|0x0000000083c00000, 0x0000000083d00000, 0x0000000083d00000|100%| S|CS|TAMS 0x0000000083c00000| PB 0x0000000083c00000| Complete 
|  61|0x0000000083d00000, 0x0000000083d00000, 0x0000000083e00000|  0%| F|  |TAMS 0x0000000083d00000| PB 0x0000000083d00000| Untracked 
|  62|0x0000000083e00000, 0x0000000083e00000, 0x0000000083f00000|  0%| F|  |TAMS 0x0000000083e00000| PB 0x0000000083e00000| Untracked 
|  63|0x0000000083f00000, 0x0000000083f00000, 0x0000000084000000|  0%| F|  |TAMS 0x0000000083f00000| PB 0x0000000083f00000| Untracked 
|  64|0x0000000084000000, 0x0000000084000000, 0x0000000084100000|  0%| F|  |TAMS 0x0000000084000000| PB 0x0000000084000000| Untracked 
|  65|0x0000000084100000, 0x0000000084100000, 0x0000000084200000|  0%| F|  |TAMS 0x0000000084100000| PB 0x0000000084100000| Untracked 
|  66|0x0000000084200000, 0x0000000084200000, 0x0000000084300000|  0%| F|  |TAMS 0x0000000084200000| PB 0x0000000084200000| Untracked 
|  67|0x0000000084300000, 0x0000000084300000, 0x0000000084400000|  0%| F|  |TAMS 0x0000000084300000| PB 0x0000000084300000| Untracked 
|  68|0x0000000084400000, 0x0000000084483db0, 0x0000000084500000| 51%| E|  |TAMS 0x0000000084400000| PB 0x0000000084400000| Complete 
|  69|0x0000000084500000, 0x0000000084600000, 0x0000000084600000|100%| E|CS|TAMS 0x0000000084500000| PB 0x0000000084500000| Complete 
|  70|0x0000000084600000, 0x0000000084700000, 0x0000000084700000|100%| E|  |TAMS 0x0000000084600000| PB 0x0000000084600000| Complete 
|  71|0x0000000084700000, 0x0000000084800000, 0x0000000084800000|100%| E|CS|TAMS 0x0000000084700000| PB 0x0000000084700000| Complete 
|  72|0x0000000084800000, 0x0000000084900000, 0x0000000084900000|100%| E|CS|TAMS 0x0000000084800000| PB 0x0000000084800000| Complete 
|  73|0x0000000084900000, 0x0000000084a00000, 0x0000000084a00000|100%| E|CS|TAMS 0x0000000084900000| PB 0x0000000084900000| Complete 
|  74|0x0000000084a00000, 0x0000000084b00000, 0x0000000084b00000|100%| E|CS|TAMS 0x0000000084a00000| PB 0x0000000084a00000| Complete 
|  75|0x0000000084b00000, 0x0000000084c00000, 0x0000000084c00000|100%| E|CS|TAMS 0x0000000084b00000| PB 0x0000000084b00000| Complete 
|  76|0x0000000084c00000, 0x0000000084d00000, 0x0000000084d00000|100%| E|CS|TAMS 0x0000000084c00000| PB 0x0000000084c00000| Complete 
|  77|0x0000000084d00000, 0x0000000084e00000, 0x0000000084e00000|100%| E|CS|TAMS 0x0000000084d00000| PB 0x0000000084d00000| Complete 
|  78|0x0000000084e00000, 0x0000000084f00000, 0x0000000084f00000|100%| E|CS|TAMS 0x0000000084e00000| PB 0x0000000084e00000| Complete 
|  79|0x0000000084f00000, 0x0000000085000000, 0x0000000085000000|100%| E|CS|TAMS 0x0000000084f00000| PB 0x0000000084f00000| Complete 
|  80|0x0000000085000000, 0x0000000085100000, 0x0000000085100000|100%| E|CS|TAMS 0x0000000085000000| PB 0x0000000085000000| Complete 
|  81|0x0000000085100000, 0x0000000085200000, 0x0000000085200000|100%| E|CS|TAMS 0x0000000085100000| PB 0x0000000085100000| Complete 
|  82|0x0000000085200000, 0x0000000085300000, 0x0000000085300000|100%| E|CS|TAMS 0x0000000085200000| PB 0x0000000085200000| Complete 
|  83|0x0000000085300000, 0x0000000085400000, 0x0000000085400000|100%| E|CS|TAMS 0x0000000085300000| PB 0x0000000085300000| Complete 
|  84|0x0000000085400000, 0x0000000085500000, 0x0000000085500000|100%| E|CS|TAMS 0x0000000085400000| PB 0x0000000085400000| Complete 
|  85|0x0000000085500000, 0x0000000085600000, 0x0000000085600000|100%| E|CS|TAMS 0x0000000085500000| PB 0x0000000085500000| Complete 
|  86|0x0000000085600000, 0x0000000085700000, 0x0000000085700000|100%| E|CS|TAMS 0x0000000085600000| PB 0x0000000085600000| Complete 
|  87|0x0000000085700000, 0x0000000085800000, 0x0000000085800000|100%| E|CS|TAMS 0x0000000085700000| PB 0x0000000085700000| Complete 
|  88|0x0000000085800000, 0x0000000085900000, 0x0000000085900000|100%| E|CS|TAMS 0x0000000085800000| PB 0x0000000085800000| Complete 
|  89|0x0000000085900000, 0x0000000085a00000, 0x0000000085a00000|100%| E|CS|TAMS 0x0000000085900000| PB 0x0000000085900000| Complete 
|  90|0x0000000085a00000, 0x0000000085b00000, 0x0000000085b00000|100%| E|CS|TAMS 0x0000000085a00000| PB 0x0000000085a00000| Complete 
|  95|0x0000000085f00000, 0x0000000086000000, 0x0000000086000000|100%| E|CS|TAMS 0x0000000085f00000| PB 0x0000000085f00000| Complete 

Card table byte_map: [0x0000020862e60000,0x0000020863260000] _byte_map_base: 0x0000020862a60000

Marking Bits: (CMBitMap*) 0x000002084e4fb050
 Bits: [0x0000020863260000, 0x0000020865260000)

Polling page: 0x000002084fdb0000

Metaspace:

Usage:
  Non-class:     57.54 MB used.
      Class:      9.16 MB used.
       Both:     66.70 MB used.

Virtual space:
  Non-class space:       64.00 MB reserved,      58.38 MB ( 91%) committed,  1 nodes.
      Class space:        1.00 GB reserved,       9.94 MB ( <1%) committed,  1 nodes.
             Both:        1.06 GB reserved,      68.31 MB (  6%) committed. 

Chunk freelists:
   Non-Class:  4.84 MB
       Class:  6.10 MB
        Both:  10.94 MB

MaxMetaspaceSize: unlimited
CompressedClassSpaceSize: 1.00 GB
Initial GC threshold: 21.00 MB
Current GC threshold: 109.94 MB
CDS: off
 - commit_granule_bytes: 65536.
 - commit_granule_words: 8192.
 - virtual_space_node_default_size: 8388608.
 - enlarge_chunks_in_place: 1.
 - use_allocation_guard: 0.


Internal statistics:

num_allocs_failed_limit: 15.
num_arena_births: 3046.
num_arena_deaths: 0.
num_vsnodes_births: 2.
num_vsnodes_deaths: 0.
num_space_committed: 1093.
num_space_uncommitted: 0.
num_chunks_returned_to_freelist: 15.
num_chunks_taken_from_freelist: 5807.
num_chunk_merges: 15.
num_chunk_splits: 3777.
num_chunks_enlarged: 2358.
num_inconsistent_stats: 0.

CodeHeap 'non-profiled nmethods': size=120000Kb used=2701Kb max_used=2921Kb free=117298Kb
 bounds [0x000002085b200000, 0x000002085b4e0000, 0x0000020862730000]
CodeHeap 'profiled nmethods': size=120000Kb used=12552Kb max_used=12552Kb free=107447Kb
 bounds [0x0000020853730000, 0x0000020854380000, 0x000002085ac60000]
CodeHeap 'non-nmethods': size=5760Kb used=1984Kb max_used=2019Kb free=3775Kb
 bounds [0x000002085ac60000, 0x000002085aed0000, 0x000002085b200000]
 total_blobs=7727 nmethods=6974 adapters=656
 compilation: enabled
              stopped_count=0, restarted_count=0
 full_count=0

Compilation events (20 events):
Event: 18.239 Thread 0x000002086c086900 8005   !   3       java.lang.reflect.Proxy$ProxyBuilder::ensureVisible (65 bytes)
Event: 18.240 Thread 0x000002086c086900 nmethod 8005 0x0000020854362f90 code [0x0000020854363240, 0x0000020854363c50]
Event: 18.240 Thread 0x000002086c086900 8006 %     3       org.gradle.internal.instantiation.generator.AbstractClassGenerator::inspectType @ 107 (560 bytes)
Event: 18.247 Thread 0x000002086c086900 nmethod 8006% 0x0000020854364090 code [0x00000208543648c0, 0x0000020854369960]
Event: 18.247 Thread 0x000002086c086900 8007       3       java.lang.reflect.Proxy$ProxyBuilder::ensureAccess (39 bytes)
Event: 18.249 Thread 0x000002086c086900 nmethod 8007 0x000002085436b310 code [0x000002085436b580, 0x000002085436bdc0]
Event: 18.254 Thread 0x000002086c086900 8009       3       java.util.concurrent.ConcurrentHashMap$ValuesView::iterator (34 bytes)
Event: 18.254 Thread 0x000002086c086900 nmethod 8009 0x000002085436c190 code [0x000002085436c340, 0x000002085436c568]
Event: 18.254 Thread 0x000002086c086900 8010       3       java.util.concurrent.ConcurrentHashMap$ValueIterator::<init> (12 bytes)
Event: 18.254 Thread 0x000002086c086900 nmethod 8010 0x0000020853cc6510 code [0x0000020853cc66c0, 0x0000020853cc67f8]
Event: 18.264 Thread 0x000002086c086900 8011       3       java.lang.ClassLoader::findClass (9 bytes)
Event: 18.264 Thread 0x000002086c086900 nmethod 8011 0x000002085436c690 code [0x000002085436c840, 0x000002085436c9b8]
Event: 18.266 Thread 0x000002086c086900 8012       3       com.google.common.collect.MapMakerInternalMap$StrongKeyWeakValueEntry$Helper::newEntry (16 bytes)
Event: 18.266 Thread 0x000002086c086900 nmethod 8012 0x000002085436ca90 code [0x000002085436cc40, 0x000002085436cf38]
Event: 18.266 Thread 0x000002086c086900 8013       3       com.google.common.collect.MapMakerInternalMap$StrongKeyWeakValueEntry$Helper::setValue (14 bytes)
Event: 18.267 Thread 0x000002086c086900 nmethod 8013 0x000002085436d010 code [0x000002085436d1c0, 0x000002085436d4b8]
Event: 18.267 Thread 0x000002086c086900 8014       3       com.google.common.collect.MapMakerInternalMap$StrongKeyWeakValueEntry$Helper::setValue (32 bytes)
Event: 18.267 Thread 0x000002086c086900 nmethod 8014 0x000002085436d590 code [0x000002085436d780, 0x000002085436dd80]
Event: 18.278 Thread 0x000002086c086900 8015       3       org.gradle.internal.classloader.FilteringClassLoader::classAllowed (80 bytes)
Event: 18.280 Thread 0x000002086c086900 nmethod 8015 0x000002085436e010 code [0x000002085436e280, 0x000002085436ebd8]

GC Heap History (20 events):
Event: 11.291 GC heap before
{Heap before GC invocations=11 (full 0):
 garbage-first heap   total 82944K, used 72146K [0x0000000080000000, 0x0000000100000000)
  region size 1024K, 42 young (43008K), 4 survivors (4096K)
 Metaspace       used 49702K, committed 51072K, reserved 1114112K
  class space    used 6800K, committed 7488K, reserved 1048576K
}
Event: 11.296 GC heap after
{Heap after GC invocations=12 (full 0):
 garbage-first heap   total 82944K, used 34942K [0x0000000080000000, 0x0000000100000000)
  region size 1024K, 6 young (6144K), 6 survivors (6144K)
 Metaspace       used 49702K, committed 51072K, reserved 1114112K
  class space    used 6800K, committed 7488K, reserved 1048576K
}
Event: 12.208 GC heap before
{Heap before GC invocations=12 (full 0):
 garbage-first heap   total 82944K, used 72830K [0x0000000080000000, 0x0000000100000000)
  region size 1024K, 41 young (41984K), 6 survivors (6144K)
 Metaspace       used 55140K, committed 56576K, reserved 1114112K
  class space    used 7484K, committed 8192K, reserved 1048576K
}
Event: 12.214 GC heap after
{Heap after GC invocations=13 (full 0):
 garbage-first heap   total 82944K, used 36452K [0x0000000080000000, 0x0000000100000000)
  region size 1024K, 5 young (5120K), 5 survivors (5120K)
 Metaspace       used 55140K, committed 56576K, reserved 1114112K
  class space    used 7484K, committed 8192K, reserved 1048576K
}
Event: 13.097 GC heap before
{Heap before GC invocations=13 (full 0):
 garbage-first heap   total 82944K, used 67172K [0x0000000080000000, 0x0000000100000000)
  region size 1024K, 36 young (36864K), 5 survivors (5120K)
 Metaspace       used 59563K, committed 60928K, reserved 1114112K
  class space    used 8136K, committed 8832K, reserved 1048576K
}
Event: 13.104 GC heap after
{Heap after GC invocations=14 (full 0):
 garbage-first heap   total 82944K, used 38639K [0x0000000080000000, 0x0000000100000000)
  region size 1024K, 4 young (4096K), 4 survivors (4096K)
 Metaspace       used 59563K, committed 60928K, reserved 1114112K
  class space    used 8136K, committed 8832K, reserved 1048576K
}
Event: 14.416 GC heap before
{Heap before GC invocations=15 (full 0):
 garbage-first heap   total 82944K, used 72431K [0x0000000080000000, 0x0000000100000000)
  region size 1024K, 37 young (37888K), 4 survivors (4096K)
 Metaspace       used 63833K, committed 65408K, reserved 1114112K
  class space    used 8839K, committed 9600K, reserved 1048576K
}
Event: 14.425 GC heap after
{Heap after GC invocations=16 (full 0):
 garbage-first heap   total 82944K, used 40830K [0x0000000080000000, 0x0000000100000000)
  region size 1024K, 5 young (5120K), 5 survivors (5120K)
 Metaspace       used 63833K, committed 65408K, reserved 1114112K
  class space    used 8839K, committed 9600K, reserved 1048576K
}
Event: 15.693 GC heap before
{Heap before GC invocations=16 (full 0):
 garbage-first heap   total 82944K, used 71550K [0x0000000080000000, 0x0000000100000000)
  region size 1024K, 35 young (35840K), 5 survivors (5120K)
 Metaspace       used 65289K, committed 66880K, reserved 1114112K
  class space    used 9032K, committed 9792K, reserved 1048576K
}
Event: 15.706 GC heap after
{Heap after GC invocations=17 (full 0):
 garbage-first heap   total 82944K, used 45090K [0x0000000080000000, 0x0000000100000000)
  region size 1024K, 5 young (5120K), 5 survivors (5120K)
 Metaspace       used 65289K, committed 66880K, reserved 1114112K
  class space    used 9032K, committed 9792K, reserved 1048576K
}
Event: 16.038 GC heap before
{Heap before GC invocations=17 (full 0):
 garbage-first heap   total 82944K, used 70690K [0x0000000080000000, 0x0000000100000000)
  region size 1024K, 31 young (31744K), 5 survivors (5120K)
 Metaspace       used 65623K, committed 67136K, reserved 1114112K
  class space    used 9059K, committed 9792K, reserved 1048576K
}
Event: 16.047 GC heap after
{Heap after GC invocations=18 (full 0):
 garbage-first heap   total 82944K, used 48343K [0x0000000080000000, 0x0000000100000000)
  region size 1024K, 4 young (4096K), 4 survivors (4096K)
 Metaspace       used 65623K, committed 67136K, reserved 1114112K
  class space    used 9059K, committed 9792K, reserved 1048576K
}
Event: 16.349 GC heap before
{Heap before GC invocations=19 (full 0):
 garbage-first heap   total 92160K, used 71895K [0x0000000080000000, 0x0000000100000000)
  region size 1024K, 28 young (28672K), 4 survivors (4096K)
 Metaspace       used 65772K, committed 67328K, reserved 1114112K
  class space    used 9059K, committed 9792K, reserved 1048576K
}
Event: 16.354 GC heap after
{Heap after GC invocations=20 (full 0):
 garbage-first heap   total 92160K, used 49272K [0x0000000080000000, 0x0000000100000000)
  region size 1024K, 4 young (4096K), 4 survivors (4096K)
 Metaspace       used 65772K, committed 67328K, reserved 1114112K
  class space    used 9059K, committed 9792K, reserved 1048576K
}
Event: 16.598 GC heap before
{Heap before GC invocations=20 (full 0):
 garbage-first heap   total 92160K, used 79992K [0x0000000080000000, 0x0000000100000000)
  region size 1024K, 35 young (35840K), 4 survivors (4096K)
 Metaspace       used 65896K, committed 67456K, reserved 1114112K
  class space    used 9059K, committed 9792K, reserved 1048576K
}
Event: 16.604 GC heap after
{Heap after GC invocations=21 (full 0):
 garbage-first heap   total 92160K, used 48061K [0x0000000080000000, 0x0000000100000000)
  region size 1024K, 4 young (4096K), 4 survivors (4096K)
 Metaspace       used 65896K, committed 67456K, reserved 1114112K
  class space    used 9059K, committed 9792K, reserved 1048576K
}
Event: 16.859 GC heap before
{Heap before GC invocations=21 (full 0):
 garbage-first heap   total 92160K, used 79805K [0x0000000080000000, 0x0000000100000000)
  region size 1024K, 36 young (36864K), 4 survivors (4096K)
 Metaspace       used 65973K, committed 67520K, reserved 1114112K
  class space    used 9059K, committed 9792K, reserved 1048576K
}
Event: 16.866 GC heap after
{Heap after GC invocations=22 (full 0):
 garbage-first heap   total 92160K, used 48890K [0x0000000080000000, 0x0000000100000000)
  region size 1024K, 4 young (4096K), 4 survivors (4096K)
 Metaspace       used 65973K, committed 67520K, reserved 1114112K
  class space    used 9059K, committed 9792K, reserved 1048576K
}
Event: 17.654 GC heap before
{Heap before GC invocations=23 (full 0):
 garbage-first heap   total 94208K, used 82682K [0x0000000080000000, 0x0000000100000000)
  region size 1024K, 35 young (35840K), 4 survivors (4096K)
 Metaspace       used 66620K, committed 68160K, reserved 1114112K
  class space    used 9170K, committed 9920K, reserved 1048576K
}
Event: 17.660 GC heap after
{Heap after GC invocations=24 (full 0):
 garbage-first heap   total 94208K, used 55179K [0x0000000080000000, 0x0000000100000000)
  region size 1024K, 5 young (5120K), 5 survivors (5120K)
 Metaspace       used 66620K, committed 68160K, reserved 1114112K
  class space    used 9170K, committed 9920K, reserved 1048576K
}

Dll operation events (3 events):
Event: 0.013 Loaded shared library C:\Program Files\Android\Android Studio\jbr\bin\java.dll
Event: 0.021 Loaded shared library C:\Program Files\Android\Android Studio\jbr\bin\zip.dll
Event: 0.831 Loaded shared library C:\Program Files\Android\Android Studio\jbr\bin\verify.dll

Deoptimization events (20 events):
Event: 17.790 Thread 0x000002086de9b1a0 DEOPT PACKING pc=0x000002085b34e104 sp=0x000000dafb9f8510
Event: 17.790 Thread 0x000002086de9b1a0 DEOPT UNPACKING pc=0x000002085acb46a2 sp=0x000000dafb9f8490 mode 2
Event: 17.816 Thread 0x000002086de9b1a0 Uncommon trap: trap_request=0xffffffde fr.pc=0x000002085b496c54 relative=0x0000000000006b14
Event: 17.816 Thread 0x000002086de9b1a0 Uncommon trap: reason=class_check action=maybe_recompile pc=0x000002085b496c54 method=java.util.jar.JarFile.getManifestFromReference()Ljava/util/jar/Manifest; @ 152 c2
Event: 17.816 Thread 0x000002086de9b1a0 DEOPT PACKING pc=0x000002085b496c54 sp=0x000000dafb9f6b80
Event: 17.816 Thread 0x000002086de9b1a0 DEOPT UNPACKING pc=0x000002085acb46a2 sp=0x000000dafb9f69e8 mode 2
Event: 17.959 Thread 0x000002086de9b1a0 Uncommon trap: trap_request=0xffffffde fr.pc=0x000002085b496c54 relative=0x0000000000006b14
Event: 17.959 Thread 0x000002086de9b1a0 Uncommon trap: reason=class_check action=maybe_recompile pc=0x000002085b496c54 method=java.util.jar.JarFile.getManifestFromReference()Ljava/util/jar/Manifest; @ 152 c2
Event: 17.959 Thread 0x000002086de9b1a0 DEOPT PACKING pc=0x000002085b496c54 sp=0x000000dafb9f7250
Event: 17.959 Thread 0x000002086de9b1a0 DEOPT UNPACKING pc=0x000002085acb46a2 sp=0x000000dafb9f70b8 mode 2
Event: 18.092 Thread 0x000002086de9b1a0 Uncommon trap: trap_request=0xffffffde fr.pc=0x000002085b496c54 relative=0x0000000000006b14
Event: 18.092 Thread 0x000002086de9b1a0 Uncommon trap: reason=class_check action=maybe_recompile pc=0x000002085b496c54 method=java.util.jar.JarFile.getManifestFromReference()Ljava/util/jar/Manifest; @ 152 c2
Event: 18.092 Thread 0x000002086de9b1a0 DEOPT PACKING pc=0x000002085b496c54 sp=0x000000dafb9f6c20
Event: 18.092 Thread 0x000002086de9b1a0 DEOPT UNPACKING pc=0x000002085acb46a2 sp=0x000000dafb9f6a88 mode 2
Event: 18.096 Thread 0x000002086de9b1a0 DEOPT PACKING pc=0x00000208539d1fc1 sp=0x000000dafb9f4b90
Event: 18.096 Thread 0x000002086de9b1a0 DEOPT UNPACKING pc=0x000002085acb4e42 sp=0x000000dafb9f4100 mode 0
Event: 18.153 Thread 0x000002086de9b1a0 DEOPT PACKING pc=0x00000208539d1fc1 sp=0x000000dafb9f1c20
Event: 18.153 Thread 0x000002086de9b1a0 DEOPT UNPACKING pc=0x000002085acb4e42 sp=0x000000dafb9f1190 mode 0
Event: 18.271 Thread 0x000002086de9b1a0 DEOPT PACKING pc=0x000002085435d30a sp=0x000000dafb9f3390
Event: 18.271 Thread 0x000002086de9b1a0 DEOPT UNPACKING pc=0x000002085acb4e42 sp=0x000000dafb9f28a0 mode 0

Classes loaded (20 events):
Event: 14.979 Loading class java/util/Collections$ReverseComparator
Event: 14.980 Loading class java/util/Collections$ReverseComparator done
Event: 14.980 Loading class java/util/Collections$ReverseComparator2
Event: 14.980 Loading class java/util/Collections$ReverseComparator2 done
Event: 17.021 Loading class java/lang/foreign/MemorySegment
Event: 17.023 Loading class java/lang/foreign/MemorySegment done
Event: 17.148 Loading class java/util/stream/SortedOps$RefSortingSink
Event: 17.149 Loading class java/util/stream/SortedOps$RefSortingSink done
Event: 17.169 Loading class java/time/Ser
Event: 17.169 Loading class java/time/Ser done
Event: 17.407 Loading class java/lang/ProcessBuilder
Event: 17.408 Loading class java/lang/ProcessBuilder done
Event: 17.784 Loading class java/lang/ThreadDeath
Event: 17.784 Loading class java/lang/ThreadDeath done
Event: 17.784 Loading class sun/misc/SharedSecrets
Event: 17.784 Loading class sun/misc/SharedSecrets done
Event: 17.790 Loading class sun/invoke/util/ValueConversions$1
Event: 17.790 Loading class sun/invoke/util/ValueConversions$1 done
Event: 17.791 Loading class java/lang/invoke/BoundMethodHandle$Species_LI
Event: 17.791 Loading class java/lang/invoke/BoundMethodHandle$Species_LI done

Classes unloaded (0 events):
No events

Classes redefined (0 events):
No events

Internal exceptions (20 events):
Event: 15.464 Thread 0x000002086de9b1a0 Exception <a 'java/lang/NoSuchMethodError'{0x0000000083f8f648}: 'java.lang.Object java.lang.invoke.Invokers$Holder.linkToTargetMethod(java.lang.Object, java.lang.Object, java.lang.Object, int, java.lang.Object, java.lang.Object)'> (0x0000000083f8f648) 
thrown [s\src\hotspot\share\interpreter\linkResolver.cpp, line 784]
Event: 16.018 Thread 0x000002086de9b1a0 Exception <a 'java/lang/NoSuchMethodError'{0x000000008387b638}: 'java.lang.Object java.lang.invoke.DirectMethodHandle$Holder.invokeSpecialIFC(java.lang.Object, java.lang.Object, java.lang.Object)'> (0x000000008387b638) 
thrown [s\src\hotspot\share\interpreter\linkResolver.cpp, line 784]
Event: 17.140 Thread 0x000002086de9b1a0 Exception <a 'java/lang/NoSuchMethodError'{0x00000000849ed4b0}: 'void java.lang.invoke.DirectMethodHandle$Holder.invokeInterface(java.lang.Object, java.lang.Object, java.lang.Object, java.lang.Object)'> (0x00000000849ed4b0) 
thrown [s\src\hotspot\share\interpreter\linkResolver.cpp, line 784]
Event: 17.146 Thread 0x000002086de9b1a0 Exception <a 'java/lang/NoSuchMethodError'{0x0000000084814950}: 'long java.lang.invoke.DirectMethodHandle$Holder.invokeVirtual(java.lang.Object, java.lang.Object)'> (0x0000000084814950) 
thrown [s\src\hotspot\share\interpreter\linkResolver.cpp, line 784]
Event: 17.154 Thread 0x000002086de97d20 Exception <a 'java/lang/NoSuchMethodError'{0x0000000084846bd0}: static Lorg/gradle/internal/build/event/types/DefaultOperationFinishedProgressEvent;.<clinit>()V> (0x0000000084846bd0) 
thrown [s\src\hotspot\share\prims\jni.cpp, line 1126]
Event: 17.159 Thread 0x000002086de97d20 Exception <a 'java/lang/NoSuchMethodError'{0x0000000084890f10}: static Lorg/gradle/internal/build/event/types/DefaultProjectConfigurationSuccessResult;.<clinit>()V> (0x0000000084890f10) 
thrown [s\src\hotspot\share\prims\jni.cpp, line 1126]
Event: 17.160 Thread 0x000002086de97d20 Exception <a 'java/lang/NoSuchMethodError'{0x0000000084892500}: static Lorg/gradle/internal/build/event/types/AbstractProjectConfigurationResult;.<clinit>()V> (0x0000000084892500) 
thrown [s\src\hotspot\share\prims\jni.cpp, line 1126]
Event: 17.160 Thread 0x000002086de97d20 Exception <a 'java/lang/NoSuchMethodError'{0x0000000084893dd8}: static Lorg/gradle/internal/build/event/types/AbstractOperationResult;.<clinit>()V> (0x0000000084893dd8) 
thrown [s\src\hotspot\share\prims\jni.cpp, line 1126]
Event: 17.160 Thread 0x000002086de97d20 Exception <a 'java/lang/NoSuchMethodError'{0x0000000084895288}: static Lorg/gradle/internal/build/event/types/AbstractResult;.<clinit>()V> (0x0000000084895288) 
thrown [s\src\hotspot\share\prims\jni.cpp, line 1126]
Event: 17.164 Thread 0x000002086de97d20 Exception <a 'java/lang/NoSuchMethodError'{0x00000000848af320}: static Lorg/gradle/internal/build/event/types/DefaultPluginApplicationResult;.<clinit>()V> (0x00000000848af320) 
thrown [s\src\hotspot\share\prims\jni.cpp, line 1126]
Event: 17.167 Thread 0x000002086de97d20 Exception <a 'java/lang/NoSuchMethodError'{0x00000000848bc480}: static Lorg/gradle/internal/build/event/types/DefaultBinaryPluginIdentifier;.<clinit>()V> (0x00000000848bc480) 
thrown [s\src\hotspot\share\prims\jni.cpp, line 1126]
Event: 17.172 Thread 0x000002086de97d20 Exception <a 'java/lang/NoSuchMethodError'{0x0000000084709a90}: static Lorg/gradle/internal/build/event/types/DefaultScriptPluginIdentifier;.<clinit>()V> (0x0000000084709a90) 
thrown [s\src\hotspot\share\prims\jni.cpp, line 1126]
Event: 17.390 Thread 0x000002086de9b1a0 Exception <a 'java/lang/NoSuchMethodError'{0x00000000843f9900}: 'void java.lang.invoke.Invokers$Holder.invoke_MT(java.lang.Object, java.lang.Object, java.lang.Object, java.lang.Object)'> (0x00000000843f9900) 
thrown [s\src\hotspot\share\interpreter\linkResolver.cpp, line 784]
Event: 17.414 Thread 0x000002086de9b1a0 Exception <a 'java/lang/NoSuchMethodError'{0x0000000084272d80}: 'java.lang.Object java.lang.invoke.DirectMethodHandle$Holder.invokeSpecial(java.lang.Object, java.lang.Object, java.lang.Object, int, java.lang.Object, java.lang.Object)'> (0x0000000084272d80) 
thrown [s\src\hotspot\share\interpreter\linkResolver.cpp, line 784]
Event: 17.784 Thread 0x000002086de9b1a0 Exception <a 'java/lang/ClassNotFoundException'{0x00000000859e2310}: sun/misc/SharedSecrets> (0x00000000859e2310) 
thrown [s\src\hotspot\share\classfile\systemDictionary.cpp, line 312]
Event: 17.785 Thread 0x000002086de9b1a0 Exception <a 'java/lang/ClassNotFoundException'{0x00000000859e3928}: org/gradle/api/internal/plugins/DefaultObjectConfigurationActionBeanInfo> (0x00000000859e3928) 
thrown [s\src\hotspot\share\classfile\systemDictionary.cpp, line 312]
Event: 17.787 Thread 0x000002086de9b1a0 Exception <a 'java/lang/ClassNotFoundException'{0x00000000859f7598}: org/gradle/api/internal/plugins/DefaultObjectConfigurationActionCustomizer> (0x00000000859f7598) 
thrown [s\src\hotspot\share\classfile\systemDictionary.cpp, line 312]
Event: 17.790 Thread 0x000002086de9b1a0 Implicit null exception at 0x000002085b34de65 to 0x000002085b34e0f0
Event: 17.790 Thread 0x000002086de9b1a0 Exception <a 'java/lang/NoSuchMethodError'{0x0000000085805008}: 'int java.lang.invoke.DirectMethodHandle$Holder.invokeSpecial(java.lang.Object, java.lang.Object, java.lang.Object, int)'> (0x0000000085805008) 
thrown [s\src\hotspot\share\interpreter\linkResolver.cpp, line 784]
Event: 17.792 Thread 0x000002086de9b1a0 Exception <a 'java/lang/NoSuchMethodError'{0x0000000085815ed8}: 'java.lang.Object java.lang.invoke.DirectMethodHandle$Holder.invokeStatic(java.lang.Object, java.lang.Object, java.lang.Object, java.lang.Object, int)'> (0x0000000085815ed8) 
thrown [s\src\hotspot\share\interpreter\linkResolver.cpp, line 784]

ZGC Phase Switch (0 events):
No events

VM Operations (20 events):
Event: 16.123 Executing VM operation: G1PauseRemark
Event: 16.131 Executing VM operation: G1PauseRemark done
Event: 16.165 Executing VM operation: G1PauseCleanup
Event: 16.183 Executing VM operation: G1PauseCleanup done
Event: 16.349 Executing VM operation: G1CollectForAllocation (G1 Evacuation Pause)
Event: 16.356 Executing VM operation: G1CollectForAllocation (G1 Evacuation Pause) done
Event: 16.598 Executing VM operation: G1CollectForAllocation (G1 Evacuation Pause)
Event: 16.605 Executing VM operation: G1CollectForAllocation (G1 Evacuation Pause) done
Event: 16.859 Executing VM operation: G1CollectForAllocation (G1 Evacuation Pause)
Event: 16.868 Executing VM operation: G1CollectForAllocation (G1 Evacuation Pause) done
Event: 16.957 Executing VM operation: G1PauseRemark
Event: 16.964 Executing VM operation: G1PauseRemark done
Event: 16.998 Executing VM operation: G1PauseCleanup
Event: 16.998 Executing VM operation: G1PauseCleanup done
Event: 17.384 Executing VM operation: ICBufferFull
Event: 17.384 Executing VM operation: ICBufferFull done
Event: 17.546 Executing VM operation: HandshakeAllThreads (Deoptimize)
Event: 17.547 Executing VM operation: HandshakeAllThreads (Deoptimize) done
Event: 17.654 Executing VM operation: G1CollectForAllocation (G1 Evacuation Pause)
Event: 17.660 Executing VM operation: G1CollectForAllocation (G1 Evacuation Pause) done

Events (20 events):
Event: 16.963 Thread 0x0000020867cbb840 flushing nmethod 0x000002085373ee90
Event: 16.963 Thread 0x0000020867cbb840 flushing nmethod 0x000002085b420010
Event: 16.963 Thread 0x0000020867cbb840 flushing nmethod 0x000002085b404d10
Event: 16.963 Thread 0x0000020867cbb840 flushing nmethod 0x000002085b3eb910
Event: 16.963 Thread 0x0000020867cbb840 flushing nmethod 0x000002085b342390
Event: 16.963 Thread 0x0000020867cbb840 flushing nmethod 0x000002085b336610
Event: 16.963 Thread 0x0000020867cbb840 flushing nmethod 0x000002085b3d2890
Event: 16.963 Thread 0x0000020867cbb840 flushing nmethod 0x000002085b413090
Event: 16.963 Thread 0x0000020867cbb840 flushing nmethod 0x000002085b3db310
Event: 16.963 Thread 0x0000020867cbb840 flushing nmethod 0x000002085b3aa990
Event: 16.963 Thread 0x0000020867cbb840 flushing nmethod 0x000002085b3a9990
Event: 16.963 Thread 0x0000020867cbb840 flushing nmethod 0x000002085b3abf90
Event: 16.963 Thread 0x0000020867cbb840 flushing nmethod 0x000002085b371190
Event: 16.963 Thread 0x0000020867cbb840 flushing nmethod 0x000002085b324290
Event: 16.963 Thread 0x0000020867cbb840 flushing nmethod 0x000002085b2fdd90
Event: 16.963 Thread 0x0000020867cbb840 flushing nmethod 0x000002085b2c1390
Event: 16.964 Thread 0x0000020867cbb840 flushing nmethod 0x000002085b293710
Event: 16.964 Thread 0x0000020867cbb840 flushing nmethod 0x000002085b237b10
Event: 16.964 Thread 0x0000020867cbb840 flushing nmethod 0x000002085b22cf90
Event: 16.964 Thread 0x0000020867cbb840 flushing nmethod 0x000002085b21fb90


Dynamic libraries:
0x00007ff742cf0000 - 0x00007ff742cfa000 	C:\Program Files\Android\Android Studio\jbr\bin\java.exe
0x00007ff9d3170000 - 0x00007ff9d3368000 	C:\Windows\SYSTEM32\ntdll.dll
0x00007ff9d17d0000 - 0x00007ff9d1892000 	C:\Windows\System32\KERNEL32.DLL
0x00007ff9d09e0000 - 0x00007ff9d0cd6000 	C:\Windows\System32\KERNELBASE.dll
0x00007ff9d0ce0000 - 0x00007ff9d0de0000 	C:\Windows\System32\ucrtbase.dll
0x00007ff9c0af0000 - 0x00007ff9c0b0b000 	C:\Program Files\Android\Android Studio\jbr\bin\VCRUNTIME140.dll
0x00007ff9c28a0000 - 0x00007ff9c28b8000 	C:\Program Files\Android\Android Studio\jbr\bin\jli.dll
0x00007ff9d18a0000 - 0x00007ff9d1a3d000 	C:\Windows\System32\USER32.dll
0x00007ff9bf4a0000 - 0x00007ff9bf73a000 	C:\Windows\WinSxS\amd64_microsoft.windows.common-controls_6595b64144ccf1df_6.0.19041.5794_none_60bcd33171f2783c\COMCTL32.dll
0x00007ff9d09b0000 - 0x00007ff9d09d2000 	C:\Windows\System32\win32u.dll
0x00007ff9d3090000 - 0x00007ff9d312e000 	C:\Windows\System32\msvcrt.dll
0x00007ff9d11a0000 - 0x00007ff9d11cb000 	C:\Windows\System32\GDI32.dll
0x00007ff9d1000000 - 0x00007ff9d111a000 	C:\Windows\System32\gdi32full.dll
0x00007ff9d0860000 - 0x00007ff9d08fd000 	C:\Windows\System32\msvcp_win.dll
0x00007ff9d2bd0000 - 0x00007ff9d2bff000 	C:\Windows\System32\IMM32.DLL
0x00007ff9cb6d0000 - 0x00007ff9cb6dc000 	C:\Program Files\Android\Android Studio\jbr\bin\vcruntime140_1.dll
0x00007ff9a5cc0000 - 0x00007ff9a5d4d000 	C:\Program Files\Android\Android Studio\jbr\bin\msvcp140.dll
0x00007ff957130000 - 0x00007ff957dad000 	C:\Program Files\Android\Android Studio\jbr\bin\server\jvm.dll
0x00007ff9d1a40000 - 0x00007ff9d1aef000 	C:\Windows\System32\ADVAPI32.dll
0x00007ff9d2870000 - 0x00007ff9d290f000 	C:\Windows\System32\sechost.dll
0x00007ff9d16a0000 - 0x00007ff9d17c3000 	C:\Windows\System32\RPCRT4.dll
0x00007ff9d0de0000 - 0x00007ff9d0e07000 	C:\Windows\System32\bcrypt.dll
0x00007ff9d1c20000 - 0x00007ff9d1c8b000 	C:\Windows\System32\WS2_32.dll
0x00007ff9d0670000 - 0x00007ff9d06bb000 	C:\Windows\SYSTEM32\POWRPROF.dll
0x00007ff9c4d20000 - 0x00007ff9c4d47000 	C:\Windows\SYSTEM32\WINMM.dll
0x00007ff9c6750000 - 0x00007ff9c675a000 	C:\Windows\SYSTEM32\VERSION.dll
0x00007ff9d0650000 - 0x00007ff9d0662000 	C:\Windows\SYSTEM32\UMPDC.dll
0x00007ff9ce690000 - 0x00007ff9ce6a2000 	C:\Windows\SYSTEM32\kernel.appcore.dll
0x00007ff9c7ad0000 - 0x00007ff9c7ada000 	C:\Program Files\Android\Android Studio\jbr\bin\jimage.dll
0x00007ff9c7b80000 - 0x00007ff9c7d81000 	C:\Windows\SYSTEM32\DBGHELP.DLL
0x00007ff9bc650000 - 0x00007ff9bc684000 	C:\Windows\SYSTEM32\dbgcore.DLL
0x00007ff9d0e10000 - 0x00007ff9d0e92000 	C:\Windows\System32\bcryptPrimitives.dll
0x00007ff9af190000 - 0x00007ff9af19e000 	C:\Program Files\Android\Android Studio\jbr\bin\instrument.dll
0x00007ff9c0a80000 - 0x00007ff9c0a9f000 	C:\Program Files\Android\Android Studio\jbr\bin\java.dll
0x00007ff9c0a60000 - 0x00007ff9c0a78000 	C:\Program Files\Android\Android Studio\jbr\bin\zip.dll
0x00007ff9d1c90000 - 0x00007ff9d23fe000 	C:\Windows\System32\SHELL32.dll
0x00007ff9ce890000 - 0x00007ff9cf033000 	C:\Windows\SYSTEM32\windows.storage.dll
0x00007ff9d2d30000 - 0x00007ff9d3083000 	C:\Windows\System32\combase.dll
0x00007ff9d01d0000 - 0x00007ff9d01fb000 	C:\Windows\SYSTEM32\Wldp.dll
0x00007ff9d12a0000 - 0x00007ff9d136d000 	C:\Windows\System32\OLEAUT32.dll
0x00007ff9d2b20000 - 0x00007ff9d2bcd000 	C:\Windows\System32\SHCORE.dll
0x00007ff9d2ac0000 - 0x00007ff9d2b15000 	C:\Windows\System32\shlwapi.dll
0x00007ff9d0740000 - 0x00007ff9d0765000 	C:\Windows\SYSTEM32\profapi.dll
0x00007ff9beaa0000 - 0x00007ff9beab0000 	C:\Program Files\Android\Android Studio\jbr\bin\net.dll
0x00007ff9c6e90000 - 0x00007ff9c6f9a000 	C:\Windows\SYSTEM32\WINHTTP.dll
0x00007ff9cfed0000 - 0x00007ff9cff3c000 	C:\Windows\system32\mswsock.dll
0x00007ff9bea80000 - 0x00007ff9bea96000 	C:\Program Files\Android\Android Studio\jbr\bin\nio.dll
0x00007ff9a2d00000 - 0x00007ff9a2d10000 	C:\Program Files\Android\Android Studio\jbr\bin\verify.dll
0x00007ff9a4ab0000 - 0x00007ff9a4ad7000 	C:\Users\Dell\.gradle\native\c067742578af261105cb4f569cf0c3c89f3d7b1fecec35dd04571415982c5e48\windows-amd64\native-platform.dll
0x00007ff9a4850000 - 0x00007ff9a4994000 	C:\Users\Dell\.gradle\native\100fb08df4bc3b14c8652ba06237920a3bd2aa13389f12d3474272988ae205f9\windows-amd64\native-platform-file-events.dll
0x00007ff9a7bf0000 - 0x00007ff9a7bf9000 	C:\Program Files\Android\Android Studio\jbr\bin\management.dll
0x00007ff9a7930000 - 0x00007ff9a793b000 	C:\Program Files\Android\Android Studio\jbr\bin\management_ext.dll
0x00007ff9d1260000 - 0x00007ff9d1268000 	C:\Windows\System32\PSAPI.DLL
0x00007ff9d00d0000 - 0x00007ff9d00e8000 	C:\Windows\SYSTEM32\CRYPTSP.dll
0x00007ff9cf7f0000 - 0x00007ff9cf828000 	C:\Windows\system32\rsaenh.dll
0x00007ff9d06c0000 - 0x00007ff9d06ee000 	C:\Windows\SYSTEM32\USERENV.dll
0x00007ff9d00c0000 - 0x00007ff9d00cc000 	C:\Windows\SYSTEM32\CRYPTBASE.dll
0x00007ff9cfbb0000 - 0x00007ff9cfbeb000 	C:\Windows\SYSTEM32\IPHLPAPI.DLL
0x00007ff9d1290000 - 0x00007ff9d1298000 	C:\Windows\System32\NSI.dll
0x00007ff9a9c90000 - 0x00007ff9a9c99000 	C:\Program Files\Android\Android Studio\jbr\bin\extnet.dll
0x00007ff9aae00000 - 0x00007ff9aae07000 	C:\Windows\system32\wshunix.dll

dbghelp: loaded successfully - version: 4.0.5 - missing functions: none
symbol engine: initialized successfully - sym options: 0x614 - pdb path: .;C:\Program Files\Android\Android Studio\jbr\bin;C:\Windows\SYSTEM32;C:\Windows\WinSxS\amd64_microsoft.windows.common-controls_6595b64144ccf1df_6.0.19041.5794_none_60bcd33171f2783c;C:\Program Files\Android\Android Studio\jbr\bin\server;C:\Users\Dell\.gradle\native\c067742578af261105cb4f569cf0c3c89f3d7b1fecec35dd04571415982c5e48\windows-amd64;C:\Users\Dell\.gradle\native\100fb08df4bc3b14c8652ba06237920a3bd2aa13389f12d3474272988ae205f9\windows-amd64

VM Arguments:
jvm_args: --add-opens=java.base/java.util=ALL-UNNAMED --add-opens=java.base/java.lang=ALL-UNNAMED --add-opens=java.base/java.lang.invoke=ALL-UNNAMED --add-opens=java.prefs/java.util.prefs=ALL-UNNAMED --add-exports=jdk.compiler/com.sun.tools.javac.api=ALL-UNNAMED --add-exports=jdk.compiler/com.sun.tools.javac.util=ALL-UNNAMED --add-opens=java.base/java.nio.charset=ALL-UNNAMED --add-opens=java.base/java.net=ALL-UNNAMED --add-opens=java.base/java.util.concurrent.atomic=ALL-UNNAMED -Xmx2048m -Dfile.encoding=UTF-8 -Duser.country=VN -Duser.language=vi -Duser.variant -javaagent:C:\Users\Dell\.gradle\wrapper\dists\gradle-8.9-bin\90cnw93cvbtalezasaz0blq0a\gradle-8.9\lib\agents\gradle-instrumentation-agent-8.9.jar 
java_command: org.gradle.launcher.daemon.bootstrap.GradleDaemon 8.9
java_class_path (initial): C:\Users\Dell\.gradle\wrapper\dists\gradle-8.9-bin\90cnw93cvbtalezasaz0blq0a\gradle-8.9\lib\gradle-daemon-main-8.9.jar
Launcher Type: SUN_STANDARD

[Global flags]
     intx CICompilerCount                          = 4                                         {product} {ergonomic}
     uint ConcGCThreads                            = 2                                         {product} {ergonomic}
     uint G1ConcRefinementThreads                  = 8                                         {product} {ergonomic}
   size_t G1HeapRegionSize                         = 1048576                                   {product} {ergonomic}
    uintx GCDrainStackTargetSize                   = 64                                        {product} {ergonomic}
   size_t InitialHeapSize                          = 100663296                                 {product} {ergonomic}
   size_t MarkStackSize                            = 4194304                                   {product} {ergonomic}
   size_t MaxHeapSize                              = 2147483648                                {product} {command line}
   size_t MaxNewSize                               = 1287651328                                {product} {ergonomic}
   size_t MinHeapDeltaBytes                        = 1048576                                   {product} {ergonomic}
   size_t MinHeapSize                              = 8388608                                   {product} {ergonomic}
    uintx NonNMethodCodeHeapSize                   = 5839372                                {pd product} {ergonomic}
    uintx NonProfiledCodeHeapSize                  = 122909434                              {pd product} {ergonomic}
    uintx ProfiledCodeHeapSize                     = 122909434                              {pd product} {ergonomic}
    uintx ReservedCodeCacheSize                    = 251658240                              {pd product} {ergonomic}
     bool SegmentedCodeCache                       = true                                      {product} {ergonomic}
   size_t SoftMaxHeapSize                          = 2147483648                             {manageable} {ergonomic}
     bool UseCompressedOops                        = true                           {product lp64_product} {ergonomic}
     bool UseG1GC                                  = true                                      {product} {ergonomic}
     bool UseLargePagesIndividualAllocation        = false                                  {pd product} {ergonomic}

Logging:
Log output configuration:
 #0: stdout all=warning uptime,level,tags foldmultilines=false
 #1: stderr all=off uptime,level,tags foldmultilines=false

Environment Variables:
JAVA_HOME=C:\Program Files\Java\jdk-21
PATH=C:\Python313\Scripts\;C:\Python313\;C:\Program Files (x86)\VMware\VMware Workstation\bin\;C:\Program Files\Common Files\Oracle\Java\javapath;C:\Program Files\Microsoft MPI\Bin\;C:\Windows\system32;C:\Windows;C:\Windows\System32\Wbem;C:\Windows\System32\WindowsPowerShell\v1.0\;C:\Windows\System32\OpenSSH\;C:\msys64\mingw64\bin;C:\Program Files\Java\jdk-20\bin;C:\Program Files\Azure Data Studio\bin;C:\Program Files (x86)\Microsoft SQL Server\160\DTS\Binn\;C:\Program Files (x86)\Microsoft SQL Server\160\Tools\Binn\;C:\Program Files\Microsoft SQL Server\160\Tools\Binn\;C:\Program Files\Microsoft SQL Server\Client SDK\ODBC\170\Tools\Binn\;C:\Program Files\Microsoft SQL Server\160\DTS\Binn\;C:\Windows Application\Web\apache-maven-3.6.3\bin;C:\Program Files\dotnet\;C:\Program Files\Git\cmd;C:\users\dell\pycharm community edition 2024.2.3\bin\pycharm64.exe;C:\Program Files\CMake\bin;C:\python12;C:\Users\Dell\Documents\Wireshark;C:\Program Files\nodejs\;C:\ProgramData\chocolatey\bin;C:\Program Files\Java\jdk-21;C:\Program Files\MySQL\MySQL Shell 8.0\bin\;C:\python12\Scripts\;C:\python12\;C:\Users\Dell\AppData\Local\Microsoft\WindowsApps;C:\Users\Dell\AppData\Local\Programs\Microsoft VS Code\bin;C:\Program Files\Azure Data Studio\C:\Windows Application\Web\apache-maven-3.6.3\bin;C:\Program Files\JetBrains\PyCharm 2023.2.3\bin;;C:\Users\Dell\PyCharm Community Edition 2024.2.3\bin;;C:\Users\Dell\.dotnet\tools;C:\Program Files\JetBrains\IntelliJ IDEA Community Edition 2024.3\bin;;C:\Users\Dell\Documents\Wireshark;C:\Users\Dell\AppData\Roaming\npm
USERNAME=Dell
OS=Windows_NT
PROCESSOR_IDENTIFIER=AMD64 Family 23 Model 24 Stepping 1, AuthenticAMD
TMP=C:\Users\Dell\AppData\Local\Temp
TEMP=C:\Users\Dell\AppData\Local\Temp




Periodic native trim disabled

JNI global refs:
JNI global refs: 26, weak refs: 2

JNI global refs memory usage: 835, weak refs: 833

Process memory usage:
Resident Set Size: 289232K (4% of 6174988K total physical memory with 294736K free physical memory)

OOME stack traces (most recent first):
Classloader memory used:
Loader org.gradle.internal.classloader.VisitableURLClassLoader                         : 33556K
Loader bootstrap                                                                       : 22773K
Loader org.gradle.initialization.MixInLegacyTypesClassLoader                           : 9405K
Loader org.gradle.internal.classloader.VisitableURLClassLoader$InstrumentingVisitableURLClassLoader: 1601K
Loader jdk.internal.loader.ClassLoaders$PlatformClassLoader                            : 529K
Loader jdk.internal.loader.ClassLoaders$AppClassLoader                                 : 230K
Loader jdk.internal.reflect.DelegatingClassLoader                                      : 130K
Loader org.gradle.internal.classloader.VisitableURLClassLoader                         : 117K

Classes loaded by more than one classloader:
Class Program                                                                         : loaded 4 times (x 71B)
Class [Lcom.google.common.base.AbstractIterator$State;                                : loaded 2 times (x 66B)
Class com.google.common.base.CharMatcher$IsEither                                     : loaded 2 times (x 108B)
Class org.gradle.internal.classloader.ClassLoaderHierarchy                            : loaded 2 times (x 67B)
Class com.google.common.collect.ImmutableList$1                                       : loaded 2 times (x 94B)
Class org.gradle.api.internal.classpath.ManifestUtil                                  : loaded 2 times (x 68B)
Class com.google.common.collect.UnmodifiableListIterator                              : loaded 2 times (x 92B)
Class org.gradle.internal.classloader.DefaultClassLoaderFactory                       : loaded 2 times (x 79B)
Class com.google.common.base.CharMatcher$None                                         : loaded 2 times (x 109B)
Class org.gradle.internal.classloader.ClassLoaderVisitor                              : loaded 2 times (x 73B)
Class org.gradle.api.internal.classpath.EffectiveClassPath                            : loaded 2 times (x 87B)
Class com.google.common.collect.ImmutableEnumMap                                      : loaded 2 times (x 122B)
Class com.google.common.collect.ListMultimap                                          : loaded 2 times (x 67B)
Class com.google.common.base.Splitter                                                 : loaded 2 times (x 69B)
Class org.gradle.api.internal.DefaultClassPathProvider                                : loaded 2 times (x 73B)
Class [Lorg.gradle.api.internal.ClassPathProvider;                                    : loaded 2 times (x 66B)
Class org.gradle.api.internal.ClassPathProvider                                       : loaded 2 times (x 67B)
Class com.google.common.base.AbstractIterator$State                                   : loaded 2 times (x 76B)
Class org.gradle.internal.service.UnknownServiceException                             : loaded 2 times (x 80B)
Class com.google.common.collect.MapDifference                                         : loaded 2 times (x 67B)
Class com.google.common.base.Splitter$1                                               : loaded 2 times (x 74B)
Class org.gradle.internal.classpath.TransformedClassPath                              : loaded 2 times (x 93B)
Class com.google.common.collect.Platform                                              : loaded 2 times (x 68B)
Class com.google.common.collect.UnmodifiableIterator                                  : loaded 2 times (x 77B)
Class org.gradle.internal.service.ServiceLocator                                      : loaded 2 times (x 67B)
Class com.google.common.collect.AbstractMultimap                                      : loaded 2 times (x 120B)
Class com.google.common.collect.RegularImmutableAsList                                : loaded 2 times (x 213B)
Class com.google.common.base.CharMatcher$RangesMatcher                                : loaded 2 times (x 109B)
Class com.google.common.collect.Lists$StringAsImmutableList                           : loaded 2 times (x 204B)
Class org.gradle.kotlin.dsl.VersionCatalogAccessorsKt                                 : loaded 2 times (x 68B)
Class com.google.common.base.CharMatcher$JavaLetterOrDigit                            : loaded 2 times (x 108B)
Class org.gradle.internal.InternalTransformer                                         : loaded 2 times (x 67B)
Class com.google.common.base.CharMatcher$And                                          : loaded 2 times (x 109B)
Class org.gradle.internal.classloader.ClasspathUtil$1                                 : loaded 2 times (x 73B)
Class com.google.common.collect.BiMap                                                 : loaded 2 times (x 67B)
Class org.gradle.api.internal.classpath.DefaultModuleRegistry$DefaultModule           : loaded 2 times (x 83B)
Class com.google.common.collect.Multiset                                              : loaded 2 times (x 67B)
Class com.google.common.collect.ArrayListMultimapGwtSerializationDependencies         : loaded 2 times (x 169B)
Class com.google.common.collect.ObjectArrays                                          : loaded 2 times (x 68B)
Class com.google.common.collect.AbstractIndexedListIterator                           : loaded 2 times (x 93B)
Class org.gradle.api.internal.classpath.Module                                        : loaded 2 times (x 67B)
Class org.gradle.api.internal.classpath.UnknownModuleException                        : loaded 2 times (x 79B)
Class com.google.common.base.NullnessCasts                                            : loaded 2 times (x 68B)
Class org.gradle.api.internal.DefaultClassPathRegistry                                : loaded 2 times (x 73B)
Class com.google.common.collect.Multimap                                              : loaded 2 times (x 67B)
Class org.gradle.api.internal.ClassPathRegistry                                       : loaded 2 times (x 67B)
Class org.gradle.internal.classpath.DefaultClassPath$ImmutableUniqueList              : loaded 2 times (x 196B)
Class com.google.common.collect.SingletonImmutableList                                : loaded 2 times (x 204B)
Class org.gradle.internal.classloader.FilteringClassLoader                            : loaded 2 times (x 102B)
Class Settings_gradle$1                                                               : loaded 2 times (x 71B)
Class org.gradle.internal.classpath.ClassPath                                         : loaded 2 times (x 67B)
Class org.gradle.api.UncheckedIOException                                             : loaded 2 times (x 79B)
Class com.google.common.collect.ImmutableList$ReverseImmutableList                    : loaded 2 times (x 205B)
Class com.google.common.base.JdkPattern                                               : loaded 2 times (x 72B)
Class com.google.common.collect.ImmutableMap$IteratorBasedImmutableMap                : loaded 2 times (x 122B)
Class com.google.common.collect.AbstractListMultimap                                  : loaded 2 times (x 169B)
Class org.gradle.internal.installation.GradleInstallation$1                           : loaded 2 times (x 72B)
Class org.gradle.api.internal.classpath.ModuleRegistry                                : loaded 2 times (x 67B)
Class com.google.common.base.Splitter$SplittingIterator                               : loaded 2 times (x 81B)
Class com.google.common.base.CharMatcher$ForPredicate                                 : loaded 2 times (x 109B)
Class com.google.common.collect.ImmutableCollection                                   : loaded 2 times (x 122B)
Class com.google.common.base.CharMatcher$AnyOf                                        : loaded 2 times (x 109B)
Class org.gradle.api.internal.classpath.DefaultModuleRegistry                         : loaded 2 times (x 80B)
Class com.google.common.base.Converter                                                : loaded 2 times (x 87B)
Class com.google.common.collect.Lists                                                 : loaded 2 times (x 68B)
Class com.google.common.base.CharMatcher$Any                                          : loaded 2 times (x 109B)
Class com.google.common.collect.AbstractMapBasedMultimap                              : loaded 2 times (x 136B)
Class com.google.common.collect.ImmutableAsList                                       : loaded 2 times (x 206B)
Class com.google.common.collect.Maps$EntryTransformer                                 : loaded 2 times (x 67B)
Class org.gradle.internal.service.ServiceLookupException                              : loaded 2 times (x 79B)
Class com.google.common.base.CharMatcher$JavaLetter                                   : loaded 2 times (x 108B)
Class org.gradle.internal.classloader.ClassLoaderFactory                              : loaded 2 times (x 67B)
Class com.google.common.base.CharMatcher$IsNot                                        : loaded 2 times (x 108B)
Class com.google.common.base.CommonPattern                                            : loaded 2 times (x 71B)
Class org.gradle.internal.service.CachingServiceLocator                               : loaded 2 times (x 79B)
Class com.google.common.base.CharMatcher$JavaDigit                                    : loaded 2 times (x 108B)
Class com.google.common.base.Function                                                 : loaded 2 times (x 67B)
Class com.google.common.collect.RegularImmutableList                                  : loaded 2 times (x 209B)
Class org.gradle.internal.classloader.ClasspathUtil                                   : loaded 2 times (x 68B)
Class com.google.common.collect.Maps                                                  : loaded 2 times (x 68B)
Class com.google.common.base.CharMatcher$JavaUpperCase                                : loaded 2 times (x 108B)
Class org.gradle.api.specs.Spec                                                       : loaded 2 times (x 67B)
Class com.google.common.base.Platform                                                 : loaded 2 times (x 68B)
Class Build_gradle$1                                                                  : loaded 2 times (x 75B)
Class com.google.common.collect.Maps$8                                                : loaded 2 times (x 79B)
Class com.google.common.base.CharMatcher$Invisible                                    : loaded 2 times (x 109B)
Class org.gradle.internal.classloader.VisitableURLClassLoader$InstrumentingVisitableURLClassLoader: loaded 2 times (x 120B)
Class org.gradle.internal.classloader.VisitableURLClassLoader$Spec                    : loaded 2 times (x 71B)
Class org.gradle.internal.classpath.DefaultClassPath                                  : loaded 2 times (x 87B)
Class com.google.common.base.AbstractIterator                                         : loaded 2 times (x 77B)
Class com.google.common.base.CharMatcher$BitSetMatcher                                : loaded 2 times (x 109B)
Class com.google.common.base.CharMatcher$Ascii                                        : loaded 2 times (x 109B)
Class org.gradle.internal.classloader.ClassLoaderSpec                                 : loaded 2 times (x 68B)
Class com.google.common.base.CharMatcher$Or                                           : loaded 2 times (x 109B)
Class Settings_gradle$1$1                                                             : loaded 2 times (x 71B)
Class org.gradle.internal.classloader.VisitableURLClassLoader                         : loaded 2 times (x 114B)
Class Settings_gradle                                                                 : loaded 2 times (x 125B)
Class org.gradle.internal.Cast                                                        : loaded 2 times (x 68B)
Class org.gradle.api.Action                                                           : loaded 2 times (x 67B)
Class com.google.common.base.Strings                                                  : loaded 2 times (x 68B)
Class com.google.common.base.CharMatcher$FastMatcher                                  : loaded 2 times (x 108B)
Class org.gradle.internal.agents.InstrumentingClassLoader                             : loaded 2 times (x 67B)
Class com.google.common.collect.ImmutableMap                                          : loaded 2 times (x 117B)
Class com.google.common.base.Predicate                                                : loaded 2 times (x 67B)
Class org.gradle.internal.classpath.DefaultClassPath$ImmutableUniqueList$Builder      : loaded 2 times (x 72B)
Class com.google.common.base.CharMatcher$NegatedFastMatcher                           : loaded 2 times (x 110B)
Class com.google.common.collect.ArrayListMultimap                                     : loaded 2 times (x 169B)
Class com.google.common.base.AbstractIterator$1                                       : loaded 2 times (x 68B)
Class com.google.common.base.CharMatcher$Digit                                        : loaded 2 times (x 109B)
Class org.gradle.api.GradleException                                                  : loaded 2 times (x 79B)
Class com.google.common.collect.CollectPreconditions                                  : loaded 2 times (x 68B)
Class com.google.common.base.CharMatcher$JavaIsoControl                               : loaded 2 times (x 109B)
Class com.google.common.collect.SortedMapDifference                                   : loaded 2 times (x 67B)
Class com.google.common.base.CharMatcher$JavaLowerCase                                : loaded 2 times (x 108B)
Class com.google.common.base.Splitter$1$1                                             : loaded 2 times (x 83B)
Class com.google.common.base.CharMatcher$Whitespace                                   : loaded 2 times (x 109B)
Class org.gradle.internal.IoActions                                                   : loaded 2 times (x 68B)
Class com.google.common.base.CharMatcher$SingleWidth                                  : loaded 2 times (x 109B)
Class org.gradle.internal.classloader.SystemClassLoaderSpec                           : loaded 2 times (x 68B)
Class com.google.common.base.CharMatcher$Negated                                      : loaded 2 times (x 110B)
Class com.google.common.base.CharMatcher$Is                                           : loaded 2 times (x 108B)
Class com.google.common.base.PatternCompiler                                          : loaded 2 times (x 67B)
Class com.google.common.base.Preconditions                                            : loaded 2 times (x 68B)
Class com.google.common.base.CharMatcher                                              : loaded 2 times (x 108B)
Class com.google.common.base.CharMatcher$1                                            : loaded 2 times (x 110B)
Class com.google.common.base.CharMatcher$NamedFastMatcher                             : loaded 2 times (x 109B)
Class com.google.common.collect.Maps$BiMapConverter                                   : loaded 2 times (x 87B)
Class com.google.common.base.CharMatcher$InRange                                      : loaded 2 times (x 108B)
Class Build_gradle                                                                    : loaded 2 times (x 69B)
Class org.gradle.internal.installation.CurrentGradleInstallationLocator               : loaded 2 times (x 68B)
Class com.google.common.collect.ImmutableList                                         : loaded 2 times (x 203B)
Class org.gradle.internal.service.DefaultServiceLocator                               : loaded 2 times (x 80B)
Class org.gradle.internal.installation.CurrentGradleInstallation                      : loaded 2 times (x 70B)
Class com.google.common.collect.ImmutableList$SubList                                 : loaded 2 times (x 205B)
Class org.gradle.util.internal.GUtil                                                  : loaded 2 times (x 68B)
Class org.gradle.internal.installation.GradleInstallation                             : loaded 2 times (x 72B)
Class com.google.common.base.Splitter$Strategy                                        : loaded 2 times (x 67B)

---------------  S Y S T E M  ---------------

OS:
 Windows 10 , 64 bit Build 19041 (10.0.19041.5794)
OS uptime: 0 days 21:53 hours

CPU: total 8 (initial active 8) (8 cores per cpu, 2 threads per core) family 23 model 24 stepping 1 microcode 0x0, cx8, cmov, fxsr, ht, mmx, 3dnowpref, sse, sse2, sse3, ssse3, sse4a, sse4.1, sse4.2, popcnt, lzcnt, tsc, tscinvbit, avx, avx2, aes, clmul, bmi1, bmi2, adx, sha, fma, vzeroupper, clflush, clflushopt, rdtscp, f16c
Processor Information for all 8 processors :
  Max Mhz: 2100, Current Mhz: 2100, Mhz Limit: 2100

Memory: 4k page, system-wide physical 6030M (286M free)
TotalPageFile size 14632M (AvailPageFile size 6M)
current process WorkingSet (physical memory assigned to process): 283M, peak: 283M
current process commit charge ("private bytes"): 320M, peak: 321M

vm_info: OpenJDK 64-Bit Server VM (21.0.3+-12282718-b509.11) for windows-amd64 JRE (21.0.3+-12282718-b509.11), built on 2024-08-27T17:34:15Z by "builder" with MS VC++ 16.10 / 16.11 (VS2019)

END.
