#
# There is insufficient memory for the Java Runtime Environment to continue.
# Native memory allocation (malloc) failed to allocate 1626432 bytes. Error detail: Chunk::new
# Possible reasons:
#   The system is out of physical RAM or swap space
#   This process is running with CompressedOops enabled, and the Java Heap may be blocking the growth of the native heap
# Possible solutions:
#   Reduce memory load on the system
#   Increase physical memory or swap space
#   Check if swap backing store is full
#   Decrease Java heap size (-Xmx/-Xms)
#   Decrease number of Java threads
#   Decrease Java thread stack sizes (-Xss)
#   Set larger code cache with -XX:ReservedCodeCacheSize=
#   JVM is running with Unscaled Compressed Oops mode in which the Java heap is
#     placed in the first 4GB address space. The Java Heap base address is the
#     maximum limit for the native heap growth. Please use -XX:HeapBaseMinAddress
#     to set the Java Heap base and to place the Java Heap above 4GB virtual address.
# This output file may be truncated or incomplete.
#
#  Out of Memory Error (arena.cpp:168), pid=500, tid=7072
#
# JRE version: OpenJDK Runtime Environment (21.0.3) (build 21.0.3+-12282718-b509.11)
# Java VM: OpenJDK 64-Bit Server VM (21.0.3+-12282718-b509.11, mixed mode, tiered, compressed oops, compressed class ptrs, g1 gc, windows-amd64)
# No core dump will be written. Minidumps are not enabled by default on client versions of Windows
#

---------------  S U M M A R Y ------------

Command Line: --add-opens=java.base/java.util=ALL-UNNAMED --add-opens=java.base/java.lang=ALL-UNNAMED --add-opens=java.base/java.lang.invoke=ALL-UNNAMED --add-opens=java.prefs/java.util.prefs=ALL-UNNAMED --add-exports=jdk.compiler/com.sun.tools.javac.api=ALL-UNNAMED --add-exports=jdk.compiler/com.sun.tools.javac.util=ALL-UNNAMED --add-opens=java.base/java.nio.charset=ALL-UNNAMED --add-opens=java.base/java.net=ALL-UNNAMED --add-opens=java.base/java.util.concurrent.atomic=ALL-UNNAMED -Xmx2048m -Dfile.encoding=UTF-8 -Duser.country=VN -Duser.language=vi -Duser.variant -javaagent:C:\Users\Dell\.gradle\wrapper\dists\gradle-8.9-bin\90cnw93cvbtalezasaz0blq0a\gradle-8.9\lib\agents\gradle-instrumentation-agent-8.9.jar org.gradle.launcher.daemon.bootstrap.GradleDaemon 8.9

Host: AMD Ryzen 5 3500U with Radeon Vega Mobile Gfx  , 8 cores, 5G,  Windows 10 , 64 bit Build 19041 (10.0.19041.5794)
Time: Thu May 22 08:58:24 2025 SE Asia Standard Time elapsed time: 15.419337 seconds (0d 0h 0m 15s)

---------------  T H R E A D  ---------------

Current thread (0x000002365e75efe0):  JavaThread "C2 CompilerThread0" daemon [_thread_in_native, id=7072, stack(0x0000008dad300000,0x0000008dad400000) (1024K)]


Current CompileTask:
C2:  15419 8106       4       java.lang.invoke.MethodType::makeImpl (109 bytes)

Stack: [0x0000008dad300000,0x0000008dad400000]
Native frames: (J=compiled Java code, j=interpreted, Vv=VM code, C=native code)
V  [jvm.dll+0x6cafb9]
V  [jvm.dll+0x858523]
V  [jvm.dll+0x85aa7e]
V  [jvm.dll+0x85b163]
V  [jvm.dll+0x27d356]
V  [jvm.dll+0xbf93d]
V  [jvm.dll+0xbfe73]
V  [jvm.dll+0x3b1ceb]
V  [jvm.dll+0x37e787]
V  [jvm.dll+0x37dbfa]
V  [jvm.dll+0x246b02]
V  [jvm.dll+0x2460d1]
V  [jvm.dll+0x1c5804]
V  [jvm.dll+0x25575c]
V  [jvm.dll+0x253c36]
V  [jvm.dll+0x3ec996]
V  [jvm.dll+0x800d78]
V  [jvm.dll+0x6c98cd]
C  [ucrtbase.dll+0x21bb2]
C  [KERNEL32.DLL+0x17374]
C  [ntdll.dll+0x4cc91]


---------------  P R O C E S S  ---------------

Threads class SMR info:
_java_thread_list=0x0000023668c4ca30, length=54, elements={
0x0000023644d13760, 0x000002365e74bf70, 0x000002365e730580, 0x000002365e754ee0,
0x000002365e755940, 0x000002365e731ff0, 0x000002365e732660, 0x000002365e75efe0,
0x000002365e73b0f0, 0x000002365e869620, 0x000002365ea4a050, 0x0000023664716410,
0x00000236647a8710, 0x0000023664837660, 0x00000236649d7320, 0x0000023664820130,
0x0000023664b827d0, 0x0000023664cc9480, 0x0000023664cc9b10, 0x0000023664cca1a0,
0x0000023664cca830, 0x0000023664ccc270, 0x0000023664ccaec0, 0x0000023664ccb550,
0x0000023664cc8df0, 0x0000023667ca1500, 0x0000023667c9c640, 0x0000023667c9ccd0,
0x0000023667c9e710, 0x0000023667c9d360, 0x0000023667c9fac0, 0x0000023667c9e080,
0x0000023667ca28b0, 0x0000023667ca0e70, 0x0000023665ec6280, 0x0000023665ec6fa0,
0x0000023665ec7630, 0x0000023665ec6910, 0x0000023665ec7cc0, 0x0000023665ec4840,
0x0000023665ec4ed0, 0x0000023665ec5560, 0x0000023665ec5bf0, 0x00000236632c2c80,
0x00000236632c53e0, 0x00000236632c0520, 0x00000236632c0bb0, 0x00000236632bf800,
0x00000236632bfe90, 0x00000236632c18d0, 0x00000236632c3310, 0x00000236632c5a70,
0x00000236632c1240, 0x00000236632c1f60
}

Java Threads: ( => current thread )
  0x0000023644d13760 JavaThread "main"                              [_thread_blocked, id=15608, stack(0x0000008dac500000,0x0000008dac600000) (1024K)]
  0x000002365e74bf70 JavaThread "Reference Handler"          daemon [_thread_blocked, id=10616, stack(0x0000008dacd00000,0x0000008dace00000) (1024K)]
  0x000002365e730580 JavaThread "Finalizer"                  daemon [_thread_blocked, id=10984, stack(0x0000008dace00000,0x0000008dacf00000) (1024K)]
  0x000002365e754ee0 JavaThread "Signal Dispatcher"          daemon [_thread_blocked, id=11612, stack(0x0000008dacf00000,0x0000008dad000000) (1024K)]
  0x000002365e755940 JavaThread "Attach Listener"            daemon [_thread_blocked, id=14512, stack(0x0000008dad000000,0x0000008dad100000) (1024K)]
  0x000002365e731ff0 JavaThread "Service Thread"             daemon [_thread_blocked, id=9088, stack(0x0000008dad100000,0x0000008dad200000) (1024K)]
  0x000002365e732660 JavaThread "Monitor Deflation Thread"   daemon [_thread_blocked, id=10436, stack(0x0000008dad200000,0x0000008dad300000) (1024K)]
=>0x000002365e75efe0 JavaThread "C2 CompilerThread0"         daemon [_thread_in_native, id=7072, stack(0x0000008dad300000,0x0000008dad400000) (1024K)]
  0x000002365e73b0f0 JavaThread "C1 CompilerThread0"         daemon [_thread_blocked, id=11680, stack(0x0000008dad400000,0x0000008dad500000) (1024K)]
  0x000002365e869620 JavaThread "Common-Cleaner"             daemon [_thread_blocked, id=2264, stack(0x0000008dad500000,0x0000008dad600000) (1024K)]
  0x000002365ea4a050 JavaThread "Notification Thread"        daemon [_thread_blocked, id=19444, stack(0x0000008dad600000,0x0000008dad700000) (1024K)]
  0x0000023664716410 JavaThread "Daemon health stats"               [_thread_blocked, id=3108, stack(0x0000008dadc00000,0x0000008dadd00000) (1024K)]
  0x00000236647a8710 JavaThread "Incoming local TCP Connector on port 49689"        [_thread_in_native, id=10956, stack(0x0000008dadd00000,0x0000008dade00000) (1024K)]
  0x0000023664837660 JavaThread "Daemon periodic checks"            [_thread_blocked, id=1144, stack(0x0000008dae100000,0x0000008dae200000) (1024K)]
  0x00000236649d7320 JavaThread "Daemon"                            [_thread_blocked, id=15616, stack(0x0000008dae200000,0x0000008dae300000) (1024K)]
  0x0000023664820130 JavaThread "Handler for socket connection from /127.0.0.1:49689 to /127.0.0.1:49690"        [_thread_in_native, id=18384, stack(0x0000008dae300000,0x0000008dae400000) (1024K)]
  0x0000023664b827d0 JavaThread "Cancel handler"                    [_thread_blocked, id=17824, stack(0x0000008dae400000,0x0000008dae500000) (1024K)]
  0x0000023664cc9480 JavaThread "Daemon worker"                     [_thread_in_vm, id=15320, stack(0x0000008dae500000,0x0000008dae600000) (1024K)]
  0x0000023664cc9b10 JavaThread "Asynchronous log dispatcher for DefaultDaemonConnection: socket connection from /127.0.0.1:49689 to /127.0.0.1:49690"        [_thread_blocked, id=16136, stack(0x0000008dae600000,0x0000008dae700000) (1024K)]
  0x0000023664cca1a0 JavaThread "Stdin handler"                     [_thread_blocked, id=14388, stack(0x0000008dae700000,0x0000008dae800000) (1024K)]
  0x0000023664cca830 JavaThread "Daemon client event forwarder"        [_thread_blocked, id=752, stack(0x0000008dae800000,0x0000008dae900000) (1024K)]
  0x0000023664ccc270 JavaThread "Cache worker for journal cache (C:\Users\Dell\.gradle\caches\journal-1)"        [_thread_blocked, id=10112, stack(0x0000008daea00000,0x0000008daeb00000) (1024K)]
  0x0000023664ccaec0 JavaThread "File lock request listener"        [_thread_in_native, id=12488, stack(0x0000008daeb00000,0x0000008daec00000) (1024K)]
  0x0000023664ccb550 JavaThread "Cache worker for file hash cache (C:\Users\Dell\.gradle\caches\8.9\fileHashes)"        [_thread_blocked, id=11212, stack(0x0000008daec00000,0x0000008daed00000) (1024K)]
  0x0000023664cc8df0 JavaThread "Cache worker for file hash cache (D:\FE_quanlygiaidau\.gradle\8.9\fileHashes)"        [_thread_blocked, id=9224, stack(0x0000008daed00000,0x0000008daee00000) (1024K)]
  0x0000023667ca1500 JavaThread "Cache worker for Build Output Cleanup Cache (D:\FE_quanlygiaidau\.gradle\buildOutputCleanup)"        [_thread_blocked, id=7716, stack(0x0000008daee00000,0x0000008daef00000) (1024K)]
  0x0000023667c9c640 JavaThread "File watcher server"        daemon [_thread_in_native, id=16960, stack(0x0000008daef00000,0x0000008daf000000) (1024K)]
  0x0000023667c9ccd0 JavaThread "File watcher consumer"      daemon [_thread_blocked, id=6092, stack(0x0000008daf000000,0x0000008daf100000) (1024K)]
  0x0000023667c9e710 JavaThread "Cache worker for checksums cache (D:\FE_quanlygiaidau\.gradle\8.9\checksums)"        [_thread_blocked, id=12444, stack(0x0000008daf100000,0x0000008daf200000) (1024K)]
  0x0000023667c9d360 JavaThread "Cache worker for file content cache (C:\Users\Dell\.gradle\caches\8.9\fileContent)"        [_thread_blocked, id=14372, stack(0x0000008daf200000,0x0000008daf300000) (1024K)]
  0x0000023667c9fac0 JavaThread "Cache worker for cache directory md-rule (C:\Users\Dell\.gradle\caches\8.9\md-rule)"        [_thread_blocked, id=15480, stack(0x0000008daf300000,0x0000008daf400000) (1024K)]
  0x0000023667c9e080 JavaThread "Cache worker for cache directory md-supplier (C:\Users\Dell\.gradle\caches\8.9\md-supplier)"        [_thread_blocked, id=4200, stack(0x0000008daf400000,0x0000008daf500000) (1024K)]
  0x0000023667ca28b0 JavaThread "Unconstrained build operations"        [_thread_blocked, id=9144, stack(0x0000008dad700000,0x0000008dad800000) (1024K)]
  0x0000023667ca0e70 JavaThread "Unconstrained build operations Thread 2"        [_thread_blocked, id=11092, stack(0x0000008daf500000,0x0000008daf600000) (1024K)]
  0x0000023665ec6280 JavaThread "Unconstrained build operations Thread 3"        [_thread_blocked, id=10836, stack(0x0000008daf600000,0x0000008daf700000) (1024K)]
  0x0000023665ec6fa0 JavaThread "Unconstrained build operations Thread 4"        [_thread_blocked, id=10760, stack(0x0000008daf700000,0x0000008daf800000) (1024K)]
  0x0000023665ec7630 JavaThread "Unconstrained build operations Thread 5"        [_thread_blocked, id=18088, stack(0x0000008daf800000,0x0000008daf900000) (1024K)]
  0x0000023665ec6910 JavaThread "Unconstrained build operations Thread 6"        [_thread_blocked, id=6384, stack(0x0000008daf900000,0x0000008dafa00000) (1024K)]
  0x0000023665ec7cc0 JavaThread "Unconstrained build operations Thread 7"        [_thread_blocked, id=11496, stack(0x0000008dafa00000,0x0000008dafb00000) (1024K)]
  0x0000023665ec4840 JavaThread "Unconstrained build operations Thread 8"        [_thread_blocked, id=10044, stack(0x0000008dafb00000,0x0000008dafc00000) (1024K)]
  0x0000023665ec4ed0 JavaThread "Unconstrained build operations Thread 9"        [_thread_blocked, id=16360, stack(0x0000008dafc00000,0x0000008dafd00000) (1024K)]
  0x0000023665ec5560 JavaThread "Unconstrained build operations Thread 10"        [_thread_blocked, id=7828, stack(0x0000008dafd00000,0x0000008dafe00000) (1024K)]
  0x0000023665ec5bf0 JavaThread "Unconstrained build operations Thread 11"        [_thread_blocked, id=7452, stack(0x0000008dafe00000,0x0000008daff00000) (1024K)]
  0x00000236632c2c80 JavaThread "Unconstrained build operations Thread 12"        [_thread_blocked, id=15068, stack(0x0000008daff00000,0x0000008db0000000) (1024K)]
  0x00000236632c53e0 JavaThread "Unconstrained build operations Thread 13"        [_thread_blocked, id=14044, stack(0x0000008db0000000,0x0000008db0100000) (1024K)]
  0x00000236632c0520 JavaThread "Unconstrained build operations Thread 14"        [_thread_blocked, id=16248, stack(0x0000008db0100000,0x0000008db0200000) (1024K)]
  0x00000236632c0bb0 JavaThread "Unconstrained build operations Thread 15"        [_thread_blocked, id=10716, stack(0x0000008db0200000,0x0000008db0300000) (1024K)]
  0x00000236632bf800 JavaThread "Unconstrained build operations Thread 16"        [_thread_blocked, id=15200, stack(0x0000008db0300000,0x0000008db0400000) (1024K)]
  0x00000236632bfe90 JavaThread "Unconstrained build operations Thread 17"        [_thread_blocked, id=11564, stack(0x0000008db0400000,0x0000008db0500000) (1024K)]
  0x00000236632c18d0 JavaThread "Unconstrained build operations Thread 18"        [_thread_blocked, id=10864, stack(0x0000008db0500000,0x0000008db0600000) (1024K)]
  0x00000236632c3310 JavaThread "Unconstrained build operations Thread 19"        [_thread_blocked, id=5096, stack(0x0000008db0600000,0x0000008db0700000) (1024K)]
  0x00000236632c5a70 JavaThread "Unconstrained build operations Thread 20"        [_thread_blocked, id=10348, stack(0x0000008db0700000,0x0000008db0800000) (1024K)]
  0x00000236632c1240 JavaThread "Unconstrained build operations Thread 21"        [_thread_blocked, id=10976, stack(0x0000008db0800000,0x0000008db0900000) (1024K)]
  0x00000236632c1f60 JavaThread "build event listener"              [_thread_blocked, id=16868, stack(0x0000008db0900000,0x0000008db0a00000) (1024K)]
Total: 54

Other Threads:
  0x000002365e456b60 VMThread "VM Thread"                           [id=6376, stack(0x0000008dacc00000,0x0000008dacd00000) (1024K)]
  0x000002365e3f62f0 WatcherThread "VM Periodic Task Thread"        [id=19028, stack(0x0000008dacb00000,0x0000008dacc00000) (1024K)]
  0x0000023646e04ab0 WorkerThread "GC Thread#0"                     [id=15860, stack(0x0000008dac600000,0x0000008dac700000) (1024K)]
  0x000002366364f600 WorkerThread "GC Thread#1"                     [id=17468, stack(0x0000008dad800000,0x0000008dad900000) (1024K)]
  0x00000236636991d0 WorkerThread "GC Thread#2"                     [id=9920, stack(0x0000008dad900000,0x0000008dada00000) (1024K)]
  0x000002366354f880 WorkerThread "GC Thread#3"                     [id=2404, stack(0x0000008dada00000,0x0000008dadb00000) (1024K)]
  0x0000023663e3d140 WorkerThread "GC Thread#4"                     [id=14780, stack(0x0000008dadb00000,0x0000008dadc00000) (1024K)]
  0x0000023664a14c10 WorkerThread "GC Thread#5"                     [id=8512, stack(0x0000008dade00000,0x0000008dadf00000) (1024K)]
  0x0000023664a648b0 WorkerThread "GC Thread#6"                     [id=16784, stack(0x0000008dadf00000,0x0000008dae000000) (1024K)]
  0x0000023664a13420 WorkerThread "GC Thread#7"                     [id=15572, stack(0x0000008dae000000,0x0000008dae100000) (1024K)]
  0x0000023646e16b20 ConcurrentGCThread "G1 Main Marker"            [id=18588, stack(0x0000008dac700000,0x0000008dac800000) (1024K)]
  0x0000023646e17cd0 WorkerThread "G1 Conc#0"                       [id=4500, stack(0x0000008dac800000,0x0000008dac900000) (1024K)]
  0x0000023664ae4ca0 WorkerThread "G1 Conc#1"                       [id=10592, stack(0x0000008dae900000,0x0000008daea00000) (1024K)]
  0x000002365e2d20b0 ConcurrentGCThread "G1 Refine#0"               [id=8252, stack(0x0000008dac900000,0x0000008daca00000) (1024K)]
  0x000002365e2d2b30 ConcurrentGCThread "G1 Service"                [id=8656, stack(0x0000008daca00000,0x0000008dacb00000) (1024K)]
Total: 15

Threads with active compile tasks:
C2 CompilerThread0    15480 8106       4       java.lang.invoke.MethodType::makeImpl (109 bytes)
Total: 1

VM state: not at safepoint (normal execution)

VM Mutex/Monitor currently owned by a thread: None

Heap address: 0x0000000080000000, size: 2048 MB, Compressed Oops mode: 32-bit

CDS archive(s) not mapped
Compressed class space mapped at: 0x0000000100000000-0x0000000140000000, reserved size: 1073741824
Narrow klass base: 0x0000000000000000, Narrow klass shift: 3, Narrow klass range: 0x140000000

GC Precious Log:
 CardTable entry size: 512
 Card Set container configuration: InlinePtr #cards 5 size 8 Array Of Cards #cards 12 size 40 Howl #buckets 4 coarsen threshold 1843 Howl Bitmap #cards 512 size 80 coarsen threshold 460 Card regions per heap region 1 cards per card region 2048
 CPUs: 8 total, 8 available
 Memory: 6030M
 Large Page Support: Disabled
 NUMA Support: Disabled
 Compressed Oops: Enabled (32-bit)
 Heap Region Size: 1M
 Heap Min Capacity: 8M
 Heap Initial Capacity: 96M
 Heap Max Capacity: 2G
 Pre-touch: Disabled
 Parallel Workers: 8
 Concurrent Workers: 2
 Concurrent Refinement Workers: 8
 Periodic GC: Disabled

Heap:
 garbage-first heap   total 113664K, used 79833K [0x0000000080000000, 0x0000000100000000)
  region size 1024K, 25 young (25600K), 5 survivors (5120K)
 Metaspace       used 71793K, committed 73472K, reserved 1114112K
  class space    used 9784K, committed 10624K, reserved 1048576K

Heap Regions: E=young(eden), S=young(survivor), O=old, HS=humongous(starts), HC=humongous(continues), CS=collection set, F=free, TAMS=top-at-mark-start, PB=parsable bottom
|   0|0x0000000080000000, 0x0000000080100000, 0x0000000080100000|100%|HS|  |TAMS 0x0000000080000000| PB 0x0000000080000000| Complete 
|   1|0x0000000080100000, 0x0000000080200000, 0x0000000080200000|100%|HC|  |TAMS 0x0000000080100000| PB 0x0000000080100000| Complete 
|   2|0x0000000080200000, 0x0000000080300000, 0x0000000080300000|100%|HC|  |TAMS 0x0000000080200000| PB 0x0000000080200000| Complete 
|   3|0x0000000080300000, 0x0000000080400000, 0x0000000080400000|100%|HC|  |TAMS 0x0000000080300000| PB 0x0000000080300000| Complete 
|   4|0x0000000080400000, 0x0000000080500000, 0x0000000080500000|100%| O|  |TAMS 0x0000000080400000| PB 0x0000000080400000| Untracked 
|   5|0x0000000080500000, 0x0000000080600000, 0x0000000080600000|100%| O|  |TAMS 0x0000000080500000| PB 0x0000000080500000| Untracked 
|   6|0x0000000080600000, 0x0000000080700000, 0x0000000080700000|100%| O|  |TAMS 0x0000000080600000| PB 0x0000000080600000| Untracked 
|   7|0x0000000080700000, 0x0000000080800000, 0x0000000080800000|100%| O|  |TAMS 0x0000000080700000| PB 0x0000000080700000| Untracked 
|   8|0x0000000080800000, 0x0000000080900000, 0x0000000080900000|100%| O|  |TAMS 0x0000000080800000| PB 0x0000000080800000| Untracked 
|   9|0x0000000080900000, 0x0000000080a00000, 0x0000000080a00000|100%| O|  |TAMS 0x0000000080900000| PB 0x0000000080900000| Untracked 
|  10|0x0000000080a00000, 0x0000000080b00000, 0x0000000080b00000|100%| O|  |TAMS 0x0000000080a00000| PB 0x0000000080a00000| Untracked 
|  11|0x0000000080b00000, 0x0000000080c00000, 0x0000000080c00000|100%|HS|  |TAMS 0x0000000080b00000| PB 0x0000000080b00000| Complete 
|  12|0x0000000080c00000, 0x0000000080d00000, 0x0000000080d00000|100%| O|  |TAMS 0x0000000080c00000| PB 0x0000000080c00000| Untracked 
|  13|0x0000000080d00000, 0x0000000080e00000, 0x0000000080e00000|100%| O|  |TAMS 0x0000000080d00000| PB 0x0000000080d00000| Untracked 
|  14|0x0000000080e00000, 0x0000000080f00000, 0x0000000080f00000|100%| O|  |TAMS 0x0000000080e00000| PB 0x0000000080e00000| Untracked 
|  15|0x0000000080f00000, 0x0000000081000000, 0x0000000081000000|100%| O|  |TAMS 0x0000000080f00000| PB 0x0000000080f00000| Untracked 
|  16|0x0000000081000000, 0x0000000081100000, 0x0000000081100000|100%| O|  |TAMS 0x0000000081000000| PB 0x0000000081000000| Untracked 
|  17|0x0000000081100000, 0x0000000081200000, 0x0000000081200000|100%| O|  |TAMS 0x0000000081100000| PB 0x0000000081100000| Untracked 
|  18|0x0000000081200000, 0x0000000081300000, 0x0000000081300000|100%| O|  |TAMS 0x0000000081200000| PB 0x0000000081200000| Untracked 
|  19|0x0000000081300000, 0x0000000081400000, 0x0000000081400000|100%| O|  |TAMS 0x0000000081300000| PB 0x0000000081300000| Untracked 
|  20|0x0000000081400000, 0x0000000081500000, 0x0000000081500000|100%| O|  |TAMS 0x0000000081400000| PB 0x0000000081400000| Untracked 
|  21|0x0000000081500000, 0x0000000081600000, 0x0000000081600000|100%| O|  |TAMS 0x0000000081500000| PB 0x0000000081500000| Untracked 
|  22|0x0000000081600000, 0x0000000081700000, 0x0000000081700000|100%| O|  |TAMS 0x0000000081600000| PB 0x0000000081600000| Untracked 
|  23|0x0000000081700000, 0x0000000081800000, 0x0000000081800000|100%| O|  |TAMS 0x0000000081700000| PB 0x0000000081700000| Untracked 
|  24|0x0000000081800000, 0x0000000081900000, 0x0000000081900000|100%| O|  |TAMS 0x0000000081800000| PB 0x0000000081800000| Untracked 
|  25|0x0000000081900000, 0x0000000081a00000, 0x0000000081a00000|100%| O|  |TAMS 0x0000000081900000| PB 0x0000000081900000| Untracked 
|  26|0x0000000081a00000, 0x0000000081b00000, 0x0000000081b00000|100%| O|  |TAMS 0x0000000081a00000| PB 0x0000000081a00000| Untracked 
|  27|0x0000000081b00000, 0x0000000081c00000, 0x0000000081c00000|100%| O|  |TAMS 0x0000000081b00000| PB 0x0000000081b00000| Untracked 
|  28|0x0000000081c00000, 0x0000000081d00000, 0x0000000081d00000|100%| O|  |TAMS 0x0000000081c00000| PB 0x0000000081c00000| Untracked 
|  29|0x0000000081d00000, 0x0000000081e00000, 0x0000000081e00000|100%| O|  |TAMS 0x0000000081d00000| PB 0x0000000081d00000| Untracked 
|  30|0x0000000081e00000, 0x0000000081f00000, 0x0000000081f00000|100%| O|  |TAMS 0x0000000081e00000| PB 0x0000000081e00000| Untracked 
|  31|0x0000000081f00000, 0x0000000082000000, 0x0000000082000000|100%| O|  |TAMS 0x0000000081f00000| PB 0x0000000081f00000| Untracked 
|  32|0x0000000082000000, 0x0000000082100000, 0x0000000082100000|100%|HS|  |TAMS 0x0000000082000000| PB 0x0000000082000000| Complete 
|  33|0x0000000082100000, 0x0000000082200000, 0x0000000082200000|100%|HS|  |TAMS 0x0000000082100000| PB 0x0000000082100000| Complete 
|  34|0x0000000082200000, 0x0000000082300000, 0x0000000082300000|100%| O|  |TAMS 0x0000000082200000| PB 0x0000000082200000| Untracked 
|  35|0x0000000082300000, 0x0000000082400000, 0x0000000082400000|100%| O|  |TAMS 0x0000000082300000| PB 0x0000000082300000| Untracked 
|  36|0x0000000082400000, 0x0000000082500000, 0x0000000082500000|100%| O|  |TAMS 0x0000000082400000| PB 0x0000000082400000| Untracked 
|  37|0x0000000082500000, 0x0000000082600000, 0x0000000082600000|100%| O|  |TAMS 0x0000000082500000| PB 0x0000000082500000| Untracked 
|  38|0x0000000082600000, 0x0000000082700000, 0x0000000082700000|100%| O|  |TAMS 0x0000000082600000| PB 0x0000000082600000| Untracked 
|  39|0x0000000082700000, 0x0000000082700000, 0x0000000082800000|  0%| F|  |TAMS 0x0000000082700000| PB 0x0000000082700000| Untracked 
|  40|0x0000000082800000, 0x0000000082900000, 0x0000000082900000|100%| O|  |TAMS 0x0000000082800000| PB 0x0000000082800000| Untracked 
|  41|0x0000000082900000, 0x0000000082a00000, 0x0000000082a00000|100%| O|  |TAMS 0x0000000082900000| PB 0x0000000082900000| Untracked 
|  42|0x0000000082a00000, 0x0000000082b00000, 0x0000000082b00000|100%| O|  |TAMS 0x0000000082a00000| PB 0x0000000082a00000| Untracked 
|  43|0x0000000082b00000, 0x0000000082c00000, 0x0000000082c00000|100%| O|  |TAMS 0x0000000082b00000| PB 0x0000000082b00000| Untracked 
|  44|0x0000000082c00000, 0x0000000082c00000, 0x0000000082d00000|  0%| F|  |TAMS 0x0000000082c00000| PB 0x0000000082c00000| Untracked 
|  45|0x0000000082d00000, 0x0000000082e00000, 0x0000000082e00000|100%| O|  |TAMS 0x0000000082d00000| PB 0x0000000082d00000| Untracked 
|  46|0x0000000082e00000, 0x0000000082f00000, 0x0000000082f00000|100%|HS|  |TAMS 0x0000000082e00000| PB 0x0000000082e00000| Complete 
|  47|0x0000000082f00000, 0x0000000083000000, 0x0000000083000000|100%|HS|  |TAMS 0x0000000082f00000| PB 0x0000000082f00000| Complete 
|  48|0x0000000083000000, 0x0000000083000000, 0x0000000083100000|  0%| F|  |TAMS 0x0000000083000000| PB 0x0000000083000000| Untracked 
|  49|0x0000000083100000, 0x0000000083200000, 0x0000000083200000|100%|HS|  |TAMS 0x0000000083100000| PB 0x0000000083100000| Complete 
|  50|0x0000000083200000, 0x0000000083300000, 0x0000000083300000|100%|HS|  |TAMS 0x0000000083200000| PB 0x0000000083200000| Complete 
|  51|0x0000000083300000, 0x0000000083300000, 0x0000000083400000|  0%| F|  |TAMS 0x0000000083300000| PB 0x0000000083300000| Untracked 
|  52|0x0000000083400000, 0x0000000083400000, 0x0000000083500000|  0%| F|  |TAMS 0x0000000083400000| PB 0x0000000083400000| Untracked 
|  53|0x0000000083500000, 0x0000000083500000, 0x0000000083600000|  0%| F|  |TAMS 0x0000000083500000| PB 0x0000000083500000| Untracked 
|  54|0x0000000083600000, 0x0000000083600000, 0x0000000083700000|  0%| F|  |TAMS 0x0000000083600000| PB 0x0000000083600000| Untracked 
|  55|0x0000000083700000, 0x0000000083800000, 0x0000000083800000|100%| O|  |TAMS 0x0000000083700000| PB 0x0000000083700000| Untracked 
|  56|0x0000000083800000, 0x0000000083900000, 0x0000000083900000|100%| O|  |TAMS 0x0000000083800000| PB 0x0000000083800000| Untracked 
|  57|0x0000000083900000, 0x0000000083a00000, 0x0000000083a00000|100%| O|  |TAMS 0x0000000083900000| PB 0x0000000083900000| Untracked 
|  58|0x0000000083a00000, 0x0000000083a00000, 0x0000000083b00000|  0%| F|  |TAMS 0x0000000083a00000| PB 0x0000000083a00000| Untracked 
|  59|0x0000000083b00000, 0x0000000083b00000, 0x0000000083c00000|  0%| F|  |TAMS 0x0000000083b00000| PB 0x0000000083b00000| Untracked 
|  60|0x0000000083c00000, 0x0000000083c00000, 0x0000000083d00000|  0%| F|  |TAMS 0x0000000083c00000| PB 0x0000000083c00000| Untracked 
|  61|0x0000000083d00000, 0x0000000083e00000, 0x0000000083e00000|100%| O|  |TAMS 0x0000000083d00000| PB 0x0000000083d00000| Untracked 
|  62|0x0000000083e00000, 0x0000000083f00000, 0x0000000083f00000|100%| O|  |TAMS 0x0000000083e00000| PB 0x0000000083e00000| Untracked 
|  63|0x0000000083f00000, 0x0000000084000000, 0x0000000084000000|100%| O|  |TAMS 0x0000000083f00000| PB 0x0000000083f00000| Untracked 
|  64|0x0000000084000000, 0x0000000084100000, 0x0000000084100000|100%| S|CS|TAMS 0x0000000084000000| PB 0x0000000084000000| Complete 
|  65|0x0000000084100000, 0x0000000084200000, 0x0000000084200000|100%| S|CS|TAMS 0x0000000084100000| PB 0x0000000084100000| Complete 
|  66|0x0000000084200000, 0x0000000084300000, 0x0000000084300000|100%| S|CS|TAMS 0x0000000084200000| PB 0x0000000084200000| Complete 
|  67|0x0000000084300000, 0x0000000084400000, 0x0000000084400000|100%| S|CS|TAMS 0x0000000084300000| PB 0x0000000084300000| Complete 
|  68|0x0000000084400000, 0x0000000084400000, 0x0000000084500000|  0%| F|  |TAMS 0x0000000084400000| PB 0x0000000084400000| Untracked 
|  69|0x0000000084500000, 0x0000000084500000, 0x0000000084600000|  0%| F|  |TAMS 0x0000000084500000| PB 0x0000000084500000| Untracked 
|  70|0x0000000084600000, 0x0000000084600000, 0x0000000084700000|  0%| F|  |TAMS 0x0000000084600000| PB 0x0000000084600000| Untracked 
|  71|0x0000000084700000, 0x0000000084700000, 0x0000000084800000|  0%| F|  |TAMS 0x0000000084700000| PB 0x0000000084700000| Untracked 
|  72|0x0000000084800000, 0x0000000084800000, 0x0000000084900000|  0%| F|  |TAMS 0x0000000084800000| PB 0x0000000084800000| Untracked 
|  73|0x0000000084900000, 0x0000000084900000, 0x0000000084a00000|  0%| F|  |TAMS 0x0000000084900000| PB 0x0000000084900000| Untracked 
|  74|0x0000000084a00000, 0x0000000084a00000, 0x0000000084b00000|  0%| F|  |TAMS 0x0000000084a00000| PB 0x0000000084a00000| Untracked 
|  75|0x0000000084b00000, 0x0000000084b00000, 0x0000000084c00000|  0%| F|  |TAMS 0x0000000084b00000| PB 0x0000000084b00000| Untracked 
|  76|0x0000000084c00000, 0x0000000084c00000, 0x0000000084d00000|  0%| F|  |TAMS 0x0000000084c00000| PB 0x0000000084c00000| Untracked 
|  77|0x0000000084d00000, 0x0000000084d00000, 0x0000000084e00000|  0%| F|  |TAMS 0x0000000084d00000| PB 0x0000000084d00000| Untracked 
|  78|0x0000000084e00000, 0x0000000084e00000, 0x0000000084f00000|  0%| F|  |TAMS 0x0000000084e00000| PB 0x0000000084e00000| Untracked 
|  79|0x0000000084f00000, 0x0000000084f00000, 0x0000000085000000|  0%| F|  |TAMS 0x0000000084f00000| PB 0x0000000084f00000| Untracked 
|  80|0x0000000085000000, 0x0000000085000000, 0x0000000085100000|  0%| F|  |TAMS 0x0000000085000000| PB 0x0000000085000000| Untracked 
|  81|0x0000000085100000, 0x0000000085100000, 0x0000000085200000|  0%| F|  |TAMS 0x0000000085100000| PB 0x0000000085100000| Untracked 
|  82|0x0000000085200000, 0x0000000085200000, 0x0000000085300000|  0%| F|  |TAMS 0x0000000085200000| PB 0x0000000085200000| Untracked 
|  83|0x0000000085300000, 0x0000000085300000, 0x0000000085400000|  0%| F|  |TAMS 0x0000000085300000| PB 0x0000000085300000| Untracked 
|  84|0x0000000085400000, 0x0000000085400000, 0x0000000085500000|  0%| F|  |TAMS 0x0000000085400000| PB 0x0000000085400000| Untracked 
|  85|0x0000000085500000, 0x0000000085500000, 0x0000000085600000|  0%| F|  |TAMS 0x0000000085500000| PB 0x0000000085500000| Untracked 
|  86|0x0000000085600000, 0x0000000085600000, 0x0000000085700000|  0%| F|  |TAMS 0x0000000085600000| PB 0x0000000085600000| Untracked 
|  87|0x0000000085700000, 0x000000008576dd80, 0x0000000085800000| 42%| E|  |TAMS 0x0000000085700000| PB 0x0000000085700000| Complete 
|  88|0x0000000085800000, 0x0000000085900000, 0x0000000085900000|100%| E|CS|TAMS 0x0000000085800000| PB 0x0000000085800000| Complete 
|  89|0x0000000085900000, 0x0000000085a00000, 0x0000000085a00000|100%| E|CS|TAMS 0x0000000085900000| PB 0x0000000085900000| Complete 
|  90|0x0000000085a00000, 0x0000000085b00000, 0x0000000085b00000|100%| E|CS|TAMS 0x0000000085a00000| PB 0x0000000085a00000| Complete 
|  91|0x0000000085b00000, 0x0000000085c00000, 0x0000000085c00000|100%| E|  |TAMS 0x0000000085b00000| PB 0x0000000085b00000| Complete 
|  92|0x0000000085c00000, 0x0000000085d00000, 0x0000000085d00000|100%| E|CS|TAMS 0x0000000085c00000| PB 0x0000000085c00000| Complete 
|  93|0x0000000085d00000, 0x0000000085e00000, 0x0000000085e00000|100%| E|CS|TAMS 0x0000000085d00000| PB 0x0000000085d00000| Complete 
|  94|0x0000000085e00000, 0x0000000085f00000, 0x0000000085f00000|100%| E|CS|TAMS 0x0000000085e00000| PB 0x0000000085e00000| Complete 
|  95|0x0000000085f00000, 0x0000000086000000, 0x0000000086000000|100%| E|CS|TAMS 0x0000000085f00000| PB 0x0000000085f00000| Complete 
|  96|0x0000000086000000, 0x0000000086100000, 0x0000000086100000|100%| E|CS|TAMS 0x0000000086000000| PB 0x0000000086000000| Complete 
|  97|0x0000000086100000, 0x0000000086200000, 0x0000000086200000|100%| E|CS|TAMS 0x0000000086100000| PB 0x0000000086100000| Complete 
|  98|0x0000000086200000, 0x0000000086300000, 0x0000000086300000|100%| E|CS|TAMS 0x0000000086200000| PB 0x0000000086200000| Complete 
|  99|0x0000000086300000, 0x0000000086400000, 0x0000000086400000|100%| E|CS|TAMS 0x0000000086300000| PB 0x0000000086300000| Complete 
| 100|0x0000000086400000, 0x0000000086500000, 0x0000000086500000|100%| E|CS|TAMS 0x0000000086400000| PB 0x0000000086400000| Complete 
| 101|0x0000000086500000, 0x0000000086600000, 0x0000000086600000|100%| E|CS|TAMS 0x0000000086500000| PB 0x0000000086500000| Complete 
| 102|0x0000000086600000, 0x0000000086700000, 0x0000000086700000|100%| E|CS|TAMS 0x0000000086600000| PB 0x0000000086600000| Complete 
| 103|0x0000000086700000, 0x0000000086800000, 0x0000000086800000|100%| E|CS|TAMS 0x0000000086700000| PB 0x0000000086700000| Complete 
| 104|0x0000000086800000, 0x0000000086900000, 0x0000000086900000|100%| E|CS|TAMS 0x0000000086800000| PB 0x0000000086800000| Complete 
| 105|0x0000000086900000, 0x0000000086a00000, 0x0000000086a00000|100%| E|CS|TAMS 0x0000000086900000| PB 0x0000000086900000| Complete 
| 106|0x0000000086a00000, 0x0000000086b00000, 0x0000000086b00000|100%| E|CS|TAMS 0x0000000086a00000| PB 0x0000000086a00000| Complete 
| 107|0x0000000086b00000, 0x0000000086c00000, 0x0000000086c00000|100%| E|CS|TAMS 0x0000000086b00000| PB 0x0000000086b00000| Complete 
| 108|0x0000000086c00000, 0x0000000086c1d3b8, 0x0000000086d00000| 11%| S|CS|TAMS 0x0000000086c00000| PB 0x0000000086c00000| Complete 
|2046|0x00000000ffe00000, 0x00000000ffed9100, 0x00000000fff00000| 84%| O|  |TAMS 0x00000000ffe00000| PB 0x00000000ffe00000| Untracked 
|2047|0x00000000fff00000, 0x0000000100000000, 0x0000000100000000|100%| O|  |TAMS 0x00000000fff00000| PB 0x00000000fff00000| Untracked 

Card table byte_map: [0x0000023659630000,0x0000023659a30000] _byte_map_base: 0x0000023659230000

Marking Bits: (CMBitMap*) 0x0000023646e050c0
 Bits: [0x0000023659a30000, 0x000002365ba30000)

Polling page: 0x0000023644cd0000

Metaspace:

Usage:
  Non-class:     60.57 MB used.
      Class:      9.56 MB used.
       Both:     70.13 MB used.

Virtual space:
  Non-class space:       64.00 MB reserved,      61.38 MB ( 96%) committed,  1 nodes.
      Class space:        1.00 GB reserved,      10.38 MB (  1%) committed,  1 nodes.
             Both:        1.06 GB reserved,      71.75 MB (  7%) committed. 

Chunk freelists:
   Non-Class:  1.81 MB
       Class:  5.66 MB
        Both:  7.47 MB

MaxMetaspaceSize: unlimited
CompressedClassSpaceSize: 1.00 GB
Initial GC threshold: 21.00 MB
Current GC threshold: 110.00 MB
CDS: off
 - commit_granule_bytes: 65536.
 - commit_granule_words: 8192.
 - virtual_space_node_default_size: 8388608.
 - enlarge_chunks_in_place: 1.
 - use_allocation_guard: 0.


Internal statistics:

num_allocs_failed_limit: 9.
num_arena_births: 3200.
num_arena_deaths: 0.
num_vsnodes_births: 2.
num_vsnodes_deaths: 0.
num_space_committed: 1148.
num_space_uncommitted: 0.
num_chunks_returned_to_freelist: 9.
num_chunks_taken_from_freelist: 6109.
num_chunk_merges: 9.
num_chunk_splits: 3988.
num_chunks_enlarged: 2506.
num_inconsistent_stats: 0.

CodeHeap 'non-profiled nmethods': size=120000Kb used=3021Kb max_used=3021Kb free=116978Kb
 bounds [0x00000236519d0000, 0x0000023651cd0000, 0x0000023658f00000]
CodeHeap 'profiled nmethods': size=120000Kb used=12735Kb max_used=12735Kb free=107264Kb
 bounds [0x0000023649f00000, 0x000002364ab70000, 0x0000023651430000]
CodeHeap 'non-nmethods': size=5760Kb used=1990Kb max_used=2025Kb free=3769Kb
 bounds [0x0000023651430000, 0x00000236516a0000, 0x00000236519d0000]
 total_blobs=7944 nmethods=7184 adapters=664
 compilation: enabled
              stopped_count=0, restarted_count=0
 full_count=0

Compilation events (20 events):
Event: 15.256 Thread 0x000002365e73b0f0 8110       3       java.lang.ThreadLocal::remove (8 bytes)
Event: 15.257 Thread 0x000002365e73b0f0 nmethod 8110 0x000002364ab69c10 code [0x000002364ab69de0, 0x000002364ab6a0b8]
Event: 15.277 Thread 0x000002365e73b0f0 8112       3       org.gradle.internal.instantiation.generator.Jsr330ConstructorSelector::forParams (6 bytes)
Event: 15.277 Thread 0x000002365e73b0f0 nmethod 8112 0x000002364ab6a210 code [0x000002364ab6a3c0, 0x000002364ab6a518]
Event: 15.280 Thread 0x000002365e73b0f0 8114       3       org.gradle.internal.instantiation.generator.Jsr330ConstructorSelector::vetoParameters (71 bytes)
Event: 15.281 Thread 0x000002365e73b0f0 nmethod 8114 0x000002364ab6a610 code [0x000002364ab6a820, 0x000002364ab6ade8]
Event: 15.283 Thread 0x000002365e73b0f0 8115       3       jdk.internal.reflect.ClassFileAssembler::opc_invokespecial (26 bytes)
Event: 15.284 Thread 0x000002365e73b0f0 nmethod 8115 0x000002364ab6b010 code [0x000002364ab6b220, 0x000002364ab6b760]
Event: 15.284 Thread 0x000002365e73b0f0 8116       3       jdk.internal.reflect.ClassFileAssembler::emitInt (46 bytes)
Event: 15.285 Thread 0x000002365e73b0f0 nmethod 8116 0x000002364ab6ba10 code [0x000002364ab6bc20, 0x000002364ab6c118]
Event: 15.321 Thread 0x000002365e73b0f0 8117   !   3       java.lang.reflect.Proxy::newProxyInstance (75 bytes)
Event: 15.322 Thread 0x000002365e73b0f0 nmethod 8117 0x000002364ab6c390 code [0x000002364ab6c600, 0x000002364ab6d170]
Event: 15.323 Thread 0x000002365e73b0f0 8118       3       jdk.internal.org.objectweb.asm.ClassReader::readUTF8 (23 bytes)
Event: 15.324 Thread 0x000002365e73b0f0 nmethod 8118 0x000002364ab6d610 code [0x000002364ab6d7e0, 0x000002364ab6da38]
Event: 15.324 Thread 0x000002365e73b0f0 8119       3       jdk.internal.org.objectweb.asm.ClassReader::readUtf (44 bytes)
Event: 15.324 Thread 0x000002365e73b0f0 nmethod 8119 0x000002364ab6db10 code [0x000002364ab6dd00, 0x000002364ab6e0e8]
Event: 15.390 Thread 0x000002365e73b0f0 8120       3       java.lang.Class::arrayContentsEq (70 bytes)
Event: 15.391 Thread 0x000002365e73b0f0 nmethod 8120 0x000002364ab6e290 code [0x000002364ab6e480, 0x000002364ab6e8d0]
Event: 15.395 Thread 0x000002365e73b0f0 8121       3       java.lang.ThreadLocal$ThreadLocalMap::remove (68 bytes)
Event: 15.396 Thread 0x000002365e73b0f0 nmethod 8121 0x000002364ab6ea10 code [0x000002364ab6ec20, 0x000002364ab6f1d8]

GC Heap History (20 events):
Event: 9.885 GC heap before
{Heap before GC invocations=13 (full 0):
 garbage-first heap   total 78848K, used 69359K [0x0000000080000000, 0x0000000100000000)
  region size 1024K, 36 young (36864K), 4 survivors (4096K)
 Metaspace       used 57088K, committed 58560K, reserved 1114112K
  class space    used 7781K, committed 8512K, reserved 1048576K
}
Event: 9.892 GC heap after
{Heap after GC invocations=14 (full 0):
 garbage-first heap   total 78848K, used 38032K [0x0000000080000000, 0x0000000100000000)
  region size 1024K, 4 young (4096K), 4 survivors (4096K)
 Metaspace       used 57088K, committed 58560K, reserved 1114112K
  class space    used 7781K, committed 8512K, reserved 1048576K
}
Event: 10.156 GC heap before
{Heap before GC invocations=14 (full 0):
 garbage-first heap   total 78848K, used 47248K [0x0000000080000000, 0x0000000100000000)
  region size 1024K, 14 young (14336K), 4 survivors (4096K)
 Metaspace       used 58627K, committed 60096K, reserved 1114112K
  class space    used 8018K, committed 8704K, reserved 1048576K
}
Event: 10.161 GC heap after
{Heap after GC invocations=15 (full 0):
 garbage-first heap   total 78848K, used 38501K [0x0000000080000000, 0x0000000100000000)
  region size 1024K, 2 young (2048K), 2 survivors (2048K)
 Metaspace       used 58627K, committed 60096K, reserved 1114112K
  class space    used 8018K, committed 8704K, reserved 1048576K
}
Event: 11.106 GC heap before
{Heap before GC invocations=16 (full 0):
 garbage-first heap   total 78848K, used 71269K [0x0000000080000000, 0x0000000100000000)
  region size 1024K, 34 young (34816K), 2 survivors (2048K)
 Metaspace       used 62726K, committed 64320K, reserved 1114112K
  class space    used 8689K, committed 9472K, reserved 1048576K
}
Event: 11.111 GC heap after
{Heap after GC invocations=17 (full 0):
 garbage-first heap   total 78848K, used 40880K [0x0000000080000000, 0x0000000100000000)
  region size 1024K, 5 young (5120K), 5 survivors (5120K)
 Metaspace       used 62726K, committed 64320K, reserved 1114112K
  class space    used 8689K, committed 9472K, reserved 1048576K
}
Event: 12.002 GC heap before
{Heap before GC invocations=17 (full 0):
 garbage-first heap   total 78848K, used 67504K [0x0000000080000000, 0x0000000100000000)
  region size 1024K, 31 young (31744K), 5 survivors (5120K)
 Metaspace       used 64924K, committed 66560K, reserved 1114112K
  class space    used 8984K, committed 9792K, reserved 1048576K
}
Event: 12.011 GC heap after
{Heap after GC invocations=18 (full 0):
 garbage-first heap   total 78848K, used 43608K [0x0000000080000000, 0x0000000100000000)
  region size 1024K, 4 young (4096K), 4 survivors (4096K)
 Metaspace       used 64924K, committed 66560K, reserved 1114112K
  class space    used 8984K, committed 9792K, reserved 1048576K
}
Event: 12.330 GC heap before
{Heap before GC invocations=18 (full 0):
 garbage-first heap   total 78848K, used 67160K [0x0000000080000000, 0x0000000100000000)
  region size 1024K, 28 young (28672K), 4 survivors (4096K)
 Metaspace       used 65349K, committed 67008K, reserved 1114112K
  class space    used 9038K, committed 9856K, reserved 1048576K
}
Event: 12.338 GC heap after
{Heap after GC invocations=19 (full 0):
 garbage-first heap   total 78848K, used 47770K [0x0000000080000000, 0x0000000100000000)
  region size 1024K, 4 young (4096K), 4 survivors (4096K)
 Metaspace       used 65349K, committed 67008K, reserved 1114112K
  class space    used 9038K, committed 9856K, reserved 1048576K
}
Event: 12.647 GC heap before
{Heap before GC invocations=20 (full 0):
 garbage-first heap   total 92160K, used 68250K [0x0000000080000000, 0x0000000100000000)
  region size 1024K, 25 young (25600K), 4 survivors (4096K)
 Metaspace       used 65649K, committed 67264K, reserved 1114112K
  class space    used 9066K, committed 9856K, reserved 1048576K
}
Event: 12.652 GC heap after
{Heap after GC invocations=21 (full 0):
 garbage-first heap   total 92160K, used 48200K [0x0000000080000000, 0x0000000100000000)
  region size 1024K, 4 young (4096K), 4 survivors (4096K)
 Metaspace       used 65649K, committed 67264K, reserved 1114112K
  class space    used 9066K, committed 9856K, reserved 1048576K
}
Event: 12.903 GC heap before
{Heap before GC invocations=21 (full 0):
 garbage-first heap   total 92160K, used 78920K [0x0000000080000000, 0x0000000100000000)
  region size 1024K, 35 young (35840K), 4 survivors (4096K)
 Metaspace       used 65796K, committed 67392K, reserved 1114112K
  class space    used 9066K, committed 9856K, reserved 1048576K
}
Event: 12.910 GC heap after
{Heap after GC invocations=22 (full 0):
 garbage-first heap   total 92160K, used 47692K [0x0000000080000000, 0x0000000100000000)
  region size 1024K, 4 young (4096K), 4 survivors (4096K)
 Metaspace       used 65796K, committed 67392K, reserved 1114112K
  class space    used 9066K, committed 9856K, reserved 1048576K
}
Event: 13.267 GC heap before
{Heap before GC invocations=22 (full 0):
 garbage-first heap   total 92160K, used 79436K [0x0000000080000000, 0x0000000100000000)
  region size 1024K, 36 young (36864K), 4 survivors (4096K)
 Metaspace       used 65929K, committed 67520K, reserved 1114112K
  class space    used 9066K, committed 9856K, reserved 1048576K
}
Event: 13.273 GC heap after
{Heap after GC invocations=23 (full 0):
 garbage-first heap   total 110592K, used 48517K [0x0000000080000000, 0x0000000100000000)
  region size 1024K, 4 young (4096K), 4 survivors (4096K)
 Metaspace       used 65929K, committed 67520K, reserved 1114112K
  class space    used 9066K, committed 9856K, reserved 1048576K
}
Event: 13.965 GC heap before
{Heap before GC invocations=24 (full 0):
 garbage-first heap   total 110592K, used 98693K [0x0000000080000000, 0x0000000100000000)
  region size 1024K, 51 young (52224K), 4 survivors (4096K)
 Metaspace       used 66588K, committed 68224K, reserved 1114112K
  class space    used 9181K, committed 9984K, reserved 1048576K
}
Event: 13.971 GC heap after
{Heap after GC invocations=25 (full 0):
 garbage-first heap   total 110592K, used 55145K [0x0000000080000000, 0x0000000100000000)
  region size 1024K, 7 young (7168K), 7 survivors (7168K)
 Metaspace       used 66588K, committed 68224K, reserved 1114112K
  class space    used 9181K, committed 9984K, reserved 1048576K
}
Event: 14.885 GC heap before
{Heap before GC invocations=25 (full 0):
 garbage-first heap   total 110592K, used 99177K [0x0000000080000000, 0x0000000100000000)
  region size 1024K, 47 young (48128K), 7 survivors (7168K)
 Metaspace       used 69682K, committed 71360K, reserved 1114112K
  class space    used 9584K, committed 10432K, reserved 1048576K
}
Event: 14.897 GC heap after
{Heap after GC invocations=26 (full 0):
 garbage-first heap   total 113664K, used 61401K [0x0000000080000000, 0x0000000100000000)
  region size 1024K, 5 young (5120K), 5 survivors (5120K)
 Metaspace       used 69682K, committed 71360K, reserved 1114112K
  class space    used 9584K, committed 10432K, reserved 1048576K
}

Dll operation events (3 events):
Event: 0.015 Loaded shared library C:\Program Files\Android\Android Studio\jbr\bin\java.dll
Event: 0.023 Loaded shared library C:\Program Files\Android\Android Studio\jbr\bin\zip.dll
Event: 0.927 Loaded shared library C:\Program Files\Android\Android Studio\jbr\bin\verify.dll

Deoptimization events (20 events):
Event: 14.727 Thread 0x0000023664cc9480 DEOPT PACKING pc=0x0000023651af9394 sp=0x0000008dae5f50e0
Event: 14.727 Thread 0x0000023664cc9480 DEOPT UNPACKING pc=0x00000236514846a2 sp=0x0000008dae5f5140 mode 2
Event: 14.914 Thread 0x0000023664cc9480 DEOPT PACKING pc=0x000002364aaecd69 sp=0x0000008dae5f2c30
Event: 14.914 Thread 0x0000023664cc9480 DEOPT UNPACKING pc=0x0000023651484e42 sp=0x0000008dae5f2140 mode 0
Event: 15.163 Thread 0x0000023664cc9480 Uncommon trap: trap_request=0xffffffde fr.pc=0x0000023651be8264 relative=0x00000000000003c4
Event: 15.163 Thread 0x0000023664cc9480 Uncommon trap: reason=class_check action=maybe_recompile pc=0x0000023651be8264 method=java.util.stream.AbstractPipeline.copyIntoWithCancel(Ljava/util/stream/Sink;Ljava/util/Spliterator;)Z @ 32 c2
Event: 15.163 Thread 0x0000023664cc9480 DEOPT PACKING pc=0x0000023651be8264 sp=0x0000008dae5f6560
Event: 15.163 Thread 0x0000023664cc9480 DEOPT UNPACKING pc=0x00000236514846a2 sp=0x0000008dae5f6420 mode 2
Event: 15.163 Thread 0x0000023664cc9480 Uncommon trap: trap_request=0xffffffde fr.pc=0x0000023651be8264 relative=0x00000000000003c4
Event: 15.163 Thread 0x0000023664cc9480 Uncommon trap: reason=class_check action=maybe_recompile pc=0x0000023651be8264 method=java.util.stream.AbstractPipeline.copyIntoWithCancel(Ljava/util/stream/Sink;Ljava/util/Spliterator;)Z @ 32 c2
Event: 15.163 Thread 0x0000023664cc9480 DEOPT PACKING pc=0x0000023651be8264 sp=0x0000008dae5f6560
Event: 15.163 Thread 0x0000023664cc9480 DEOPT UNPACKING pc=0x00000236514846a2 sp=0x0000008dae5f6420 mode 2
Event: 15.163 Thread 0x0000023664cc9480 Uncommon trap: trap_request=0xffffffde fr.pc=0x0000023651be8264 relative=0x00000000000003c4
Event: 15.163 Thread 0x0000023664cc9480 Uncommon trap: reason=class_check action=maybe_recompile pc=0x0000023651be8264 method=java.util.stream.AbstractPipeline.copyIntoWithCancel(Ljava/util/stream/Sink;Ljava/util/Spliterator;)Z @ 32 c2
Event: 15.163 Thread 0x0000023664cc9480 DEOPT PACKING pc=0x0000023651be8264 sp=0x0000008dae5f6560
Event: 15.163 Thread 0x0000023664cc9480 DEOPT UNPACKING pc=0x00000236514846a2 sp=0x0000008dae5f6420 mode 2
Event: 15.322 Thread 0x0000023664cc9480 Uncommon trap: trap_request=0xffffff45 fr.pc=0x0000023651c0c754 relative=0x0000000000000134
Event: 15.322 Thread 0x0000023664cc9480 Uncommon trap: reason=unstable_if action=reinterpret pc=0x0000023651c0c754 method=org.objectweb.asm.ByteVector.putInt(I)Lorg/objectweb/asm/ByteVector; @ 13 c2
Event: 15.322 Thread 0x0000023664cc9480 DEOPT PACKING pc=0x0000023651c0c754 sp=0x0000008dae5f6ed0
Event: 15.322 Thread 0x0000023664cc9480 DEOPT UNPACKING pc=0x00000236514846a2 sp=0x0000008dae5f6e58 mode 2

Classes loaded (20 events):
Event: 14.088 Loading class sun/invoke/util/ValueConversions$1
Event: 14.088 Loading class sun/invoke/util/ValueConversions$1 done
Event: 14.089 Loading class java/lang/invoke/BoundMethodHandle$Species_LI
Event: 14.089 Loading class java/lang/invoke/BoundMethodHandle$Species_LI done
Event: 14.532 Loading class java/lang/invoke/BoundMethodHandle$Species_LJ
Event: 14.532 Loading class java/lang/invoke/BoundMethodHandle$Species_LJ done
Event: 14.533 Loading class java/lang/invoke/BoundMethodHandle$Species_LLLJ
Event: 14.534 Loading class java/lang/invoke/BoundMethodHandle$Species_LLLJ done
Event: 14.765 Loading class java/io/StringReader
Event: 14.765 Loading class java/io/StringReader done
Event: 14.849 Loading class java/util/concurrent/atomic/AtomicIntegerArray
Event: 14.849 Loading class java/util/concurrent/atomic/AtomicIntegerArray done
Event: 14.854 Loading class java/util/Currency
Event: 14.855 Loading class java/util/Currency done
Event: 14.909 Loading class java/util/concurrent/atomic/AtomicLongArray
Event: 14.909 Loading class java/util/concurrent/atomic/AtomicLongArray done
Event: 15.159 Loading class sun/text/resources/cldr/FormatData_en
Event: 15.161 Loading class sun/text/resources/cldr/FormatData_en done
Event: 15.161 Loading class sun/text/resources/cldr/FormatData_en_US
Event: 15.161 Loading class sun/text/resources/cldr/FormatData_en_US done

Classes unloaded (0 events):
No events

Classes redefined (0 events):
No events

Internal exceptions (20 events):
Event: 11.960 Thread 0x0000023664cc9480 Exception <a 'java/lang/NoSuchMethodError'{0x00000000833169a0}: 'java.lang.Object java.lang.invoke.Invokers$Holder.linkToTargetMethod(java.lang.Object, java.lang.Object, java.lang.Object, int, java.lang.Object, java.lang.Object)'> (0x00000000833169a0) 
thrown [s\src\hotspot\share\interpreter\linkResolver.cpp, line 784]
Event: 12.555 Thread 0x0000023664cc9480 Exception <a 'java/lang/NoSuchMethodError'{0x0000000085166b30}: 'java.lang.Object java.lang.invoke.DirectMethodHandle$Holder.invokeSpecialIFC(java.lang.Object, java.lang.Object, java.lang.Object)'> (0x0000000085166b30) 
thrown [s\src\hotspot\share\interpreter\linkResolver.cpp, line 784]
Event: 13.635 Thread 0x0000023664cc9480 Exception <a 'java/lang/NoSuchMethodError'{0x00000000848601b0}: 'void java.lang.invoke.DirectMethodHandle$Holder.invokeInterface(java.lang.Object, java.lang.Object, java.lang.Object, java.lang.Object)'> (0x00000000848601b0) 
thrown [s\src\hotspot\share\interpreter\linkResolver.cpp, line 784]
Event: 13.639 Thread 0x0000023664cc9480 Exception <a 'java/lang/NoSuchMethodError'{0x000000008487a400}: 'long java.lang.invoke.DirectMethodHandle$Holder.invokeVirtual(java.lang.Object, java.lang.Object)'> (0x000000008487a400) 
thrown [s\src\hotspot\share\interpreter\linkResolver.cpp, line 784]
Event: 13.646 Thread 0x0000023664cca830 Exception <a 'java/lang/NoSuchMethodError'{0x00000000848b9670}: static Lorg/gradle/internal/build/event/types/DefaultOperationFinishedProgressEvent;.<clinit>()V> (0x00000000848b9670) 
thrown [s\src\hotspot\share\prims\jni.cpp, line 1126]
Event: 13.653 Thread 0x0000023664cca830 Exception <a 'java/lang/NoSuchMethodError'{0x0000000084702eb0}: static Lorg/gradle/internal/build/event/types/DefaultProjectConfigurationSuccessResult;.<clinit>()V> (0x0000000084702eb0) 
thrown [s\src\hotspot\share\prims\jni.cpp, line 1126]
Event: 13.653 Thread 0x0000023664cca830 Exception <a 'java/lang/NoSuchMethodError'{0x00000000847044a8}: static Lorg/gradle/internal/build/event/types/AbstractProjectConfigurationResult;.<clinit>()V> (0x00000000847044a8) 
thrown [s\src\hotspot\share\prims\jni.cpp, line 1126]
Event: 13.653 Thread 0x0000023664cca830 Exception <a 'java/lang/NoSuchMethodError'{0x0000000084705d90}: static Lorg/gradle/internal/build/event/types/AbstractOperationResult;.<clinit>()V> (0x0000000084705d90) 
thrown [s\src\hotspot\share\prims\jni.cpp, line 1126]
Event: 13.653 Thread 0x0000023664cca830 Exception <a 'java/lang/NoSuchMethodError'{0x0000000084707248}: static Lorg/gradle/internal/build/event/types/AbstractResult;.<clinit>()V> (0x0000000084707248) 
thrown [s\src\hotspot\share\prims\jni.cpp, line 1126]
Event: 13.657 Thread 0x0000023664cca830 Exception <a 'java/lang/NoSuchMethodError'{0x0000000084721258}: static Lorg/gradle/internal/build/event/types/DefaultPluginApplicationResult;.<clinit>()V> (0x0000000084721258) 
thrown [s\src\hotspot\share\prims\jni.cpp, line 1126]
Event: 13.659 Thread 0x0000023664cca830 Exception <a 'java/lang/NoSuchMethodError'{0x0000000084751528}: static Lorg/gradle/internal/build/event/types/DefaultBinaryPluginIdentifier;.<clinit>()V> (0x0000000084751528) 
thrown [s\src\hotspot\share\prims\jni.cpp, line 1126]
Event: 13.664 Thread 0x0000023664cca830 Exception <a 'java/lang/NoSuchMethodError'{0x00000000847b3698}: static Lorg/gradle/internal/build/event/types/DefaultScriptPluginIdentifier;.<clinit>()V> (0x00000000847b3698) 
thrown [s\src\hotspot\share\prims\jni.cpp, line 1126]
Event: 13.787 Thread 0x0000023664cc9480 Exception <a 'java/lang/NoSuchMethodError'{0x0000000084295020}: 'void java.lang.invoke.Invokers$Holder.invoke_MT(java.lang.Object, java.lang.Object, java.lang.Object, java.lang.Object)'> (0x0000000084295020) 
thrown [s\src\hotspot\share\interpreter\linkResolver.cpp, line 784]
Event: 13.804 Thread 0x0000023664cc9480 Exception <a 'java/lang/NoSuchMethodError'{0x0000000084110198}: 'java.lang.Object java.lang.invoke.DirectMethodHandle$Holder.invokeSpecial(java.lang.Object, java.lang.Object, java.lang.Object, int, java.lang.Object, java.lang.Object)'> (0x0000000084110198) 
thrown [s\src\hotspot\share\interpreter\linkResolver.cpp, line 784]
Event: 14.082 Thread 0x0000023664cc9480 Exception <a 'java/lang/ClassNotFoundException'{0x000000008684fee0}: sun/misc/SharedSecrets> (0x000000008684fee0) 
thrown [s\src\hotspot\share\classfile\systemDictionary.cpp, line 312]
Event: 14.082 Thread 0x0000023664cc9480 Exception <a 'java/lang/ClassNotFoundException'{0x00000000868514f8}: org/gradle/api/internal/plugins/DefaultObjectConfigurationActionBeanInfo> (0x00000000868514f8) 
thrown [s\src\hotspot\share\classfile\systemDictionary.cpp, line 312]
Event: 14.084 Thread 0x0000023664cc9480 Exception <a 'java/lang/ClassNotFoundException'{0x0000000086864ec0}: org/gradle/api/internal/plugins/DefaultObjectConfigurationActionCustomizer> (0x0000000086864ec0) 
thrown [s\src\hotspot\share\classfile\systemDictionary.cpp, line 312]
Event: 14.087 Thread 0x0000023664cc9480 Implicit null exception at 0x0000023651b0fa72 to 0x0000023651b0fcf0
Event: 14.088 Thread 0x0000023664cc9480 Exception <a 'java/lang/NoSuchMethodError'{0x0000000086872598}: 'int java.lang.invoke.DirectMethodHandle$Holder.invokeSpecial(java.lang.Object, java.lang.Object, java.lang.Object, int)'> (0x0000000086872598) 
thrown [s\src\hotspot\share\interpreter\linkResolver.cpp, line 784]
Event: 14.090 Thread 0x0000023664cc9480 Exception <a 'java/lang/NoSuchMethodError'{0x0000000086883a30}: 'java.lang.Object java.lang.invoke.DirectMethodHandle$Holder.invokeStatic(java.lang.Object, java.lang.Object, java.lang.Object, java.lang.Object, int)'> (0x0000000086883a30) 
thrown [s\src\hotspot\share\interpreter\linkResolver.cpp, line 784]

ZGC Phase Switch (0 events):
No events

VM Operations (20 events):
Event: 12.647 Executing VM operation: G1CollectForAllocation (G1 Evacuation Pause)
Event: 12.661 Executing VM operation: G1CollectForAllocation (G1 Evacuation Pause) done
Event: 12.903 Executing VM operation: G1CollectForAllocation (G1 Evacuation Pause)
Event: 12.912 Executing VM operation: G1CollectForAllocation (G1 Evacuation Pause) done
Event: 13.267 Executing VM operation: G1CollectForAllocation (G1 Evacuation Pause)
Event: 13.274 Executing VM operation: G1CollectForAllocation (G1 Evacuation Pause) done
Event: 13.363 Executing VM operation: G1PauseRemark
Event: 13.372 Executing VM operation: G1PauseRemark done
Event: 13.386 Executing VM operation: HandshakeAllThreads (Deoptimize)
Event: 13.388 Executing VM operation: HandshakeAllThreads (Deoptimize) done
Event: 13.419 Executing VM operation: G1PauseCleanup
Event: 13.419 Executing VM operation: G1PauseCleanup done
Event: 13.740 Executing VM operation: ICBufferFull
Event: 13.740 Executing VM operation: ICBufferFull done
Event: 13.902 Executing VM operation: HandshakeAllThreads (Deoptimize)
Event: 13.902 Executing VM operation: HandshakeAllThreads (Deoptimize) done
Event: 13.965 Executing VM operation: G1CollectForAllocation (G1 Evacuation Pause)
Event: 13.971 Executing VM operation: G1CollectForAllocation (G1 Evacuation Pause) done
Event: 14.884 Executing VM operation: G1CollectForAllocation (G1 Evacuation Pause)
Event: 14.897 Executing VM operation: G1CollectForAllocation (G1 Evacuation Pause) done

Events (20 events):
Event: 13.367 Thread 0x000002365e456b60 flushing nmethod 0x0000023651c1ff10
Event: 13.367 Thread 0x000002365e456b60 flushing nmethod 0x0000023651c09710
Event: 13.367 Thread 0x000002365e456b60 flushing nmethod 0x0000023651c46310
Event: 13.367 Thread 0x000002365e456b60 flushing nmethod 0x0000023651b1ed10
Event: 13.368 Thread 0x000002365e456b60 flushing nmethod 0x0000023651bcec10
Event: 13.368 Thread 0x000002365e456b60 flushing nmethod 0x0000023651bde990
Event: 13.368 Thread 0x000002365e456b60 flushing nmethod 0x0000023651bc7010
Event: 13.368 Thread 0x000002365e456b60 flushing nmethod 0x0000023651ba3190
Event: 13.368 Thread 0x000002365e456b60 flushing nmethod 0x0000023651b87310
Event: 13.368 Thread 0x000002365e456b60 flushing nmethod 0x0000023651b96a10
Event: 13.368 Thread 0x000002365e456b60 flushing nmethod 0x0000023651b95810
Event: 13.368 Thread 0x000002365e456b60 flushing nmethod 0x0000023651b04a10
Event: 13.368 Thread 0x000002365e456b60 flushing nmethod 0x0000023651b11810
Event: 13.368 Thread 0x000002365e456b60 flushing nmethod 0x0000023651ab1890
Event: 13.368 Thread 0x000002365e456b60 flushing nmethod 0x0000023651a91a10
Event: 13.368 Thread 0x000002365e456b60 flushing nmethod 0x0000023651aafe90
Event: 13.368 Thread 0x000002365e456b60 flushing nmethod 0x0000023651a16990
Event: 13.368 Thread 0x000002365e456b60 flushing nmethod 0x0000023651a62190
Event: 13.368 Thread 0x000002365e456b60 flushing nmethod 0x0000023651a04d10
Event: 15.270 Thread 0x00000236632c1f60 Thread added: 0x00000236632c1f60


Dynamic libraries:
0x00007ff6bbc60000 - 0x00007ff6bbc6a000 	C:\Program Files\Android\Android Studio\jbr\bin\java.exe
0x00007ff9d3170000 - 0x00007ff9d3368000 	C:\Windows\SYSTEM32\ntdll.dll
0x00007ff9d17d0000 - 0x00007ff9d1892000 	C:\Windows\System32\KERNEL32.DLL
0x00007ff9d09e0000 - 0x00007ff9d0cd6000 	C:\Windows\System32\KERNELBASE.dll
0x00007ff9d0ce0000 - 0x00007ff9d0de0000 	C:\Windows\System32\ucrtbase.dll
0x00007ff9c0af0000 - 0x00007ff9c0b0b000 	C:\Program Files\Android\Android Studio\jbr\bin\VCRUNTIME140.dll
0x00007ff9c28a0000 - 0x00007ff9c28b8000 	C:\Program Files\Android\Android Studio\jbr\bin\jli.dll
0x00007ff9d18a0000 - 0x00007ff9d1a3d000 	C:\Windows\System32\USER32.dll
0x00007ff9d09b0000 - 0x00007ff9d09d2000 	C:\Windows\System32\win32u.dll
0x00007ff9bf4a0000 - 0x00007ff9bf73a000 	C:\Windows\WinSxS\amd64_microsoft.windows.common-controls_6595b64144ccf1df_6.0.19041.5794_none_60bcd33171f2783c\COMCTL32.dll
0x00007ff9d11a0000 - 0x00007ff9d11cb000 	C:\Windows\System32\GDI32.dll
0x00007ff9d3090000 - 0x00007ff9d312e000 	C:\Windows\System32\msvcrt.dll
0x00007ff9d1000000 - 0x00007ff9d111a000 	C:\Windows\System32\gdi32full.dll
0x00007ff9d0860000 - 0x00007ff9d08fd000 	C:\Windows\System32\msvcp_win.dll
0x00007ff9d2bd0000 - 0x00007ff9d2bff000 	C:\Windows\System32\IMM32.DLL
0x00007ff9cb6d0000 - 0x00007ff9cb6dc000 	C:\Program Files\Android\Android Studio\jbr\bin\vcruntime140_1.dll
0x00007ff9a4a20000 - 0x00007ff9a4aad000 	C:\Program Files\Android\Android Studio\jbr\bin\msvcp140.dll
0x00007ff957130000 - 0x00007ff957dad000 	C:\Program Files\Android\Android Studio\jbr\bin\server\jvm.dll
0x00007ff9d1a40000 - 0x00007ff9d1aef000 	C:\Windows\System32\ADVAPI32.dll
0x00007ff9d2870000 - 0x00007ff9d290f000 	C:\Windows\System32\sechost.dll
0x00007ff9d16a0000 - 0x00007ff9d17c3000 	C:\Windows\System32\RPCRT4.dll
0x00007ff9d0de0000 - 0x00007ff9d0e07000 	C:\Windows\System32\bcrypt.dll
0x00007ff9d1c20000 - 0x00007ff9d1c8b000 	C:\Windows\System32\WS2_32.dll
0x00007ff9d0670000 - 0x00007ff9d06bb000 	C:\Windows\SYSTEM32\POWRPROF.dll
0x00007ff9c4d20000 - 0x00007ff9c4d47000 	C:\Windows\SYSTEM32\WINMM.dll
0x00007ff9c6750000 - 0x00007ff9c675a000 	C:\Windows\SYSTEM32\VERSION.dll
0x00007ff9d0650000 - 0x00007ff9d0662000 	C:\Windows\SYSTEM32\UMPDC.dll
0x00007ff9ce690000 - 0x00007ff9ce6a2000 	C:\Windows\SYSTEM32\kernel.appcore.dll
0x00007ff9c7ad0000 - 0x00007ff9c7ada000 	C:\Program Files\Android\Android Studio\jbr\bin\jimage.dll
0x00007ff9c7b80000 - 0x00007ff9c7d81000 	C:\Windows\SYSTEM32\DBGHELP.DLL
0x00007ff9bc650000 - 0x00007ff9bc684000 	C:\Windows\SYSTEM32\dbgcore.DLL
0x00007ff9d0e10000 - 0x00007ff9d0e92000 	C:\Windows\System32\bcryptPrimitives.dll
0x00007ff9c2890000 - 0x00007ff9c289e000 	C:\Program Files\Android\Android Studio\jbr\bin\instrument.dll
0x00007ff9c0a80000 - 0x00007ff9c0a9f000 	C:\Program Files\Android\Android Studio\jbr\bin\java.dll
0x00007ff9c0a60000 - 0x00007ff9c0a78000 	C:\Program Files\Android\Android Studio\jbr\bin\zip.dll
0x00007ff9d1c90000 - 0x00007ff9d23fe000 	C:\Windows\System32\SHELL32.dll
0x00007ff9ce890000 - 0x00007ff9cf033000 	C:\Windows\SYSTEM32\windows.storage.dll
0x00007ff9d2d30000 - 0x00007ff9d3083000 	C:\Windows\System32\combase.dll
0x00007ff9d01d0000 - 0x00007ff9d01fb000 	C:\Windows\SYSTEM32\Wldp.dll
0x00007ff9d12a0000 - 0x00007ff9d136d000 	C:\Windows\System32\OLEAUT32.dll
0x00007ff9d2b20000 - 0x00007ff9d2bcd000 	C:\Windows\System32\SHCORE.dll
0x00007ff9d2ac0000 - 0x00007ff9d2b15000 	C:\Windows\System32\shlwapi.dll
0x00007ff9d0740000 - 0x00007ff9d0765000 	C:\Windows\SYSTEM32\profapi.dll
0x00007ff9beaa0000 - 0x00007ff9beab0000 	C:\Program Files\Android\Android Studio\jbr\bin\net.dll
0x00007ff9c6e90000 - 0x00007ff9c6f9a000 	C:\Windows\SYSTEM32\WINHTTP.dll
0x00007ff9cfed0000 - 0x00007ff9cff3c000 	C:\Windows\system32\mswsock.dll
0x00007ff9bea80000 - 0x00007ff9bea96000 	C:\Program Files\Android\Android Studio\jbr\bin\nio.dll
0x00007ff9a2d00000 - 0x00007ff9a2d10000 	C:\Program Files\Android\Android Studio\jbr\bin\verify.dll
0x00007ff9a4ab0000 - 0x00007ff9a4ad7000 	C:\Users\Dell\.gradle\native\c067742578af261105cb4f569cf0c3c89f3d7b1fecec35dd04571415982c5e48\windows-amd64\native-platform.dll
0x00007ff9a3f70000 - 0x00007ff9a40b4000 	C:\Users\Dell\.gradle\native\100fb08df4bc3b14c8652ba06237920a3bd2aa13389f12d3474272988ae205f9\windows-amd64\native-platform-file-events.dll
0x00007ff9a7bf0000 - 0x00007ff9a7bf9000 	C:\Program Files\Android\Android Studio\jbr\bin\management.dll
0x00007ff9a7930000 - 0x00007ff9a793b000 	C:\Program Files\Android\Android Studio\jbr\bin\management_ext.dll
0x00007ff9d1260000 - 0x00007ff9d1268000 	C:\Windows\System32\PSAPI.DLL
0x00007ff9d00d0000 - 0x00007ff9d00e8000 	C:\Windows\SYSTEM32\CRYPTSP.dll
0x00007ff9cf7f0000 - 0x00007ff9cf828000 	C:\Windows\system32\rsaenh.dll
0x00007ff9d06c0000 - 0x00007ff9d06ee000 	C:\Windows\SYSTEM32\USERENV.dll
0x00007ff9d00c0000 - 0x00007ff9d00cc000 	C:\Windows\SYSTEM32\CRYPTBASE.dll
0x00007ff9cfbb0000 - 0x00007ff9cfbeb000 	C:\Windows\SYSTEM32\IPHLPAPI.DLL
0x00007ff9d1290000 - 0x00007ff9d1298000 	C:\Windows\System32\NSI.dll
0x00007ff9a9c90000 - 0x00007ff9a9c99000 	C:\Program Files\Android\Android Studio\jbr\bin\extnet.dll
0x00007ff9aae00000 - 0x00007ff9aae07000 	C:\Windows\system32\wshunix.dll

dbghelp: loaded successfully - version: 4.0.5 - missing functions: none
symbol engine: initialized successfully - sym options: 0x614 - pdb path: .;C:\Program Files\Android\Android Studio\jbr\bin;C:\Windows\SYSTEM32;C:\Windows\WinSxS\amd64_microsoft.windows.common-controls_6595b64144ccf1df_6.0.19041.5794_none_60bcd33171f2783c;C:\Program Files\Android\Android Studio\jbr\bin\server;C:\Users\Dell\.gradle\native\c067742578af261105cb4f569cf0c3c89f3d7b1fecec35dd04571415982c5e48\windows-amd64;C:\Users\Dell\.gradle\native\100fb08df4bc3b14c8652ba06237920a3bd2aa13389f12d3474272988ae205f9\windows-amd64

VM Arguments:
jvm_args: --add-opens=java.base/java.util=ALL-UNNAMED --add-opens=java.base/java.lang=ALL-UNNAMED --add-opens=java.base/java.lang.invoke=ALL-UNNAMED --add-opens=java.prefs/java.util.prefs=ALL-UNNAMED --add-exports=jdk.compiler/com.sun.tools.javac.api=ALL-UNNAMED --add-exports=jdk.compiler/com.sun.tools.javac.util=ALL-UNNAMED --add-opens=java.base/java.nio.charset=ALL-UNNAMED --add-opens=java.base/java.net=ALL-UNNAMED --add-opens=java.base/java.util.concurrent.atomic=ALL-UNNAMED -Xmx2048m -Dfile.encoding=UTF-8 -Duser.country=VN -Duser.language=vi -Duser.variant -javaagent:C:\Users\Dell\.gradle\wrapper\dists\gradle-8.9-bin\90cnw93cvbtalezasaz0blq0a\gradle-8.9\lib\agents\gradle-instrumentation-agent-8.9.jar 
java_command: org.gradle.launcher.daemon.bootstrap.GradleDaemon 8.9
java_class_path (initial): C:\Users\Dell\.gradle\wrapper\dists\gradle-8.9-bin\90cnw93cvbtalezasaz0blq0a\gradle-8.9\lib\gradle-daemon-main-8.9.jar
Launcher Type: SUN_STANDARD

[Global flags]
     intx CICompilerCount                          = 4                                         {product} {ergonomic}
     uint ConcGCThreads                            = 2                                         {product} {ergonomic}
     uint G1ConcRefinementThreads                  = 8                                         {product} {ergonomic}
   size_t G1HeapRegionSize                         = 1048576                                   {product} {ergonomic}
    uintx GCDrainStackTargetSize                   = 64                                        {product} {ergonomic}
   size_t InitialHeapSize                          = 100663296                                 {product} {ergonomic}
   size_t MarkStackSize                            = 4194304                                   {product} {ergonomic}
   size_t MaxHeapSize                              = 2147483648                                {product} {command line}
   size_t MaxNewSize                               = 1287651328                                {product} {ergonomic}
   size_t MinHeapDeltaBytes                        = 1048576                                   {product} {ergonomic}
   size_t MinHeapSize                              = 8388608                                   {product} {ergonomic}
    uintx NonNMethodCodeHeapSize                   = 5839372                                {pd product} {ergonomic}
    uintx NonProfiledCodeHeapSize                  = 122909434                              {pd product} {ergonomic}
    uintx ProfiledCodeHeapSize                     = 122909434                              {pd product} {ergonomic}
    uintx ReservedCodeCacheSize                    = 251658240                              {pd product} {ergonomic}
     bool SegmentedCodeCache                       = true                                      {product} {ergonomic}
   size_t SoftMaxHeapSize                          = 2147483648                             {manageable} {ergonomic}
     bool UseCompressedOops                        = true                           {product lp64_product} {ergonomic}
     bool UseG1GC                                  = true                                      {product} {ergonomic}
     bool UseLargePagesIndividualAllocation        = false                                  {pd product} {ergonomic}

Logging:
Log output configuration:
 #0: stdout all=warning uptime,level,tags foldmultilines=false
 #1: stderr all=off uptime,level,tags foldmultilines=false

Environment Variables:
JAVA_HOME=C:\Program Files\Java\jdk-21
PATH=C:\Python313\Scripts\;C:\Python313\;C:\Program Files (x86)\VMware\VMware Workstation\bin\;C:\Program Files\Common Files\Oracle\Java\javapath;C:\Program Files\Microsoft MPI\Bin\;C:\Windows\system32;C:\Windows;C:\Windows\System32\Wbem;C:\Windows\System32\WindowsPowerShell\v1.0\;C:\Windows\System32\OpenSSH\;C:\msys64\mingw64\bin;C:\Program Files\Java\jdk-20\bin;C:\Program Files\Azure Data Studio\bin;C:\Program Files (x86)\Microsoft SQL Server\160\DTS\Binn\;C:\Program Files (x86)\Microsoft SQL Server\160\Tools\Binn\;C:\Program Files\Microsoft SQL Server\160\Tools\Binn\;C:\Program Files\Microsoft SQL Server\Client SDK\ODBC\170\Tools\Binn\;C:\Program Files\Microsoft SQL Server\160\DTS\Binn\;C:\Windows Application\Web\apache-maven-3.6.3\bin;C:\Program Files\dotnet\;C:\Program Files\Git\cmd;C:\users\dell\pycharm community edition 2024.2.3\bin\pycharm64.exe;C:\Program Files\CMake\bin;C:\python12;C:\Users\Dell\Documents\Wireshark;C:\Program Files\nodejs\;C:\ProgramData\chocolatey\bin;C:\Program Files\Java\jdk-21;C:\Program Files\MySQL\MySQL Shell 8.0\bin\;C:\python12\Scripts\;C:\python12\;C:\Users\Dell\AppData\Local\Microsoft\WindowsApps;C:\Users\Dell\AppData\Local\Programs\Microsoft VS Code\bin;C:\Program Files\Azure Data Studio\C:\Windows Application\Web\apache-maven-3.6.3\bin;C:\Program Files\JetBrains\PyCharm 2023.2.3\bin;;C:\Users\Dell\PyCharm Community Edition 2024.2.3\bin;;C:\Users\Dell\.dotnet\tools;C:\Program Files\JetBrains\IntelliJ IDEA Community Edition 2024.3\bin;;C:\Users\Dell\Documents\Wireshark;C:\Users\Dell\AppData\Roaming\npm
USERNAME=Dell
OS=Windows_NT
PROCESSOR_IDENTIFIER=AMD64 Family 23 Model 24 Stepping 1, AuthenticAMD
TMP=C:\Users\Dell\AppData\Local\Temp
TEMP=C:\Users\Dell\AppData\Local\Temp




Periodic native trim disabled

JNI global refs:
JNI global refs: 26, weak refs: 5

JNI global refs memory usage: 835, weak refs: 833

Process memory usage:
Resident Set Size: 308244K (4% of 6174988K total physical memory with 307348K free physical memory)

OOME stack traces (most recent first):
Classloader memory used:
Loader org.gradle.internal.classloader.VisitableURLClassLoader                         : 33873K
Loader bootstrap                                                                       : 22980K
Loader org.gradle.initialization.MixInLegacyTypesClassLoader                           : 9372K
Loader org.gradle.internal.classloader.VisitableURLClassLoader$InstrumentingVisitableURLClassLoader: 4607K
Loader jdk.internal.loader.ClassLoaders$PlatformClassLoader                            : 526K
Loader jdk.internal.loader.ClassLoaders$AppClassLoader                                 : 230K
Loader jdk.internal.reflect.DelegatingClassLoader                                      : 144K
Loader org.gradle.internal.classloader.VisitableURLClassLoader                         : 116K

Classes loaded by more than one classloader:
Class Program                                                                         : loaded 4 times (x 71B)
Class com.google.common.base.Equivalence$Identity                                     : loaded 2 times (x 79B)
Class com.google.common.collect.RegularImmutableMap$KeySet                            : loaded 2 times (x 147B)
Class org.gradle.internal.classloader.FilteringClassLoader                            : loaded 2 times (x 102B)
Class [Lcom.google.common.base.AbstractIterator$State;                                : loaded 2 times (x 66B)
Class com.google.common.base.CharMatcher$IsEither                                     : loaded 2 times (x 108B)
Class org.gradle.internal.classloader.ClassLoaderHierarchy                            : loaded 2 times (x 67B)
Class com.google.common.util.concurrent.ExecutionError                                : loaded 2 times (x 79B)
Class com.google.common.collect.ImmutableList$1                                       : loaded 2 times (x 94B)
Class org.gradle.api.internal.classpath.ManifestUtil                                  : loaded 2 times (x 68B)
Class com.google.common.collect.RegularImmutableMap                                   : loaded 2 times (x 118B)
Class com.google.common.collect.ImmutableMap$MapViewOfValuesAsSingletonSets           : loaded 2 times (x 122B)
Class com.google.common.collect.UnmodifiableListIterator                              : loaded 2 times (x 92B)
Class [Lcom.google.common.cache.CacheBuilder$OneWeigher;                              : loaded 2 times (x 66B)
Class com.google.common.base.Suppliers                                                : loaded 2 times (x 68B)
Class com.google.common.base.Platform$JdkPatternCompiler                              : loaded 2 times (x 72B)
Class org.gradle.internal.classloader.DefaultClassLoaderFactory                       : loaded 2 times (x 79B)
Class com.google.common.base.CharMatcher$None                                         : loaded 2 times (x 109B)
Class org.gradle.internal.classloader.ClassLoaderVisitor                              : loaded 2 times (x 73B)
Class [Lcom.google.common.collect.ImmutableMapEntry;                                  : loaded 2 times (x 66B)
Class org.gradle.api.internal.classpath.EffectiveClassPath                            : loaded 2 times (x 87B)
Class com.google.common.collect.ImmutableEnumMap                                      : loaded 2 times (x 122B)
Class com.google.common.collect.ListMultimap                                          : loaded 2 times (x 67B)
Class com.google.common.base.Splitter                                                 : loaded 2 times (x 69B)
Class org.gradle.api.internal.DefaultClassPathProvider                                : loaded 2 times (x 73B)
Class [Lorg.gradle.api.internal.ClassPathProvider;                                    : loaded 2 times (x 66B)
Class org.gradle.api.internal.ClassPathProvider                                       : loaded 2 times (x 67B)
Class com.google.common.cache.LocalCache$LocalLoadingCache                            : loaded 2 times (x 131B)
Class com.google.common.base.AbstractIterator$State                                   : loaded 2 times (x 76B)
Class org.gradle.internal.service.UnknownServiceException                             : loaded 2 times (x 80B)
Class com.google.common.cache.LocalCache$Strength$1                                   : loaded 2 times (x 78B)
Class com.google.common.cache.LocalCache$Strength$2                                   : loaded 2 times (x 78B)
Class com.google.common.cache.LocalCache$Strength$3                                   : loaded 2 times (x 78B)
Class com.google.common.collect.MapDifference                                         : loaded 2 times (x 67B)
Class com.google.common.base.Splitter$1                                               : loaded 2 times (x 74B)
Class com.google.common.cache.CacheBuilder$NullListener                               : loaded 2 times (x 79B)
Class org.gradle.internal.classpath.TransformedClassPath                              : loaded 2 times (x 93B)
Class com.google.common.cache.CacheLoader$FunctionToCacheLoader                       : loaded 2 times (x 72B)
Class com.google.common.collect.Iterators$ArrayItr                                    : loaded 2 times (x 94B)
Class com.google.common.collect.ImmutableCollection$Builder                           : loaded 2 times (x 73B)
Class com.google.common.base.MoreObjects                                              : loaded 2 times (x 68B)
Class com.google.common.collect.Platform                                              : loaded 2 times (x 68B)
Class com.google.common.collect.UnmodifiableIterator                                  : loaded 2 times (x 77B)
Class org.gradle.internal.service.ServiceLocator                                      : loaded 2 times (x 67B)
Class com.google.common.cache.LocalCache$1                                            : loaded 2 times (x 86B)
Class com.google.common.collect.AbstractMapEntry                                      : loaded 2 times (x 78B)
Class com.google.common.cache.LocalCache$2                                            : loaded 2 times (x 139B)
Class com.google.common.collect.AbstractMultimap                                      : loaded 2 times (x 120B)
Class com.google.common.collect.RegularImmutableAsList                                : loaded 2 times (x 213B)
Class com.google.common.collect.Iterators                                             : loaded 2 times (x 68B)
Class com.google.common.base.CharMatcher$RangesMatcher                                : loaded 2 times (x 109B)
Class com.google.common.util.concurrent.UncheckedExecutionException                   : loaded 2 times (x 79B)
Class com.google.common.collect.Lists$StringAsImmutableList                           : loaded 2 times (x 204B)
Class org.gradle.kotlin.dsl.VersionCatalogAccessorsKt                                 : loaded 2 times (x 68B)
Class com.google.common.base.CharMatcher$JavaLetterOrDigit                            : loaded 2 times (x 108B)
Class org.gradle.internal.InternalTransformer                                         : loaded 2 times (x 67B)
Class com.google.common.cache.CacheLoader$UnsupportedLoadingOperationException        : loaded 2 times (x 79B)
Class com.google.common.base.CharMatcher$And                                          : loaded 2 times (x 109B)
Class org.gradle.internal.classloader.ClasspathUtil$1                                 : loaded 2 times (x 73B)
Class com.google.common.collect.IndexedImmutableSet                                   : loaded 2 times (x 147B)
Class com.google.common.collect.ImmutableMap$1                                        : loaded 2 times (x 78B)
Class com.google.common.collect.BiMap                                                 : loaded 2 times (x 67B)
Class org.gradle.api.internal.classpath.DefaultModuleRegistry$DefaultModule           : loaded 2 times (x 83B)
Class com.google.common.collect.AbstractIterator                                      : loaded 2 times (x 79B)
Class com.google.common.math.MathPreconditions                                        : loaded 2 times (x 68B)
Class com.google.common.collect.Multiset                                              : loaded 2 times (x 67B)
Class com.google.common.collect.ArrayListMultimapGwtSerializationDependencies         : loaded 2 times (x 169B)
Class com.google.common.collect.ObjectArrays                                          : loaded 2 times (x 68B)
Class com.google.common.collect.AbstractIndexedListIterator                           : loaded 2 times (x 93B)
Class com.google.common.collect.ImmutableMapEntrySet                                  : loaded 2 times (x 148B)
Class org.gradle.api.internal.classpath.Module                                        : loaded 2 times (x 67B)
Class com.google.common.cache.Weigher                                                 : loaded 2 times (x 67B)
Class org.gradle.api.internal.classpath.UnknownModuleException                        : loaded 2 times (x 79B)
Class com.google.common.cache.LocalCache$Strength                                     : loaded 2 times (x 78B)
Class com.google.common.cache.Cache                                                   : loaded 2 times (x 67B)
Class com.google.common.collect.ImmutableMap$Builder                                  : loaded 2 times (x 79B)
Class com.google.common.base.NullnessCasts                                            : loaded 2 times (x 68B)
Class com.google.common.cache.RemovalListener                                         : loaded 2 times (x 67B)
Class org.gradle.api.internal.DefaultClassPathRegistry                                : loaded 2 times (x 73B)
Class com.google.common.collect.Multimap                                              : loaded 2 times (x 67B)
Class org.gradle.api.internal.ClassPathRegistry                                       : loaded 2 times (x 67B)
Class org.gradle.internal.classpath.DefaultClassPath$ImmutableUniqueList              : loaded 2 times (x 196B)
Class com.google.common.cache.CacheBuilder                                            : loaded 2 times (x 69B)
Class com.google.common.collect.SingletonImmutableList                                : loaded 2 times (x 204B)
Class com.google.common.base.PairwiseEquivalence                                      : loaded 2 times (x 80B)
Class Settings_gradle$1                                                               : loaded 2 times (x 71B)
Class org.gradle.internal.classpath.ClassPath                                         : loaded 2 times (x 67B)
Class org.gradle.api.UncheckedIOException                                             : loaded 2 times (x 79B)
Class com.google.common.collect.ImmutableList$ReverseImmutableList                    : loaded 2 times (x 205B)
Class com.google.common.base.JdkPattern                                               : loaded 2 times (x 72B)
Class com.google.common.base.Suppliers$SupplierOfInstance                             : loaded 2 times (x 76B)
Class com.google.common.collect.Iterators$1                                           : loaded 2 times (x 78B)
Class com.google.common.collect.SingletonImmutableSet                                 : loaded 2 times (x 143B)
Class com.google.common.collect.ImmutableMap$IteratorBasedImmutableMap                : loaded 2 times (x 122B)
Class com.google.common.cache.CacheLoader                                             : loaded 2 times (x 71B)
Class com.google.common.collect.Iterators$4                                           : loaded 2 times (x 79B)
Class com.google.common.collect.ImmutableBiMap                                        : loaded 2 times (x 140B)
Class com.google.common.collect.AbstractListMultimap                                  : loaded 2 times (x 169B)
Class org.gradle.internal.installation.GradleInstallation$1                           : loaded 2 times (x 72B)
Class org.gradle.api.internal.classpath.ModuleRegistry                                : loaded 2 times (x 67B)
Class com.google.common.collect.Iterators$5                                           : loaded 2 times (x 79B)
Class com.google.common.collect.ImmutableSet$JdkBackedSetBuilderImpl                  : loaded 2 times (x 73B)
Class com.google.common.base.Splitter$SplittingIterator                               : loaded 2 times (x 81B)
Class com.google.common.cache.LocalCache$LocalManualCache$1                           : loaded 2 times (x 72B)
Class com.google.common.base.CharMatcher$ForPredicate                                 : loaded 2 times (x 109B)
Class com.google.common.collect.ImmutableCollection                                   : loaded 2 times (x 122B)
Class com.google.common.base.CharMatcher$AnyOf                                        : loaded 2 times (x 109B)
Class org.gradle.api.internal.classpath.DefaultModuleRegistry                         : loaded 2 times (x 80B)
Class com.google.common.cache.ReferenceEntry                                          : loaded 2 times (x 67B)
Class com.google.common.collect.ImmutableSet$CachingAsList                            : loaded 2 times (x 144B)
Class com.google.common.base.Converter                                                : loaded 2 times (x 87B)
Class com.google.common.collect.Lists                                                 : loaded 2 times (x 68B)
Class com.google.common.base.CharMatcher$Any                                          : loaded 2 times (x 109B)
Class com.google.common.base.FunctionalEquivalence                                    : loaded 2 times (x 80B)
Class com.google.common.collect.Iterators$9                                           : loaded 2 times (x 78B)
Class com.google.common.collect.AbstractMapBasedMultimap                              : loaded 2 times (x 136B)
Class com.google.common.collect.ImmutableAsList                                       : loaded 2 times (x 206B)
Class com.google.common.cache.CacheLoader$SupplierToCacheLoader                       : loaded 2 times (x 72B)
Class com.google.common.collect.Maps$EntryTransformer                                 : loaded 2 times (x 67B)
Class org.gradle.internal.service.ServiceLookupException                              : loaded 2 times (x 79B)
Class [Lcom.google.common.cache.LocalCache$EntryFactory;                              : loaded 2 times (x 66B)
Class com.google.common.base.CharMatcher$JavaLetter                                   : loaded 2 times (x 108B)
Class org.gradle.internal.classloader.ClassLoaderFactory                              : loaded 2 times (x 67B)
Class com.google.common.cache.LocalCache$LocalManualCache                             : loaded 2 times (x 96B)
Class com.google.common.base.CharMatcher$IsNot                                        : loaded 2 times (x 108B)
Class com.google.common.base.CommonPattern                                            : loaded 2 times (x 71B)
Class org.gradle.internal.service.CachingServiceLocator                               : loaded 2 times (x 79B)
Class com.google.common.math.IntMath                                                  : loaded 2 times (x 68B)
Class com.google.common.collect.Iterators$10                                          : loaded 2 times (x 78B)
Class com.google.common.collect.ImmutableMapEntry                                     : loaded 2 times (x 82B)
Class com.google.common.base.CharMatcher$JavaDigit                                    : loaded 2 times (x 108B)
Class com.google.common.base.Equivalence                                              : loaded 2 times (x 79B)
Class com.google.common.collect.ImmutableMapEntry$NonTerminalImmutableMapEntry        : loaded 2 times (x 82B)
Class com.google.common.base.Function                                                 : loaded 2 times (x 67B)
Class com.google.common.cache.CacheBuilder$OneWeigher                                 : loaded 2 times (x 79B)
Class com.google.common.collect.RegularImmutableList                                  : loaded 2 times (x 209B)
Class com.google.common.collect.ImmutableBiMapFauxverideShim                          : loaded 2 times (x 117B)
Class org.gradle.internal.classloader.ClasspathUtil                                   : loaded 2 times (x 68B)
Class com.google.common.collect.Maps                                                  : loaded 2 times (x 68B)
Class com.google.common.base.CharMatcher$JavaUpperCase                                : loaded 2 times (x 108B)
Class org.gradle.api.specs.Spec                                                       : loaded 2 times (x 67B)
Class [Lcom.google.common.collect.ImmutableEntry;                                     : loaded 2 times (x 66B)
Class com.google.common.base.Platform                                                 : loaded 2 times (x 68B)
Class Build_gradle$1                                                                  : loaded 2 times (x 75B)
Class com.google.common.collect.Maps$8                                                : loaded 2 times (x 79B)
Class com.google.common.base.CharMatcher$Invisible                                    : loaded 2 times (x 109B)
Class org.gradle.internal.classloader.VisitableURLClassLoader$InstrumentingVisitableURLClassLoader: loaded 2 times (x 120B)
Class [Lcom.google.common.cache.CacheBuilder$NullListener;                            : loaded 2 times (x 66B)
Class com.google.common.math.IntMath$1                                                : loaded 2 times (x 68B)
Class org.gradle.internal.classloader.VisitableURLClassLoader$Spec                    : loaded 2 times (x 71B)
Class org.gradle.internal.classpath.DefaultClassPath                                  : loaded 2 times (x 87B)
Class com.google.common.base.AbstractIterator                                         : loaded 2 times (x 77B)
Class com.google.common.collect.RegularImmutableMap$Values                            : loaded 2 times (x 204B)
Class com.google.common.collect.ImmutableSet                                          : loaded 2 times (x 142B)
Class com.google.common.base.CharMatcher$BitSetMatcher                                : loaded 2 times (x 109B)
Class com.google.common.base.CharMatcher$Ascii                                        : loaded 2 times (x 109B)
Class org.gradle.internal.classloader.ClassLoaderSpec                                 : loaded 2 times (x 68B)
Class com.google.common.cache.CacheStats                                              : loaded 2 times (x 68B)
Class com.google.common.base.CharMatcher$Or                                           : loaded 2 times (x 109B)
Class Settings_gradle$1$1                                                             : loaded 2 times (x 71B)
Class com.google.common.base.Supplier                                                 : loaded 2 times (x 67B)
Class org.gradle.internal.classloader.VisitableURLClassLoader                         : loaded 2 times (x 114B)
Class Settings_gradle                                                                 : loaded 2 times (x 125B)
Class org.gradle.internal.Cast                                                        : loaded 2 times (x 68B)
Class org.gradle.api.Action                                                           : loaded 2 times (x 67B)
Class com.google.common.base.Ticker                                                   : loaded 2 times (x 69B)
Class com.google.common.base.Strings                                                  : loaded 2 times (x 68B)
Class com.google.common.base.CharMatcher$FastMatcher                                  : loaded 2 times (x 108B)
Class org.gradle.internal.agents.InstrumentingClassLoader                             : loaded 2 times (x 67B)
Class [Lcom.google.common.cache.LocalCache$Strength;                                  : loaded 2 times (x 66B)
Class com.google.common.cache.CacheBuilder$1                                          : loaded 2 times (x 82B)
Class com.google.common.collect.ImmutableMap                                          : loaded 2 times (x 117B)
Class com.google.common.base.Predicate                                                : loaded 2 times (x 67B)
Class org.gradle.internal.classpath.DefaultClassPath$ImmutableUniqueList$Builder      : loaded 2 times (x 72B)
Class com.google.common.cache.LocalCache                                              : loaded 2 times (x 184B)
Class com.google.common.cache.CacheBuilder$2                                          : loaded 2 times (x 69B)
Class com.google.common.base.CharMatcher$NegatedFastMatcher                           : loaded 2 times (x 110B)
Class [Lcom.google.common.collect.AbstractMapEntry;                                   : loaded 2 times (x 66B)
Class com.google.common.collect.ImmutableEntry                                        : loaded 2 times (x 79B)
Class com.google.common.collect.ArrayListMultimap                                     : loaded 2 times (x 169B)
Class com.google.common.base.AbstractIterator$1                                       : loaded 2 times (x 68B)
Class com.google.common.base.CharMatcher$Digit                                        : loaded 2 times (x 109B)
Class org.gradle.api.GradleException                                                  : loaded 2 times (x 79B)
Class com.google.common.collect.CollectPreconditions                                  : loaded 2 times (x 68B)
Class com.google.common.base.CharMatcher$JavaIsoControl                               : loaded 2 times (x 109B)
Class com.google.common.collect.SortedMapDifference                                   : loaded 2 times (x 67B)
Class com.google.common.base.CharMatcher$JavaLowerCase                                : loaded 2 times (x 108B)
Class com.google.common.cache.LocalCache$EntryFactory                                 : loaded 2 times (x 80B)
Class com.google.common.base.Splitter$1$1                                             : loaded 2 times (x 83B)
Class com.google.common.base.CharMatcher$Whitespace                                   : loaded 2 times (x 109B)
Class org.gradle.internal.IoActions                                                   : loaded 2 times (x 68B)
Class com.google.common.cache.CacheLoader$InvalidCacheLoadException                   : loaded 2 times (x 79B)
Class com.google.common.collect.ImmutableSet$RegularSetBuilderImpl                    : loaded 2 times (x 74B)
Class com.google.common.base.CharMatcher$SingleWidth                                  : loaded 2 times (x 109B)
Class org.gradle.internal.classloader.SystemClassLoaderSpec                           : loaded 2 times (x 68B)
Class com.google.common.cache.LoadingCache                                            : loaded 2 times (x 67B)
Class [Lcom.google.common.cache.Weigher;                                              : loaded 2 times (x 66B)
Class com.google.common.collect.RegularImmutableMap$BucketOverflowException           : loaded 2 times (x 79B)
Class com.google.common.cache.LocalCache$ValueReference                               : loaded 2 times (x 67B)
Class com.google.common.base.CharMatcher$Negated                                      : loaded 2 times (x 110B)
Class com.google.common.base.CharMatcher$Is                                           : loaded 2 times (x 108B)
Class com.google.common.base.Equivalence$Equals                                       : loaded 2 times (x 79B)
Class com.google.common.collect.Hashing                                               : loaded 2 times (x 68B)
Class com.google.common.base.PatternCompiler                                          : loaded 2 times (x 67B)
Class com.google.common.base.Preconditions                                            : loaded 2 times (x 68B)
Class com.google.common.collect.PeekingIterator                                       : loaded 2 times (x 67B)
Class com.google.common.base.CharMatcher                                              : loaded 2 times (x 108B)
Class com.google.common.cache.LocalCache$EntryFactory$1                               : loaded 2 times (x 80B)
Class [Lcom.google.common.cache.RemovalListener;                                      : loaded 2 times (x 66B)
Class com.google.common.base.CharMatcher$1                                            : loaded 2 times (x 110B)
Class com.google.common.base.CharMatcher$NamedFastMatcher                             : loaded 2 times (x 109B)
Class com.google.common.cache.LocalCache$EntryFactory$2                               : loaded 2 times (x 80B)
Class com.google.common.cache.LocalCache$EntryFactory$3                               : loaded 2 times (x 80B)
Class com.google.common.base.Ticker$1                                                 : loaded 2 times (x 69B)
Class com.google.common.collect.ImmutableMapEntrySet$RegularEntrySet                  : loaded 2 times (x 148B)
Class com.google.common.collect.Maps$BiMapConverter                                   : loaded 2 times (x 87B)
Class com.google.common.cache.LocalCache$EntryFactory$4                               : loaded 2 times (x 80B)
Class com.google.common.collect.ImmutableSet$Builder                                  : loaded 2 times (x 82B)
Class com.google.common.base.CharMatcher$InRange                                      : loaded 2 times (x 108B)
Class com.google.common.cache.LocalCache$EntryFactory$5                               : loaded 2 times (x 80B)
Class com.google.common.cache.LocalCache$EntryFactory$6                               : loaded 2 times (x 80B)
Class Build_gradle                                                                    : loaded 2 times (x 69B)
Class org.gradle.internal.installation.CurrentGradleInstallationLocator               : loaded 2 times (x 68B)
Class com.google.common.cache.LocalCache$EntryFactory$7                               : loaded 2 times (x 80B)
Class com.google.common.collect.ImmutableSet$EmptySetBuilderImpl                      : loaded 2 times (x 73B)
Class com.google.common.collect.ImmutableList                                         : loaded 2 times (x 203B)
Class org.gradle.internal.service.DefaultServiceLocator                               : loaded 2 times (x 80B)
Class com.google.common.cache.LocalCache$EntryFactory$8                               : loaded 2 times (x 80B)
Class com.google.common.collect.ImmutableSet$SetBuilderImpl                           : loaded 2 times (x 73B)
Class org.gradle.internal.installation.CurrentGradleInstallation                      : loaded 2 times (x 70B)
Class com.google.common.cache.CacheLoader$1                                           : loaded 2 times (x 72B)
Class com.google.common.collect.ImmutableList$SubList                                 : loaded 2 times (x 205B)
Class org.gradle.util.internal.GUtil                                                  : loaded 2 times (x 68B)
Class com.google.common.cache.AbstractCache$StatsCounter                              : loaded 2 times (x 67B)
Class com.google.common.collect.Iterators$MergingIterator                             : loaded 2 times (x 78B)
Class com.google.common.collect.RegularImmutableSet                                   : loaded 2 times (x 145B)
Class org.gradle.internal.installation.GradleInstallation                             : loaded 2 times (x 72B)
Class com.google.common.collect.Iterables                                             : loaded 2 times (x 68B)
Class com.google.common.base.Splitter$Strategy                                        : loaded 2 times (x 67B)

---------------  S Y S T E M  ---------------

OS:
 Windows 10 , 64 bit Build 19041 (10.0.19041.5794)
OS uptime: 0 days 21:52 hours

CPU: total 8 (initial active 8) (8 cores per cpu, 2 threads per core) family 23 model 24 stepping 1 microcode 0x0, cx8, cmov, fxsr, ht, mmx, 3dnowpref, sse, sse2, sse3, ssse3, sse4a, sse4.1, sse4.2, popcnt, lzcnt, tsc, tscinvbit, avx, avx2, aes, clmul, bmi1, bmi2, adx, sha, fma, vzeroupper, clflush, clflushopt, rdtscp, f16c
Processor Information for all 8 processors :
  Max Mhz: 2100, Current Mhz: 2100, Mhz Limit: 2100

Memory: 4k page, system-wide physical 6030M (298M free)
TotalPageFile size 14632M (AvailPageFile size 11M)
current process WorkingSet (physical memory assigned to process): 299M, peak: 307M
current process commit charge ("private bytes"): 357M, peak: 359M

vm_info: OpenJDK 64-Bit Server VM (21.0.3+-12282718-b509.11) for windows-amd64 JRE (21.0.3+-12282718-b509.11), built on 2024-08-27T17:34:15Z by "builder" with MS VC++ 16.10 / 16.11 (VS2019)

END.
